[0.008s] Invoking command in '/home/aurelien/dev_ws/build/articubot_one': CMAKE_PREFIX_PATH=/opt/ros/humble:${CMAKE_PREFIX_PATH} /usr/bin/cmake --build /home/aurelien/dev_ws/build/articubot_one -- -j16 -l16
[0.028s] Invoked command in '/home/aurelien/dev_ws/build/articubot_one' returned '0': CMAKE_PREFIX_PATH=/opt/ros/humble:${CMAKE_PREFIX_PATH} /usr/bin/cmake --build /home/aurelien/dev_ws/build/articubot_one -- -j16 -l16
[0.047s] Invoking command in '/home/aurelien/dev_ws/build/articubot_one': CMAKE_PREFIX_PATH=/opt/ros/humble:${CMAKE_PREFIX_PATH} /usr/bin/cmake --install /home/aurelien/dev_ws/build/articubot_one
[0.051s] -- Install configuration: ""
[0.051s] -- Execute custom install script
[0.052s] -- Up-to-date symlink: /home/aurelien/dev_ws/install/articubot_one/share/articubot_one/config/empty.yaml
[0.052s] -- Up-to-date symlink: /home/aurelien/dev_ws/install/articubot_one/share/articubot_one/description/robot.urdf.xacro
[0.052s] -- Up-to-date symlink: /home/aurelien/dev_ws/install/articubot_one/share/articubot_one/description/robot_core.xacro
[0.052s] -- Up-to-date symlink: /home/aurelien/dev_ws/install/articubot_one/share/articubot_one/launch/rsp.launch.py
[0.052s] -- Up-to-date symlink: /home/aurelien/dev_ws/install/articubot_one/share/articubot_one/worlds/empty.world
[0.052s] -- Up-to-date symlink: /home/aurelien/dev_ws/install/articubot_one/share/ament_index/resource_index/package_run_dependencies/articubot_one
[0.052s] -- Up-to-date symlink: /home/aurelien/dev_ws/install/articubot_one/share/ament_index/resource_index/parent_prefix_path/articubot_one
[0.053s] -- Up-to-date symlink: /home/aurelien/dev_ws/install/articubot_one/share/articubot_one/environment/ament_prefix_path.sh
[0.053s] -- Up-to-date symlink: /home/aurelien/dev_ws/install/articubot_one/share/articubot_one/environment/ament_prefix_path.dsv
[0.053s] -- Up-to-date symlink: /home/aurelien/dev_ws/install/articubot_one/share/articubot_one/environment/path.sh
[0.053s] -- Up-to-date symlink: /home/aurelien/dev_ws/install/articubot_one/share/articubot_one/environment/path.dsv
[0.053s] -- Up-to-date symlink: /home/aurelien/dev_ws/install/articubot_one/share/articubot_one/local_setup.bash
[0.053s] -- Up-to-date symlink: /home/aurelien/dev_ws/install/articubot_one/share/articubot_one/local_setup.sh
[0.053s] -- Up-to-date symlink: /home/aurelien/dev_ws/install/articubot_one/share/articubot_one/local_setup.zsh
[0.053s] -- Up-to-date symlink: /home/aurelien/dev_ws/install/articubot_one/share/articubot_one/local_setup.dsv
[0.053s] -- Symlinking: /home/aurelien/dev_ws/install/articubot_one/share/articubot_one/package.dsv
[0.058s] -- Up-to-date symlink: /home/aurelien/dev_ws/install/articubot_one/share/ament_index/resource_index/packages/articubot_one
[0.058s] -- Up-to-date symlink: /home/aurelien/dev_ws/install/articubot_one/share/articubot_one/cmake/articubot_oneConfig.cmake
[0.058s] -- Up-to-date symlink: /home/aurelien/dev_ws/install/articubot_one/share/articubot_one/cmake/articubot_oneConfig-version.cmake
[0.058s] -- Up-to-date symlink: /home/aurelien/dev_ws/install/articubot_one/share/articubot_one/package.xml
[0.060s] Invoked command in '/home/aurelien/dev_ws/build/articubot_one' returned '0': CMAKE_PREFIX_PATH=/opt/ros/humble:${CMAKE_PREFIX_PATH} /usr/bin/cmake --install /home/aurelien/dev_ws/build/articubot_one
