[0.217s] DEBUG:colcon:Command line arguments: ['/usr/bin/colcon', 'build', '--symlink-install']
[0.217s] DEBUG:colcon:Parsed command line arguments: Namespace(log_base=None, log_level=None, verb_name='build', build_base='build', install_base='install', merge_install=False, symlink_install=True, test_result_base=None, continue_on_error=False, executor='parallel', parallel_workers=16, event_handlers=None, ignore_user_meta=False, metas=['./colcon.meta'], base_paths=['.'], packages_ignore=None, packages_ignore_regex=None, paths=None, packages_up_to=None, packages_up_to_regex=None, packages_above=None, packages_above_and_dependencies=None, packages_above_depth=None, packages_select_by_dep=None, packages_skip_by_dep=None, packages_skip_up_to=None, packages_select_build_failed=False, packages_skip_build_finished=False, packages_select_test_failures=False, packages_skip_test_passed=False, packages_select=None, packages_skip=None, packages_select_regex=None, packages_skip_regex=None, packages_start=None, packages_end=None, allow_overriding=[], cmake_args=None, cmake_target=None, cmake_target_skip_unavailable=False, cmake_clean_cache=False, cmake_clean_first=False, cmake_force_configure=False, ament_cmake_args=None, catkin_cmake_args=None, catkin_skip_building_tests=False, verb_parser=<colcon_defaults.argument_parser.defaults.DefaultArgumentsDecorator object at 0x7ffa1e308700>, verb_extension=<colcon_core.verb.build.BuildVerb object at 0x7ffa1ecc3760>, main=<bound method BuildVerb.main of <colcon_core.verb.build.BuildVerb object at 0x7ffa1ecc3760>>)
[0.299s] Level 1:colcon.colcon_core.package_discovery:discover_packages(colcon_meta) check parameters
[0.299s] Level 1:colcon.colcon_core.package_discovery:discover_packages(recursive) check parameters
[0.299s] Level 1:colcon.colcon_core.package_discovery:discover_packages(ignore) check parameters
[0.299s] Level 1:colcon.colcon_core.package_discovery:discover_packages(path) check parameters
[0.299s] Level 1:colcon.colcon_core.package_discovery:discover_packages(colcon_meta) discover
[0.299s] Level 1:colcon.colcon_core.package_discovery:discover_packages(recursive) discover
[0.299s] INFO:colcon.colcon_core.package_discovery:Crawling recursively for packages in '~/dev_ws'
[0.299s] Level 1:colcon.colcon_core.package_identification:_identify(.) by extensions ['ignore', 'ignore_ament_install']
[0.299s] Level 1:colcon.colcon_core.package_identification:_identify(.) by extension 'ignore'
[0.299s] Level 1:colcon.colcon_core.package_identification:_identify(.) by extension 'ignore_ament_install'
[0.299s] Level 1:colcon.colcon_core.package_identification:_identify(.) by extensions ['colcon_pkg']
[0.299s] Level 1:colcon.colcon_core.package_identification:_identify(.) by extension 'colcon_pkg'
[0.299s] Level 1:colcon.colcon_core.package_identification:_identify(.) by extensions ['colcon_meta']
[0.299s] Level 1:colcon.colcon_core.package_identification:_identify(.) by extension 'colcon_meta'
[0.299s] Level 1:colcon.colcon_core.package_identification:_identify(.) by extensions ['ros']
[0.299s] Level 1:colcon.colcon_core.package_identification:_identify(.) by extension 'ros'
[0.310s] Level 1:colcon.colcon_core.package_identification:_identify(.) by extensions ['cmake', 'python']
[0.310s] Level 1:colcon.colcon_core.package_identification:_identify(.) by extension 'cmake'
[0.310s] Level 1:colcon.colcon_core.package_identification:_identify(.) by extension 'python'
[0.310s] Level 1:colcon.colcon_core.package_identification:_identify(.) by extensions ['python_setup_py']
[0.310s] Level 1:colcon.colcon_core.package_identification:_identify(.) by extension 'python_setup_py'
[0.310s] Level 1:colcon.colcon_core.package_identification:_identify(build) by extensions ['ignore', 'ignore_ament_install']
[0.310s] Level 1:colcon.colcon_core.package_identification:_identify(build) by extension 'ignore'
[0.310s] Level 1:colcon.colcon_core.package_identification:_identify(build) ignored
[0.310s] Level 1:colcon.colcon_core.package_identification:_identify(install) by extensions ['ignore', 'ignore_ament_install']
[0.310s] Level 1:colcon.colcon_core.package_identification:_identify(install) by extension 'ignore'
[0.310s] Level 1:colcon.colcon_core.package_identification:_identify(install) ignored
[0.310s] Level 1:colcon.colcon_core.package_identification:_identify(log) by extensions ['ignore', 'ignore_ament_install']
[0.311s] Level 1:colcon.colcon_core.package_identification:_identify(log) by extension 'ignore'
[0.311s] Level 1:colcon.colcon_core.package_identification:_identify(log) ignored
[0.311s] Level 1:colcon.colcon_core.package_identification:_identify(src) by extensions ['ignore', 'ignore_ament_install']
[0.311s] Level 1:colcon.colcon_core.package_identification:_identify(src) by extension 'ignore'
[0.311s] Level 1:colcon.colcon_core.package_identification:_identify(src) by extension 'ignore_ament_install'
[0.311s] Level 1:colcon.colcon_core.package_identification:_identify(src) by extensions ['colcon_pkg']
[0.311s] Level 1:colcon.colcon_core.package_identification:_identify(src) by extension 'colcon_pkg'
[0.311s] Level 1:colcon.colcon_core.package_identification:_identify(src) by extensions ['colcon_meta']
[0.311s] Level 1:colcon.colcon_core.package_identification:_identify(src) by extension 'colcon_meta'
[0.311s] Level 1:colcon.colcon_core.package_identification:_identify(src) by extensions ['ros']
[0.311s] Level 1:colcon.colcon_core.package_identification:_identify(src) by extension 'ros'
[0.311s] Level 1:colcon.colcon_core.package_identification:_identify(src) by extensions ['cmake', 'python']
[0.311s] Level 1:colcon.colcon_core.package_identification:_identify(src) by extension 'cmake'
[0.311s] Level 1:colcon.colcon_core.package_identification:_identify(src) by extension 'python'
[0.311s] Level 1:colcon.colcon_core.package_identification:_identify(src) by extensions ['python_setup_py']
[0.311s] Level 1:colcon.colcon_core.package_identification:_identify(src) by extension 'python_setup_py'
[0.311s] Level 1:colcon.colcon_core.package_identification:_identify(src/articubot_one) by extensions ['ignore', 'ignore_ament_install']
[0.311s] Level 1:colcon.colcon_core.package_identification:_identify(src/articubot_one) by extension 'ignore'
[0.311s] Level 1:colcon.colcon_core.package_identification:_identify(src/articubot_one) by extension 'ignore_ament_install'
[0.311s] Level 1:colcon.colcon_core.package_identification:_identify(src/articubot_one) by extensions ['colcon_pkg']
[0.311s] Level 1:colcon.colcon_core.package_identification:_identify(src/articubot_one) by extension 'colcon_pkg'
[0.311s] Level 1:colcon.colcon_core.package_identification:_identify(src/articubot_one) by extensions ['colcon_meta']
[0.311s] Level 1:colcon.colcon_core.package_identification:_identify(src/articubot_one) by extension 'colcon_meta'
[0.311s] Level 1:colcon.colcon_core.package_identification:_identify(src/articubot_one) by extensions ['ros']
[0.311s] Level 1:colcon.colcon_core.package_identification:_identify(src/articubot_one) by extension 'ros'
[0.313s] DEBUG:colcon.colcon_core.package_identification:Package 'src/articubot_one' with type 'ros.ament_cmake' and name 'articubot_one'
[0.313s] Level 1:colcon.colcon_core.package_identification:_identify(src/build) by extensions ['ignore', 'ignore_ament_install']
[0.313s] Level 1:colcon.colcon_core.package_identification:_identify(src/build) by extension 'ignore'
[0.314s] Level 1:colcon.colcon_core.package_identification:_identify(src/build) ignored
[0.314s] Level 1:colcon.colcon_core.package_identification:_identify(src/install) by extensions ['ignore', 'ignore_ament_install']
[0.314s] Level 1:colcon.colcon_core.package_identification:_identify(src/install) by extension 'ignore'
[0.314s] Level 1:colcon.colcon_core.package_identification:_identify(src/install) ignored
[0.314s] Level 1:colcon.colcon_core.package_identification:_identify(src/log) by extensions ['ignore', 'ignore_ament_install']
[0.314s] Level 1:colcon.colcon_core.package_identification:_identify(src/log) by extension 'ignore'
[0.314s] Level 1:colcon.colcon_core.package_identification:_identify(src/log) ignored
[0.314s] Level 1:colcon.colcon_core.package_identification:_identify(src/serial_motor_demo) by extensions ['ignore', 'ignore_ament_install']
[0.314s] Level 1:colcon.colcon_core.package_identification:_identify(src/serial_motor_demo) by extension 'ignore'
[0.314s] Level 1:colcon.colcon_core.package_identification:_identify(src/serial_motor_demo) by extension 'ignore_ament_install'
[0.314s] Level 1:colcon.colcon_core.package_identification:_identify(src/serial_motor_demo) by extensions ['colcon_pkg']
[0.314s] Level 1:colcon.colcon_core.package_identification:_identify(src/serial_motor_demo) by extension 'colcon_pkg'
[0.314s] Level 1:colcon.colcon_core.package_identification:_identify(src/serial_motor_demo) by extensions ['colcon_meta']
[0.314s] Level 1:colcon.colcon_core.package_identification:_identify(src/serial_motor_demo) by extension 'colcon_meta'
[0.315s] Level 1:colcon.colcon_core.package_identification:_identify(src/serial_motor_demo) by extensions ['ros']
[0.315s] Level 1:colcon.colcon_core.package_identification:_identify(src/serial_motor_demo) by extension 'ros'
[0.315s] Level 1:colcon.colcon_core.package_identification:_identify(src/serial_motor_demo) by extensions ['cmake', 'python']
[0.315s] Level 1:colcon.colcon_core.package_identification:_identify(src/serial_motor_demo) by extension 'cmake'
[0.315s] Level 1:colcon.colcon_core.package_identification:_identify(src/serial_motor_demo) by extension 'python'
[0.315s] Level 1:colcon.colcon_core.package_identification:_identify(src/serial_motor_demo) by extensions ['python_setup_py']
[0.315s] Level 1:colcon.colcon_core.package_identification:_identify(src/serial_motor_demo) by extension 'python_setup_py'
[0.315s] Level 1:colcon.colcon_core.package_identification:_identify(src/serial_motor_demo/serial_motor_demo) by extensions ['ignore', 'ignore_ament_install']
[0.315s] Level 1:colcon.colcon_core.package_identification:_identify(src/serial_motor_demo/serial_motor_demo) by extension 'ignore'
[0.315s] Level 1:colcon.colcon_core.package_identification:_identify(src/serial_motor_demo/serial_motor_demo) by extension 'ignore_ament_install'
[0.315s] Level 1:colcon.colcon_core.package_identification:_identify(src/serial_motor_demo/serial_motor_demo) by extensions ['colcon_pkg']
[0.315s] Level 1:colcon.colcon_core.package_identification:_identify(src/serial_motor_demo/serial_motor_demo) by extension 'colcon_pkg'
[0.315s] Level 1:colcon.colcon_core.package_identification:_identify(src/serial_motor_demo/serial_motor_demo) by extensions ['colcon_meta']
[0.315s] Level 1:colcon.colcon_core.package_identification:_identify(src/serial_motor_demo/serial_motor_demo) by extension 'colcon_meta'
[0.315s] Level 1:colcon.colcon_core.package_identification:_identify(src/serial_motor_demo/serial_motor_demo) by extensions ['ros']
[0.315s] Level 1:colcon.colcon_core.package_identification:_identify(src/serial_motor_demo/serial_motor_demo) by extension 'ros'
[0.316s] DEBUG:colcon.colcon_core.package_identification:Package 'src/serial_motor_demo/serial_motor_demo' with type 'ros.ament_python' and name 'serial_motor_demo'
[0.316s] Level 1:colcon.colcon_core.package_identification:_identify(src/serial_motor_demo/serial_motor_demo_msgs) by extensions ['ignore', 'ignore_ament_install']
[0.316s] Level 1:colcon.colcon_core.package_identification:_identify(src/serial_motor_demo/serial_motor_demo_msgs) by extension 'ignore'
[0.316s] Level 1:colcon.colcon_core.package_identification:_identify(src/serial_motor_demo/serial_motor_demo_msgs) by extension 'ignore_ament_install'
[0.316s] Level 1:colcon.colcon_core.package_identification:_identify(src/serial_motor_demo/serial_motor_demo_msgs) by extensions ['colcon_pkg']
[0.316s] Level 1:colcon.colcon_core.package_identification:_identify(src/serial_motor_demo/serial_motor_demo_msgs) by extension 'colcon_pkg'
[0.316s] Level 1:colcon.colcon_core.package_identification:_identify(src/serial_motor_demo/serial_motor_demo_msgs) by extensions ['colcon_meta']
[0.316s] Level 1:colcon.colcon_core.package_identification:_identify(src/serial_motor_demo/serial_motor_demo_msgs) by extension 'colcon_meta'
[0.316s] Level 1:colcon.colcon_core.package_identification:_identify(src/serial_motor_demo/serial_motor_demo_msgs) by extensions ['ros']
[0.316s] Level 1:colcon.colcon_core.package_identification:_identify(src/serial_motor_demo/serial_motor_demo_msgs) by extension 'ros'
[0.317s] DEBUG:colcon.colcon_core.package_identification:Package 'src/serial_motor_demo/serial_motor_demo_msgs' with type 'ros.ament_cmake' and name 'serial_motor_demo_msgs'
[0.317s] Level 1:colcon.colcon_core.package_identification:_identify(src/urg_node2) by extensions ['ignore', 'ignore_ament_install']
[0.317s] Level 1:colcon.colcon_core.package_identification:_identify(src/urg_node2) by extension 'ignore'
[0.317s] Level 1:colcon.colcon_core.package_identification:_identify(src/urg_node2) by extension 'ignore_ament_install'
[0.317s] Level 1:colcon.colcon_core.package_identification:_identify(src/urg_node2) by extensions ['colcon_pkg']
[0.317s] Level 1:colcon.colcon_core.package_identification:_identify(src/urg_node2) by extension 'colcon_pkg'
[0.317s] Level 1:colcon.colcon_core.package_identification:_identify(src/urg_node2) by extensions ['colcon_meta']
[0.317s] Level 1:colcon.colcon_core.package_identification:_identify(src/urg_node2) by extension 'colcon_meta'
[0.317s] Level 1:colcon.colcon_core.package_identification:_identify(src/urg_node2) by extensions ['ros']
[0.317s] Level 1:colcon.colcon_core.package_identification:_identify(src/urg_node2) by extension 'ros'
[0.318s] DEBUG:colcon.colcon_core.package_identification:Package 'src/urg_node2' with type 'ros.ament_cmake' and name 'urg_node2'
[0.318s] Level 1:colcon.colcon_core.package_discovery:discover_packages(recursive) using defaults
[0.318s] Level 1:colcon.colcon_core.package_discovery:discover_packages(ignore) discover
[0.318s] Level 1:colcon.colcon_core.package_discovery:discover_packages(ignore) using defaults
[0.318s] Level 1:colcon.colcon_core.package_discovery:discover_packages(path) discover
[0.318s] Level 1:colcon.colcon_core.package_discovery:discover_packages(path) using defaults
[0.359s] Level 1:colcon.colcon_core.package_discovery:discover_packages(prefix_path) check parameters
[0.359s] Level 1:colcon.colcon_core.package_discovery:discover_packages(prefix_path) discover
[0.387s] DEBUG:colcon.colcon_installed_package_information.package_discovery:Found 4 installed packages in ~/dev_ws/install
[0.388s] DEBUG:colcon.colcon_installed_package_information.package_discovery:Found 389 installed packages in /opt/ros/humble
[0.391s] Level 1:colcon.colcon_core.package_discovery:discover_packages(prefix_path) using defaults
[0.441s] Level 5:colcon.colcon_core.verb:set package 'articubot_one' build argument 'cmake_args' from command line to 'None'
[0.441s] Level 5:colcon.colcon_core.verb:set package 'articubot_one' build argument 'cmake_target' from command line to 'None'
[0.441s] Level 5:colcon.colcon_core.verb:set package 'articubot_one' build argument 'cmake_target_skip_unavailable' from command line to 'False'
[0.441s] Level 5:colcon.colcon_core.verb:set package 'articubot_one' build argument 'cmake_clean_cache' from command line to 'False'
[0.441s] Level 5:colcon.colcon_core.verb:set package 'articubot_one' build argument 'cmake_clean_first' from command line to 'False'
[0.441s] Level 5:colcon.colcon_core.verb:set package 'articubot_one' build argument 'cmake_force_configure' from command line to 'False'
[0.441s] Level 5:colcon.colcon_core.verb:set package 'articubot_one' build argument 'ament_cmake_args' from command line to 'None'
[0.441s] Level 5:colcon.colcon_core.verb:set package 'articubot_one' build argument 'catkin_cmake_args' from command line to 'None'
[0.441s] Level 5:colcon.colcon_core.verb:set package 'articubot_one' build argument 'catkin_skip_building_tests' from command line to 'False'
[0.441s] DEBUG:colcon.colcon_core.verb:Building package 'articubot_one' with the following arguments: {'ament_cmake_args': None, 'build_base': '~/dev_ws/build/articubot_one', 'catkin_cmake_args': None, 'catkin_skip_building_tests': False, 'cmake_args': None, 'cmake_clean_cache': False, 'cmake_clean_first': False, 'cmake_force_configure': False, 'cmake_target': None, 'cmake_target_skip_unavailable': False, 'install_base': '~/dev_ws/install/articubot_one', 'merge_install': False, 'path': '~/dev_ws/src/articubot_one', 'symlink_install': True, 'test_result_base': None}
[0.442s] Level 5:colcon.colcon_core.verb:set package 'serial_motor_demo_msgs' build argument 'cmake_args' from command line to 'None'
[0.442s] Level 5:colcon.colcon_core.verb:set package 'serial_motor_demo_msgs' build argument 'cmake_target' from command line to 'None'
[0.442s] Level 5:colcon.colcon_core.verb:set package 'serial_motor_demo_msgs' build argument 'cmake_target_skip_unavailable' from command line to 'False'
[0.442s] Level 5:colcon.colcon_core.verb:set package 'serial_motor_demo_msgs' build argument 'cmake_clean_cache' from command line to 'False'
[0.442s] Level 5:colcon.colcon_core.verb:set package 'serial_motor_demo_msgs' build argument 'cmake_clean_first' from command line to 'False'
[0.442s] Level 5:colcon.colcon_core.verb:set package 'serial_motor_demo_msgs' build argument 'cmake_force_configure' from command line to 'False'
[0.442s] Level 5:colcon.colcon_core.verb:set package 'serial_motor_demo_msgs' build argument 'ament_cmake_args' from command line to 'None'
[0.442s] Level 5:colcon.colcon_core.verb:set package 'serial_motor_demo_msgs' build argument 'catkin_cmake_args' from command line to 'None'
[0.442s] Level 5:colcon.colcon_core.verb:set package 'serial_motor_demo_msgs' build argument 'catkin_skip_building_tests' from command line to 'False'
[0.442s] DEBUG:colcon.colcon_core.verb:Building package 'serial_motor_demo_msgs' with the following arguments: {'ament_cmake_args': None, 'build_base': '~/dev_ws/build/serial_motor_demo_msgs', 'catkin_cmake_args': None, 'catkin_skip_building_tests': False, 'cmake_args': None, 'cmake_clean_cache': False, 'cmake_clean_first': False, 'cmake_force_configure': False, 'cmake_target': None, 'cmake_target_skip_unavailable': False, 'install_base': '~/dev_ws/install/serial_motor_demo_msgs', 'merge_install': False, 'path': '~/dev_ws/src/serial_motor_demo/serial_motor_demo_msgs', 'symlink_install': True, 'test_result_base': None}
[0.443s] Level 5:colcon.colcon_core.verb:set package 'urg_node2' build argument 'cmake_args' from command line to 'None'
[0.443s] Level 5:colcon.colcon_core.verb:set package 'urg_node2' build argument 'cmake_target' from command line to 'None'
[0.443s] Level 5:colcon.colcon_core.verb:set package 'urg_node2' build argument 'cmake_target_skip_unavailable' from command line to 'False'
[0.443s] Level 5:colcon.colcon_core.verb:set package 'urg_node2' build argument 'cmake_clean_cache' from command line to 'False'
[0.443s] Level 5:colcon.colcon_core.verb:set package 'urg_node2' build argument 'cmake_clean_first' from command line to 'False'
[0.443s] Level 5:colcon.colcon_core.verb:set package 'urg_node2' build argument 'cmake_force_configure' from command line to 'False'
[0.443s] Level 5:colcon.colcon_core.verb:set package 'urg_node2' build argument 'ament_cmake_args' from command line to 'None'
[0.443s] Level 5:colcon.colcon_core.verb:set package 'urg_node2' build argument 'catkin_cmake_args' from command line to 'None'
[0.443s] Level 5:colcon.colcon_core.verb:set package 'urg_node2' build argument 'catkin_skip_building_tests' from command line to 'False'
[0.443s] DEBUG:colcon.colcon_core.verb:Building package 'urg_node2' with the following arguments: {'ament_cmake_args': None, 'build_base': '~/dev_ws/build/urg_node2', 'catkin_cmake_args': None, 'catkin_skip_building_tests': False, 'cmake_args': None, 'cmake_clean_cache': False, 'cmake_clean_first': False, 'cmake_force_configure': False, 'cmake_target': None, 'cmake_target_skip_unavailable': False, 'install_base': '~/dev_ws/install/urg_node2', 'merge_install': False, 'path': '~/dev_ws/src/urg_node2', 'symlink_install': True, 'test_result_base': None}
[0.444s] Level 5:colcon.colcon_core.verb:set package 'serial_motor_demo' build argument 'cmake_args' from command line to 'None'
[0.444s] Level 5:colcon.colcon_core.verb:set package 'serial_motor_demo' build argument 'cmake_target' from command line to 'None'
[0.444s] Level 5:colcon.colcon_core.verb:set package 'serial_motor_demo' build argument 'cmake_target_skip_unavailable' from command line to 'False'
[0.444s] Level 5:colcon.colcon_core.verb:set package 'serial_motor_demo' build argument 'cmake_clean_cache' from command line to 'False'
[0.444s] Level 5:colcon.colcon_core.verb:set package 'serial_motor_demo' build argument 'cmake_clean_first' from command line to 'False'
[0.444s] Level 5:colcon.colcon_core.verb:set package 'serial_motor_demo' build argument 'cmake_force_configure' from command line to 'False'
[0.444s] Level 5:colcon.colcon_core.verb:set package 'serial_motor_demo' build argument 'ament_cmake_args' from command line to 'None'
[0.444s] Level 5:colcon.colcon_core.verb:set package 'serial_motor_demo' build argument 'catkin_cmake_args' from command line to 'None'
[0.444s] Level 5:colcon.colcon_core.verb:set package 'serial_motor_demo' build argument 'catkin_skip_building_tests' from command line to 'False'
[0.444s] DEBUG:colcon.colcon_core.verb:Building package 'serial_motor_demo' with the following arguments: {'ament_cmake_args': None, 'build_base': '~/dev_ws/build/serial_motor_demo', 'catkin_cmake_args': None, 'catkin_skip_building_tests': False, 'cmake_args': None, 'cmake_clean_cache': False, 'cmake_clean_first': False, 'cmake_force_configure': False, 'cmake_target': None, 'cmake_target_skip_unavailable': False, 'install_base': '~/dev_ws/install/serial_motor_demo', 'merge_install': False, 'path': '~/dev_ws/src/serial_motor_demo/serial_motor_demo', 'symlink_install': True, 'test_result_base': None}
[0.444s] INFO:colcon.colcon_core.executor:Executing jobs using 'parallel' executor
[0.446s] DEBUG:colcon.colcon_parallel_executor.executor.parallel:run_until_complete
[0.447s] INFO:colcon.colcon_ros.task.ament_cmake.build:Building ROS package in '~/dev_ws/src/serial_motor_demo/serial_motor_demo_msgs' with build type 'ament_cmake'
[0.447s] INFO:colcon.colcon_cmake.task.cmake.build:Building CMake package in '~/dev_ws/src/serial_motor_demo/serial_motor_demo_msgs'
[0.469s] INFO:colcon.colcon_core.plugin_system:Skipping extension 'colcon_core.shell.bat': Not used on non-Windows systems
[0.469s] INFO:colcon.colcon_core.shell:Skip shell extension 'powershell' for command environment: Not usable outside of PowerShell
[0.469s] DEBUG:colcon.colcon_core.shell:Skip shell extension 'dsv' for command environment
[0.472s] DEBUG:colcon.colcon_core.shell:Ignoring prefix path '~/catkin_ws/devel'
[0.475s] INFO:colcon.colcon_ros.task.ament_cmake.build:Building ROS package in '~/dev_ws/src/articubot_one' with build type 'ament_cmake'
[0.475s] INFO:colcon.colcon_cmake.task.cmake.build:Building CMake package in '~/dev_ws/src/articubot_one'
[0.476s] INFO:colcon.colcon_core.shell:Skip shell extension 'powershell' for command environment: Not usable outside of PowerShell
[0.476s] DEBUG:colcon.colcon_core.shell:Skip shell extension 'dsv' for command environment
[0.479s] DEBUG:colcon.colcon_core.shell:Ignoring prefix path '~/catkin_ws/devel'
[0.482s] INFO:colcon.colcon_ros.task.ament_cmake.build:Building ROS package in '~/dev_ws/src/urg_node2' with build type 'ament_cmake'
[0.482s] INFO:colcon.colcon_cmake.task.cmake.build:Building CMake package in '~/dev_ws/src/urg_node2'
[0.483s] INFO:colcon.colcon_core.shell:Skip shell extension 'powershell' for command environment: Not usable outside of PowerShell
[0.483s] DEBUG:colcon.colcon_core.shell:Skip shell extension 'dsv' for command environment
[0.486s] DEBUG:colcon.colcon_core.shell:Ignoring prefix path '~/catkin_ws/devel'
[0.500s] DEBUG:colcon.colcon_core.event_handler.log_command:Invoking command in '~/dev_ws/build/serial_motor_demo_msgs': CMAKE_PREFIX_PATH=~/dev_ws/install/urg_node2:~/dev_ws/install/serial_motor_demo_msgs:~/dev_ws/install/articubot_one:~/dev_ws/install/serial_motor_demo:/opt/ros/humble:~/catkin_ws/devel /usr/bin/cmake --build ~/dev_ws/build/serial_motor_demo_msgs -- -j16 -l16
[0.508s] DEBUG:colcon.colcon_core.event_handler.log_command:Invoking command in '~/dev_ws/build/articubot_one': CMAKE_PREFIX_PATH=~/dev_ws/install/urg_node2:~/dev_ws/install/serial_motor_demo_msgs:~/dev_ws/install/articubot_one:~/dev_ws/install/serial_motor_demo:/opt/ros/humble:~/catkin_ws/devel /usr/bin/cmake --build ~/dev_ws/build/articubot_one -- -j16 -l16
[0.514s] DEBUG:colcon.colcon_core.event_handler.log_command:Invoking command in '~/dev_ws/build/urg_node2': CMAKE_PREFIX_PATH=~/dev_ws/install/urg_node2:~/dev_ws/install/serial_motor_demo_msgs:~/dev_ws/install/articubot_one:~/dev_ws/install/serial_motor_demo:/opt/ros/humble:~/catkin_ws/devel /usr/bin/cmake --build ~/dev_ws/build/urg_node2 -- -j16 -l16
[0.629s] DEBUG:colcon.colcon_core.event_handler.log_command:Invoked command in '~/dev_ws/build/articubot_one' returned '0': CMAKE_PREFIX_PATH=~/dev_ws/install/urg_node2:~/dev_ws/install/serial_motor_demo_msgs:~/dev_ws/install/articubot_one:~/dev_ws/install/serial_motor_demo:/opt/ros/humble:~/catkin_ws/devel /usr/bin/cmake --build ~/dev_ws/build/articubot_one -- -j16 -l16
[0.653s] DEBUG:colcon.colcon_core.event_handler.log_command:Invoking command in '~/dev_ws/build/articubot_one': CMAKE_PREFIX_PATH=~/dev_ws/install/urg_node2:~/dev_ws/install/serial_motor_demo_msgs:~/dev_ws/install/articubot_one:~/dev_ws/install/serial_motor_demo:/opt/ros/humble:~/catkin_ws/devel /usr/bin/cmake --install ~/dev_ws/build/articubot_one
[0.676s] Level 1:colcon.colcon_core.environment:create_environment_scripts_only(articubot_one)
[0.677s] DEBUG:colcon.colcon_core.event_handler.log_command:Invoked command in '~/dev_ws/build/articubot_one' returned '0': CMAKE_PREFIX_PATH=~/dev_ws/install/urg_node2:~/dev_ws/install/serial_motor_demo_msgs:~/dev_ws/install/articubot_one:~/dev_ws/install/serial_motor_demo:/opt/ros/humble:~/catkin_ws/devel /usr/bin/cmake --install ~/dev_ws/build/articubot_one
[0.683s] Level 1:colcon.colcon_core.environment:checking '~/dev_ws/install/articubot_one' for CMake module files
[0.684s] Level 1:colcon.colcon_core.environment:checking '~/dev_ws/install/articubot_one' for CMake config files
[0.684s] Level 1:colcon.colcon_core.shell:create_environment_hook('articubot_one', 'cmake_prefix_path')
[0.686s] INFO:colcon.colcon_core.shell:Creating environment hook '~/dev_ws/install/articubot_one/share/articubot_one/hook/cmake_prefix_path.ps1'
[0.687s] INFO:colcon.colcon_core.shell:Creating environment descriptor '~/dev_ws/install/articubot_one/share/articubot_one/hook/cmake_prefix_path.dsv'
[0.687s] INFO:colcon.colcon_core.shell:Creating environment hook '~/dev_ws/install/articubot_one/share/articubot_one/hook/cmake_prefix_path.sh'
[0.688s] Level 1:colcon.colcon_core.environment:checking '~/dev_ws/install/articubot_one/bin'
[0.688s] Level 1:colcon.colcon_core.environment:checking '~/dev_ws/install/articubot_one/lib/pkgconfig/articubot_one.pc'
[0.689s] Level 1:colcon.colcon_core.environment:checking '~/dev_ws/install/articubot_one/lib/python3.10/site-packages'
[0.689s] Level 1:colcon.colcon_core.environment:checking '~/dev_ws/install/articubot_one/bin'
[0.690s] INFO:colcon.colcon_core.shell:Creating package script '~/dev_ws/install/articubot_one/share/articubot_one/package.ps1'
[0.692s] INFO:colcon.colcon_core.shell:Creating package descriptor '~/dev_ws/install/articubot_one/share/articubot_one/package.dsv'
[0.692s] INFO:colcon.colcon_core.shell:Creating package script '~/dev_ws/install/articubot_one/share/articubot_one/package.sh'
[0.693s] INFO:colcon.colcon_core.shell:Creating package script '~/dev_ws/install/articubot_one/share/articubot_one/package.bash'
[0.694s] INFO:colcon.colcon_core.shell:Creating package script '~/dev_ws/install/articubot_one/share/articubot_one/package.zsh'
[0.695s] Level 1:colcon.colcon_core.environment:create_file_with_runtime_dependencies(~/dev_ws/install/articubot_one/share/colcon-core/packages/articubot_one)
[0.697s] DEBUG:colcon.colcon_core.event_handler.log_command:Invoked command in '~/dev_ws/build/urg_node2' returned '0': CMAKE_PREFIX_PATH=~/dev_ws/install/urg_node2:~/dev_ws/install/serial_motor_demo_msgs:~/dev_ws/install/articubot_one:~/dev_ws/install/serial_motor_demo:/opt/ros/humble:~/catkin_ws/devel /usr/bin/cmake --build ~/dev_ws/build/urg_node2 -- -j16 -l16
[0.712s] Level 1:colcon.colcon_core.environment:create_environment_scripts_only(articubot_one)
[0.715s] Level 1:colcon.colcon_core.environment:checking '~/dev_ws/install/articubot_one' for CMake module files
[0.716s] Level 1:colcon.colcon_core.environment:checking '~/dev_ws/install/articubot_one' for CMake config files
[0.716s] Level 1:colcon.colcon_core.shell:create_environment_hook('articubot_one', 'cmake_prefix_path')
[0.718s] INFO:colcon.colcon_core.shell:Creating environment hook '~/dev_ws/install/articubot_one/share/articubot_one/hook/cmake_prefix_path.ps1'
[0.718s] INFO:colcon.colcon_core.shell:Creating environment descriptor '~/dev_ws/install/articubot_one/share/articubot_one/hook/cmake_prefix_path.dsv'
[0.718s] INFO:colcon.colcon_core.shell:Creating environment hook '~/dev_ws/install/articubot_one/share/articubot_one/hook/cmake_prefix_path.sh'
[0.719s] Level 1:colcon.colcon_core.environment:checking '~/dev_ws/install/articubot_one/bin'
[0.719s] Level 1:colcon.colcon_core.environment:checking '~/dev_ws/install/articubot_one/lib/pkgconfig/articubot_one.pc'
[0.719s] Level 1:colcon.colcon_core.environment:checking '~/dev_ws/install/articubot_one/lib/python3.10/site-packages'
[0.720s] Level 1:colcon.colcon_core.environment:checking '~/dev_ws/install/articubot_one/bin'
[0.721s] INFO:colcon.colcon_core.shell:Creating package script '~/dev_ws/install/articubot_one/share/articubot_one/package.ps1'
[0.723s] INFO:colcon.colcon_core.shell:Creating package descriptor '~/dev_ws/install/articubot_one/share/articubot_one/package.dsv'
[0.724s] INFO:colcon.colcon_core.shell:Creating package script '~/dev_ws/install/articubot_one/share/articubot_one/package.sh'
[0.724s] INFO:colcon.colcon_core.shell:Creating package script '~/dev_ws/install/articubot_one/share/articubot_one/package.bash'
[0.725s] INFO:colcon.colcon_core.shell:Creating package script '~/dev_ws/install/articubot_one/share/articubot_one/package.zsh'
[0.725s] Level 1:colcon.colcon_core.environment:create_file_with_runtime_dependencies(~/dev_ws/install/articubot_one/share/colcon-core/packages/articubot_one)
[0.738s] DEBUG:colcon.colcon_core.event_handler.log_command:Invoking command in '~/dev_ws/build/urg_node2': CMAKE_PREFIX_PATH=~/dev_ws/install/urg_node2:~/dev_ws/install/serial_motor_demo_msgs:~/dev_ws/install/articubot_one:~/dev_ws/install/serial_motor_demo:/opt/ros/humble:~/catkin_ws/devel /usr/bin/cmake --install ~/dev_ws/build/urg_node2
[0.754s] Level 1:colcon.colcon_core.environment:create_environment_scripts_only(urg_node2)
[0.755s] Level 1:colcon.colcon_core.environment:checking '~/dev_ws/install/urg_node2' for CMake module files
[0.756s] DEBUG:colcon.colcon_core.event_handler.log_command:Invoked command in '~/dev_ws/build/urg_node2' returned '0': CMAKE_PREFIX_PATH=~/dev_ws/install/urg_node2:~/dev_ws/install/serial_motor_demo_msgs:~/dev_ws/install/articubot_one:~/dev_ws/install/serial_motor_demo:/opt/ros/humble:~/catkin_ws/devel /usr/bin/cmake --install ~/dev_ws/build/urg_node2
[0.756s] Level 1:colcon.colcon_core.environment:checking '~/dev_ws/install/urg_node2' for CMake config files
[0.756s] Level 1:colcon.colcon_core.shell:create_environment_hook('urg_node2', 'cmake_prefix_path')
[0.757s] INFO:colcon.colcon_core.shell:Creating environment hook '~/dev_ws/install/urg_node2/share/urg_node2/hook/cmake_prefix_path.ps1'
[0.757s] INFO:colcon.colcon_core.shell:Creating environment descriptor '~/dev_ws/install/urg_node2/share/urg_node2/hook/cmake_prefix_path.dsv'
[0.758s] INFO:colcon.colcon_core.shell:Creating environment hook '~/dev_ws/install/urg_node2/share/urg_node2/hook/cmake_prefix_path.sh'
[0.758s] Level 1:colcon.colcon_core.environment:checking '~/dev_ws/install/urg_node2/lib'
[0.758s] Level 1:colcon.colcon_core.shell:create_environment_hook('urg_node2', 'ld_library_path_lib')
[0.759s] INFO:colcon.colcon_core.shell:Creating environment hook '~/dev_ws/install/urg_node2/share/urg_node2/hook/ld_library_path_lib.ps1'
[0.759s] INFO:colcon.colcon_core.shell:Creating environment descriptor '~/dev_ws/install/urg_node2/share/urg_node2/hook/ld_library_path_lib.dsv'
[0.760s] INFO:colcon.colcon_core.shell:Creating environment hook '~/dev_ws/install/urg_node2/share/urg_node2/hook/ld_library_path_lib.sh'
[0.760s] Level 1:colcon.colcon_core.environment:checking '~/dev_ws/install/urg_node2/bin'
[0.760s] Level 1:colcon.colcon_core.environment:checking '~/dev_ws/install/urg_node2/lib/pkgconfig/urg_node2.pc'
[0.760s] Level 1:colcon.colcon_core.environment:checking '~/dev_ws/install/urg_node2/lib/python3.10/site-packages'
[0.760s] Level 1:colcon.colcon_core.environment:checking '~/dev_ws/install/urg_node2/bin'
[0.761s] INFO:colcon.colcon_core.shell:Creating package script '~/dev_ws/install/urg_node2/share/urg_node2/package.ps1'
[0.762s] INFO:colcon.colcon_core.shell:Creating package descriptor '~/dev_ws/install/urg_node2/share/urg_node2/package.dsv'
[0.762s] INFO:colcon.colcon_core.shell:Creating package script '~/dev_ws/install/urg_node2/share/urg_node2/package.sh'
[0.762s] INFO:colcon.colcon_core.shell:Creating package script '~/dev_ws/install/urg_node2/share/urg_node2/package.bash'
[0.763s] INFO:colcon.colcon_core.shell:Creating package script '~/dev_ws/install/urg_node2/share/urg_node2/package.zsh'
[0.763s] Level 1:colcon.colcon_core.environment:create_file_with_runtime_dependencies(~/dev_ws/install/urg_node2/share/colcon-core/packages/urg_node2)
[0.800s] Level 1:colcon.colcon_core.environment:create_environment_scripts_only(urg_node2)
[0.801s] Level 1:colcon.colcon_core.environment:checking '~/dev_ws/install/urg_node2' for CMake module files
[0.802s] Level 1:colcon.colcon_core.environment:checking '~/dev_ws/install/urg_node2' for CMake config files
[0.802s] Level 1:colcon.colcon_core.shell:create_environment_hook('urg_node2', 'cmake_prefix_path')
[0.803s] INFO:colcon.colcon_core.shell:Creating environment hook '~/dev_ws/install/urg_node2/share/urg_node2/hook/cmake_prefix_path.ps1'
[0.803s] INFO:colcon.colcon_core.shell:Creating environment descriptor '~/dev_ws/install/urg_node2/share/urg_node2/hook/cmake_prefix_path.dsv'
[0.803s] INFO:colcon.colcon_core.shell:Creating environment hook '~/dev_ws/install/urg_node2/share/urg_node2/hook/cmake_prefix_path.sh'
[0.804s] Level 1:colcon.colcon_core.environment:checking '~/dev_ws/install/urg_node2/lib'
[0.804s] Level 1:colcon.colcon_core.shell:create_environment_hook('urg_node2', 'ld_library_path_lib')
[0.805s] INFO:colcon.colcon_core.shell:Creating environment hook '~/dev_ws/install/urg_node2/share/urg_node2/hook/ld_library_path_lib.ps1'
[0.805s] INFO:colcon.colcon_core.shell:Creating environment descriptor '~/dev_ws/install/urg_node2/share/urg_node2/hook/ld_library_path_lib.dsv'
[0.805s] INFO:colcon.colcon_core.shell:Creating environment hook '~/dev_ws/install/urg_node2/share/urg_node2/hook/ld_library_path_lib.sh'
[0.805s] Level 1:colcon.colcon_core.environment:checking '~/dev_ws/install/urg_node2/bin'
[0.805s] Level 1:colcon.colcon_core.environment:checking '~/dev_ws/install/urg_node2/lib/pkgconfig/urg_node2.pc'
[0.805s] Level 1:colcon.colcon_core.environment:checking '~/dev_ws/install/urg_node2/lib/python3.10/site-packages'
[0.806s] Level 1:colcon.colcon_core.environment:checking '~/dev_ws/install/urg_node2/bin'
[0.806s] INFO:colcon.colcon_core.shell:Creating package script '~/dev_ws/install/urg_node2/share/urg_node2/package.ps1'
[0.807s] INFO:colcon.colcon_core.shell:Creating package descriptor '~/dev_ws/install/urg_node2/share/urg_node2/package.dsv'
[0.807s] INFO:colcon.colcon_core.shell:Creating package script '~/dev_ws/install/urg_node2/share/urg_node2/package.sh'
[0.807s] INFO:colcon.colcon_core.shell:Creating package script '~/dev_ws/install/urg_node2/share/urg_node2/package.bash'
[0.808s] INFO:colcon.colcon_core.shell:Creating package script '~/dev_ws/install/urg_node2/share/urg_node2/package.zsh'
[0.808s] Level 1:colcon.colcon_core.environment:create_file_with_runtime_dependencies(~/dev_ws/install/urg_node2/share/colcon-core/packages/urg_node2)
[0.894s] DEBUG:colcon.colcon_core.event_handler.log_command:Invoked command in '~/dev_ws/build/serial_motor_demo_msgs' returned '0': CMAKE_PREFIX_PATH=~/dev_ws/install/urg_node2:~/dev_ws/install/serial_motor_demo_msgs:~/dev_ws/install/articubot_one:~/dev_ws/install/serial_motor_demo:/opt/ros/humble:~/catkin_ws/devel /usr/bin/cmake --build ~/dev_ws/build/serial_motor_demo_msgs -- -j16 -l16
[0.961s] DEBUG:colcon.colcon_core.event_handler.log_command:Invoking command in '~/dev_ws/build/serial_motor_demo_msgs': CMAKE_PREFIX_PATH=~/dev_ws/install/urg_node2:~/dev_ws/install/serial_motor_demo_msgs:~/dev_ws/install/articubot_one:~/dev_ws/install/serial_motor_demo:/opt/ros/humble:~/catkin_ws/devel /usr/bin/cmake --install ~/dev_ws/build/serial_motor_demo_msgs
[1.017s] Level 1:colcon.colcon_core.environment:create_environment_scripts_only(serial_motor_demo_msgs)
[1.018s] Level 1:colcon.colcon_core.environment:checking '~/dev_ws/install/serial_motor_demo_msgs' for CMake module files
[1.018s] DEBUG:colcon.colcon_core.event_handler.log_command:Invoked command in '~/dev_ws/build/serial_motor_demo_msgs' returned '0': CMAKE_PREFIX_PATH=~/dev_ws/install/urg_node2:~/dev_ws/install/serial_motor_demo_msgs:~/dev_ws/install/articubot_one:~/dev_ws/install/serial_motor_demo:/opt/ros/humble:~/catkin_ws/devel /usr/bin/cmake --install ~/dev_ws/build/serial_motor_demo_msgs
[1.019s] Level 1:colcon.colcon_core.environment:checking '~/dev_ws/install/serial_motor_demo_msgs' for CMake config files
[1.019s] Level 1:colcon.colcon_core.shell:create_environment_hook('serial_motor_demo_msgs', 'cmake_prefix_path')
[1.020s] INFO:colcon.colcon_core.shell:Creating environment hook '~/dev_ws/install/serial_motor_demo_msgs/share/serial_motor_demo_msgs/hook/cmake_prefix_path.ps1'
[1.020s] INFO:colcon.colcon_core.shell:Creating environment descriptor '~/dev_ws/install/serial_motor_demo_msgs/share/serial_motor_demo_msgs/hook/cmake_prefix_path.dsv'
[1.020s] INFO:colcon.colcon_core.shell:Creating environment hook '~/dev_ws/install/serial_motor_demo_msgs/share/serial_motor_demo_msgs/hook/cmake_prefix_path.sh'
[1.021s] Level 1:colcon.colcon_core.environment:checking '~/dev_ws/install/serial_motor_demo_msgs/lib'
[1.021s] Level 1:colcon.colcon_core.shell:create_environment_hook('serial_motor_demo_msgs', 'ld_library_path_lib')
[1.022s] INFO:colcon.colcon_core.shell:Creating environment hook '~/dev_ws/install/serial_motor_demo_msgs/share/serial_motor_demo_msgs/hook/ld_library_path_lib.ps1'
[1.022s] INFO:colcon.colcon_core.shell:Creating environment descriptor '~/dev_ws/install/serial_motor_demo_msgs/share/serial_motor_demo_msgs/hook/ld_library_path_lib.dsv'
[1.023s] INFO:colcon.colcon_core.shell:Creating environment hook '~/dev_ws/install/serial_motor_demo_msgs/share/serial_motor_demo_msgs/hook/ld_library_path_lib.sh'
[1.023s] Level 1:colcon.colcon_core.environment:checking '~/dev_ws/install/serial_motor_demo_msgs/bin'
[1.023s] Level 1:colcon.colcon_core.environment:checking '~/dev_ws/install/serial_motor_demo_msgs/lib/pkgconfig/serial_motor_demo_msgs.pc'
[1.023s] Level 1:colcon.colcon_core.environment:checking '~/dev_ws/install/serial_motor_demo_msgs/lib/python3.10/site-packages'
[1.024s] Level 1:colcon.colcon_core.environment:checking '~/dev_ws/install/serial_motor_demo_msgs/bin'
[1.025s] INFO:colcon.colcon_core.shell:Creating package script '~/dev_ws/install/serial_motor_demo_msgs/share/serial_motor_demo_msgs/package.ps1'
[1.025s] INFO:colcon.colcon_core.shell:Creating package descriptor '~/dev_ws/install/serial_motor_demo_msgs/share/serial_motor_demo_msgs/package.dsv'
[1.025s] INFO:colcon.colcon_core.shell:Creating package script '~/dev_ws/install/serial_motor_demo_msgs/share/serial_motor_demo_msgs/package.sh'
[1.026s] INFO:colcon.colcon_core.shell:Creating package script '~/dev_ws/install/serial_motor_demo_msgs/share/serial_motor_demo_msgs/package.bash'
[1.026s] INFO:colcon.colcon_core.shell:Creating package script '~/dev_ws/install/serial_motor_demo_msgs/share/serial_motor_demo_msgs/package.zsh'
[1.026s] Level 1:colcon.colcon_core.environment:create_file_with_runtime_dependencies(~/dev_ws/install/serial_motor_demo_msgs/share/colcon-core/packages/serial_motor_demo_msgs)
[1.094s] Level 1:colcon.colcon_core.environment:create_environment_scripts_only(serial_motor_demo_msgs)
[1.095s] Level 1:colcon.colcon_core.environment:checking '~/dev_ws/install/serial_motor_demo_msgs' for CMake module files
[1.096s] Level 1:colcon.colcon_core.environment:checking '~/dev_ws/install/serial_motor_demo_msgs' for CMake config files
[1.096s] Level 1:colcon.colcon_core.shell:create_environment_hook('serial_motor_demo_msgs', 'cmake_prefix_path')
[1.097s] INFO:colcon.colcon_core.shell:Creating environment hook '~/dev_ws/install/serial_motor_demo_msgs/share/serial_motor_demo_msgs/hook/cmake_prefix_path.ps1'
[1.097s] INFO:colcon.colcon_core.shell:Creating environment descriptor '~/dev_ws/install/serial_motor_demo_msgs/share/serial_motor_demo_msgs/hook/cmake_prefix_path.dsv'
[1.097s] INFO:colcon.colcon_core.shell:Creating environment hook '~/dev_ws/install/serial_motor_demo_msgs/share/serial_motor_demo_msgs/hook/cmake_prefix_path.sh'
[1.098s] Level 1:colcon.colcon_core.environment:checking '~/dev_ws/install/serial_motor_demo_msgs/lib'
[1.098s] Level 1:colcon.colcon_core.shell:create_environment_hook('serial_motor_demo_msgs', 'ld_library_path_lib')
[1.099s] INFO:colcon.colcon_core.shell:Creating environment hook '~/dev_ws/install/serial_motor_demo_msgs/share/serial_motor_demo_msgs/hook/ld_library_path_lib.ps1'
[1.099s] INFO:colcon.colcon_core.shell:Creating environment descriptor '~/dev_ws/install/serial_motor_demo_msgs/share/serial_motor_demo_msgs/hook/ld_library_path_lib.dsv'
[1.099s] INFO:colcon.colcon_core.shell:Creating environment hook '~/dev_ws/install/serial_motor_demo_msgs/share/serial_motor_demo_msgs/hook/ld_library_path_lib.sh'
[1.099s] Level 1:colcon.colcon_core.environment:checking '~/dev_ws/install/serial_motor_demo_msgs/bin'
[1.099s] Level 1:colcon.colcon_core.environment:checking '~/dev_ws/install/serial_motor_demo_msgs/lib/pkgconfig/serial_motor_demo_msgs.pc'
[1.100s] Level 1:colcon.colcon_core.environment:checking '~/dev_ws/install/serial_motor_demo_msgs/lib/python3.10/site-packages'
[1.100s] Level 1:colcon.colcon_core.environment:checking '~/dev_ws/install/serial_motor_demo_msgs/bin'
[1.101s] INFO:colcon.colcon_core.shell:Creating package script '~/dev_ws/install/serial_motor_demo_msgs/share/serial_motor_demo_msgs/package.ps1'
[1.101s] INFO:colcon.colcon_core.shell:Creating package descriptor '~/dev_ws/install/serial_motor_demo_msgs/share/serial_motor_demo_msgs/package.dsv'
[1.101s] INFO:colcon.colcon_core.shell:Creating package script '~/dev_ws/install/serial_motor_demo_msgs/share/serial_motor_demo_msgs/package.sh'
[1.102s] INFO:colcon.colcon_core.shell:Creating package script '~/dev_ws/install/serial_motor_demo_msgs/share/serial_motor_demo_msgs/package.bash'
[1.102s] INFO:colcon.colcon_core.shell:Creating package script '~/dev_ws/install/serial_motor_demo_msgs/share/serial_motor_demo_msgs/package.zsh'
[1.102s] Level 1:colcon.colcon_core.environment:create_file_with_runtime_dependencies(~/dev_ws/install/serial_motor_demo_msgs/share/colcon-core/packages/serial_motor_demo_msgs)
[1.102s] INFO:colcon.colcon_ros.task.ament_python.build:Building ROS package in '~/dev_ws/src/serial_motor_demo/serial_motor_demo' with build type 'ament_python'
[1.102s] Level 1:colcon.colcon_core.shell:create_environment_hook('serial_motor_demo', 'ament_prefix_path')
[1.103s] INFO:colcon.colcon_core.shell:Creating environment hook '~/dev_ws/install/serial_motor_demo/share/serial_motor_demo/hook/ament_prefix_path.ps1'
[1.104s] INFO:colcon.colcon_core.shell:Creating environment descriptor '~/dev_ws/install/serial_motor_demo/share/serial_motor_demo/hook/ament_prefix_path.dsv'
[1.104s] INFO:colcon.colcon_core.shell:Creating environment hook '~/dev_ws/install/serial_motor_demo/share/serial_motor_demo/hook/ament_prefix_path.sh'
[1.105s] INFO:colcon.colcon_core.shell:Skip shell extension 'powershell' for command environment: Not usable outside of PowerShell
[1.105s] DEBUG:colcon.colcon_core.shell:Skip shell extension 'dsv' for command environment
[1.108s] DEBUG:colcon.colcon_core.shell:Ignoring prefix path '~/catkin_ws/devel'
[1.318s] INFO:colcon.colcon_core.task.python.build:Building Python package in '~/dev_ws/src/serial_motor_demo/serial_motor_demo'
[1.319s] INFO:colcon.colcon_core.shell:Skip shell extension 'powershell' for command environment: Not usable outside of PowerShell
[1.319s] DEBUG:colcon.colcon_core.shell:Skip shell extension 'dsv' for command environment
[1.322s] DEBUG:colcon.colcon_core.shell:Ignoring prefix path '~/catkin_ws/devel'
[1.635s] DEBUG:colcon.colcon_core.event_handler.log_command:Invoking command in '~/dev_ws/build/serial_motor_demo': CMAKE_PREFIX_PATH=~/dev_ws/install/serial_motor_demo_msgs:~/dev_ws/install/urg_node2:~/dev_ws/install/articubot_one:~/catkin_ws/devel LD_LIBRARY_PATH=~/dev_ws/install/serial_motor_demo_msgs/lib:~/dev_ws/install/urg_node2/lib:/usr/lib/x86_64-linux-gnu/gazebo-11/plugins:/opt/ros/humble/opt/rviz_ogre_vendor/lib:/opt/ros/humble/lib/x86_64-linux-gnu:/opt/ros/humble/lib:~/catkin_ws/devel/lib PYTHONPATH=~/dev_ws/build/serial_motor_demo/prefix_override:~/dev_ws/install/serial_motor_demo/lib/python3.10/site-packages:${PYTHONPATH} /usr/bin/python3 setup.py develop --editable --build-directory ~/dev_ws/build/serial_motor_demo/build --no-deps install_data
[1.953s] Level 1:colcon.colcon_core.shell:create_environment_hook('serial_motor_demo', 'pythonpath_develop')
[1.954s] INFO:colcon.colcon_core.shell:Creating environment hook '~/dev_ws/build/serial_motor_demo/share/serial_motor_demo/hook/pythonpath_develop.ps1'
[1.954s] DEBUG:colcon.colcon_core.event_handler.log_command:Invoked command in '~/dev_ws/build/serial_motor_demo' returned '0': CMAKE_PREFIX_PATH=~/dev_ws/install/serial_motor_demo_msgs:~/dev_ws/install/urg_node2:~/dev_ws/install/articubot_one:~/catkin_ws/devel LD_LIBRARY_PATH=~/dev_ws/install/serial_motor_demo_msgs/lib:~/dev_ws/install/urg_node2/lib:/usr/lib/x86_64-linux-gnu/gazebo-11/plugins:/opt/ros/humble/opt/rviz_ogre_vendor/lib:/opt/ros/humble/lib/x86_64-linux-gnu:/opt/ros/humble/lib:~/catkin_ws/devel/lib PYTHONPATH=~/dev_ws/build/serial_motor_demo/prefix_override:~/dev_ws/install/serial_motor_demo/lib/python3.10/site-packages:${PYTHONPATH} /usr/bin/python3 setup.py develop --editable --build-directory ~/dev_ws/build/serial_motor_demo/build --no-deps install_data
[1.954s] INFO:colcon.colcon_core.shell:Creating environment descriptor '~/dev_ws/build/serial_motor_demo/share/serial_motor_demo/hook/pythonpath_develop.dsv'
[1.954s] INFO:colcon.colcon_core.shell:Creating environment hook '~/dev_ws/build/serial_motor_demo/share/serial_motor_demo/hook/pythonpath_develop.sh'
[1.956s] Level 1:colcon.colcon_core.environment:checking '~/dev_ws/install/serial_motor_demo' for CMake module files
[1.956s] Level 1:colcon.colcon_core.environment:checking '~/dev_ws/install/serial_motor_demo' for CMake config files
[1.956s] Level 1:colcon.colcon_core.environment:checking '~/dev_ws/install/serial_motor_demo/lib'
[1.956s] Level 1:colcon.colcon_core.environment:checking '~/dev_ws/install/serial_motor_demo/bin'
[1.956s] Level 1:colcon.colcon_core.environment:checking '~/dev_ws/install/serial_motor_demo/lib/pkgconfig/serial_motor_demo.pc'
[1.957s] Level 1:colcon.colcon_core.environment:checking '~/dev_ws/install/serial_motor_demo/lib/python3.10/site-packages'
[1.957s] Level 1:colcon.colcon_core.shell:create_environment_hook('serial_motor_demo', 'pythonpath')
[1.957s] INFO:colcon.colcon_core.shell:Creating environment hook '~/dev_ws/install/serial_motor_demo/share/serial_motor_demo/hook/pythonpath.ps1'
[1.957s] INFO:colcon.colcon_core.shell:Creating environment descriptor '~/dev_ws/install/serial_motor_demo/share/serial_motor_demo/hook/pythonpath.dsv'
[1.958s] INFO:colcon.colcon_core.shell:Creating environment hook '~/dev_ws/install/serial_motor_demo/share/serial_motor_demo/hook/pythonpath.sh'
[1.958s] Level 1:colcon.colcon_core.environment:checking '~/dev_ws/install/serial_motor_demo/bin'
[1.958s] Level 1:colcon.colcon_core.environment:create_environment_scripts_only(serial_motor_demo)
[1.959s] INFO:colcon.colcon_core.shell:Creating package script '~/dev_ws/install/serial_motor_demo/share/serial_motor_demo/package.ps1'
[1.959s] INFO:colcon.colcon_core.shell:Creating package descriptor '~/dev_ws/install/serial_motor_demo/share/serial_motor_demo/package.dsv'
[1.959s] INFO:colcon.colcon_core.shell:Creating package script '~/dev_ws/install/serial_motor_demo/share/serial_motor_demo/package.sh'
[1.960s] INFO:colcon.colcon_core.shell:Creating package script '~/dev_ws/install/serial_motor_demo/share/serial_motor_demo/package.bash'
[1.960s] INFO:colcon.colcon_core.shell:Creating package script '~/dev_ws/install/serial_motor_demo/share/serial_motor_demo/package.zsh'
[1.960s] Level 1:colcon.colcon_core.environment:create_file_with_runtime_dependencies(~/dev_ws/install/serial_motor_demo/share/colcon-core/packages/serial_motor_demo)
[1.960s] DEBUG:colcon.colcon_parallel_executor.executor.parallel:closing loop
[1.960s] DEBUG:colcon.colcon_parallel_executor.executor.parallel:loop closed
[1.960s] DEBUG:colcon.colcon_parallel_executor.executor.parallel:run_until_complete finished with '0'
[1.960s] DEBUG:colcon.colcon_core.event_reactor:joining thread
[1.964s] INFO:colcon.colcon_core.plugin_system:Skipping extension 'colcon_notification.desktop_notification.terminal_notifier': Not used on non-Darwin systems
[1.964s] INFO:colcon.colcon_core.plugin_system:Skipping extension 'colcon_notification.desktop_notification.win32': Not used on non-Windows systems
[1.964s] INFO:colcon.colcon_notification.desktop_notification:Sending desktop notification using 'notify2'
[1.974s] DEBUG:colcon.colcon_core.event_reactor:joined thread
[1.975s] INFO:colcon.colcon_core.shell:Creating prefix script '~/dev_ws/install/local_setup.ps1'
[1.976s] INFO:colcon.colcon_core.shell:Creating prefix util module '~/dev_ws/install/_local_setup_util_ps1.py'
[1.976s] INFO:colcon.colcon_core.shell:Creating prefix chain script '~/dev_ws/install/setup.ps1'
[1.977s] INFO:colcon.colcon_core.shell:Creating prefix script '~/dev_ws/install/local_setup.sh'
[1.978s] INFO:colcon.colcon_core.shell:Creating prefix util module '~/dev_ws/install/_local_setup_util_sh.py'
[1.978s] INFO:colcon.colcon_core.shell:Creating prefix chain script '~/dev_ws/install/setup.sh'
[1.979s] INFO:colcon.colcon_core.shell:Creating prefix script '~/dev_ws/install/local_setup.bash'
[1.979s] INFO:colcon.colcon_core.shell:Creating prefix chain script '~/dev_ws/install/setup.bash'
[1.980s] INFO:colcon.colcon_core.shell:Creating prefix script '~/dev_ws/install/local_setup.zsh'
[1.980s] INFO:colcon.colcon_core.shell:Creating prefix chain script '~/dev_ws/install/setup.zsh'
