[0.203s] DEBUG:colcon:Command line arguments: ['/usr/bin/colcon', 'build', '--symlink-install']
[0.203s] DEBUG:colcon:Parsed command line arguments: Namespace(log_base=None, log_level=None, verb_name='build', build_base='build', install_base='install', merge_install=False, symlink_install=True, test_result_base=None, continue_on_error=False, executor='parallel', parallel_workers=16, event_handlers=None, ignore_user_meta=False, metas=['./colcon.meta'], base_paths=['.'], packages_ignore=None, packages_ignore_regex=None, paths=None, packages_up_to=None, packages_up_to_regex=None, packages_above=None, packages_above_and_dependencies=None, packages_above_depth=None, packages_select_by_dep=None, packages_skip_by_dep=None, packages_skip_up_to=None, packages_select_build_failed=False, packages_skip_build_finished=False, packages_select_test_failures=False, packages_skip_test_passed=False, packages_select=None, packages_skip=None, packages_select_regex=None, packages_skip_regex=None, packages_start=None, packages_end=None, allow_overriding=[], cmake_args=None, cmake_target=None, cmake_target_skip_unavailable=False, cmake_clean_cache=False, cmake_clean_first=False, cmake_force_configure=False, ament_cmake_args=None, catkin_cmake_args=None, catkin_skip_building_tests=False, verb_parser=<colcon_defaults.argument_parser.defaults.DefaultArgumentsDecorator object at 0x7fa2708f46a0>, verb_extension=<colcon_core.verb.build.BuildVerb object at 0x7fa2710c2aa0>, main=<bound method BuildVerb.main of <colcon_core.verb.build.BuildVerb object at 0x7fa2710c2aa0>>)
[0.221s] Level 1:colcon.colcon_core.package_discovery:discover_packages(colcon_meta) check parameters
[0.221s] Level 1:colcon.colcon_core.package_discovery:discover_packages(recursive) check parameters
[0.221s] Level 1:colcon.colcon_core.package_discovery:discover_packages(ignore) check parameters
[0.221s] Level 1:colcon.colcon_core.package_discovery:discover_packages(path) check parameters
[0.221s] Level 1:colcon.colcon_core.package_discovery:discover_packages(colcon_meta) discover
[0.221s] Level 1:colcon.colcon_core.package_discovery:discover_packages(recursive) discover
[0.221s] INFO:colcon.colcon_core.package_discovery:Crawling recursively for packages in '/home/aurelien/dev_ws'
[0.222s] Level 1:colcon.colcon_core.package_identification:_identify(.) by extensions ['ignore', 'ignore_ament_install']
[0.222s] Level 1:colcon.colcon_core.package_identification:_identify(.) by extension 'ignore'
[0.222s] Level 1:colcon.colcon_core.package_identification:_identify(.) by extension 'ignore_ament_install'
[0.222s] Level 1:colcon.colcon_core.package_identification:_identify(.) by extensions ['colcon_pkg']
[0.222s] Level 1:colcon.colcon_core.package_identification:_identify(.) by extension 'colcon_pkg'
[0.222s] Level 1:colcon.colcon_core.package_identification:_identify(.) by extensions ['colcon_meta']
[0.222s] Level 1:colcon.colcon_core.package_identification:_identify(.) by extension 'colcon_meta'
[0.222s] Level 1:colcon.colcon_core.package_identification:_identify(.) by extensions ['ros']
[0.222s] Level 1:colcon.colcon_core.package_identification:_identify(.) by extension 'ros'
[0.232s] Level 1:colcon.colcon_core.package_identification:_identify(.) by extensions ['cmake', 'python']
[0.232s] Level 1:colcon.colcon_core.package_identification:_identify(.) by extension 'cmake'
[0.232s] Level 1:colcon.colcon_core.package_identification:_identify(.) by extension 'python'
[0.232s] Level 1:colcon.colcon_core.package_identification:_identify(.) by extensions ['python_setup_py']
[0.232s] Level 1:colcon.colcon_core.package_identification:_identify(.) by extension 'python_setup_py'
[0.232s] Level 1:colcon.colcon_core.package_identification:_identify(build) by extensions ['ignore', 'ignore_ament_install']
[0.232s] Level 1:colcon.colcon_core.package_identification:_identify(build) by extension 'ignore'
[0.232s] Level 1:colcon.colcon_core.package_identification:_identify(build) ignored
[0.232s] Level 1:colcon.colcon_core.package_identification:_identify(install) by extensions ['ignore', 'ignore_ament_install']
[0.232s] Level 1:colcon.colcon_core.package_identification:_identify(install) by extension 'ignore'
[0.232s] Level 1:colcon.colcon_core.package_identification:_identify(install) ignored
[0.232s] Level 1:colcon.colcon_core.package_identification:_identify(log) by extensions ['ignore', 'ignore_ament_install']
[0.233s] Level 1:colcon.colcon_core.package_identification:_identify(log) by extension 'ignore'
[0.233s] Level 1:colcon.colcon_core.package_identification:_identify(log) ignored
[0.233s] Level 1:colcon.colcon_core.package_identification:_identify(src) by extensions ['ignore', 'ignore_ament_install']
[0.233s] Level 1:colcon.colcon_core.package_identification:_identify(src) by extension 'ignore'
[0.233s] Level 1:colcon.colcon_core.package_identification:_identify(src) by extension 'ignore_ament_install'
[0.233s] Level 1:colcon.colcon_core.package_identification:_identify(src) by extensions ['colcon_pkg']
[0.233s] Level 1:colcon.colcon_core.package_identification:_identify(src) by extension 'colcon_pkg'
[0.233s] Level 1:colcon.colcon_core.package_identification:_identify(src) by extensions ['colcon_meta']
[0.233s] Level 1:colcon.colcon_core.package_identification:_identify(src) by extension 'colcon_meta'
[0.233s] Level 1:colcon.colcon_core.package_identification:_identify(src) by extensions ['ros']
[0.233s] Level 1:colcon.colcon_core.package_identification:_identify(src) by extension 'ros'
[0.233s] Level 1:colcon.colcon_core.package_identification:_identify(src) by extensions ['cmake', 'python']
[0.233s] Level 1:colcon.colcon_core.package_identification:_identify(src) by extension 'cmake'
[0.233s] Level 1:colcon.colcon_core.package_identification:_identify(src) by extension 'python'
[0.233s] Level 1:colcon.colcon_core.package_identification:_identify(src) by extensions ['python_setup_py']
[0.233s] Level 1:colcon.colcon_core.package_identification:_identify(src) by extension 'python_setup_py'
[0.233s] Level 1:colcon.colcon_core.package_identification:_identify(src/articubot_one) by extensions ['ignore', 'ignore_ament_install']
[0.233s] Level 1:colcon.colcon_core.package_identification:_identify(src/articubot_one) by extension 'ignore'
[0.233s] Level 1:colcon.colcon_core.package_identification:_identify(src/articubot_one) by extension 'ignore_ament_install'
[0.233s] Level 1:colcon.colcon_core.package_identification:_identify(src/articubot_one) by extensions ['colcon_pkg']
[0.233s] Level 1:colcon.colcon_core.package_identification:_identify(src/articubot_one) by extension 'colcon_pkg'
[0.233s] Level 1:colcon.colcon_core.package_identification:_identify(src/articubot_one) by extensions ['colcon_meta']
[0.233s] Level 1:colcon.colcon_core.package_identification:_identify(src/articubot_one) by extension 'colcon_meta'
[0.233s] Level 1:colcon.colcon_core.package_identification:_identify(src/articubot_one) by extensions ['ros']
[0.233s] Level 1:colcon.colcon_core.package_identification:_identify(src/articubot_one) by extension 'ros'
[0.235s] DEBUG:colcon.colcon_core.package_identification:Package 'src/articubot_one' with type 'ros.ament_cmake' and name 'articubot_one'
[0.235s] Level 1:colcon.colcon_core.package_identification:_identify(src/build) by extensions ['ignore', 'ignore_ament_install']
[0.235s] Level 1:colcon.colcon_core.package_identification:_identify(src/build) by extension 'ignore'
[0.235s] Level 1:colcon.colcon_core.package_identification:_identify(src/build) ignored
[0.235s] Level 1:colcon.colcon_core.package_identification:_identify(src/install) by extensions ['ignore', 'ignore_ament_install']
[0.235s] Level 1:colcon.colcon_core.package_identification:_identify(src/install) by extension 'ignore'
[0.235s] Level 1:colcon.colcon_core.package_identification:_identify(src/install) ignored
[0.235s] Level 1:colcon.colcon_core.package_identification:_identify(src/log) by extensions ['ignore', 'ignore_ament_install']
[0.235s] Level 1:colcon.colcon_core.package_identification:_identify(src/log) by extension 'ignore'
[0.235s] Level 1:colcon.colcon_core.package_identification:_identify(src/log) ignored
[0.235s] Level 1:colcon.colcon_core.package_identification:_identify(src/serial_motor_demo) by extensions ['ignore', 'ignore_ament_install']
[0.235s] Level 1:colcon.colcon_core.package_identification:_identify(src/serial_motor_demo) by extension 'ignore'
[0.235s] Level 1:colcon.colcon_core.package_identification:_identify(src/serial_motor_demo) by extension 'ignore_ament_install'
[0.236s] Level 1:colcon.colcon_core.package_identification:_identify(src/serial_motor_demo) by extensions ['colcon_pkg']
[0.236s] Level 1:colcon.colcon_core.package_identification:_identify(src/serial_motor_demo) by extension 'colcon_pkg'
[0.236s] Level 1:colcon.colcon_core.package_identification:_identify(src/serial_motor_demo) by extensions ['colcon_meta']
[0.236s] Level 1:colcon.colcon_core.package_identification:_identify(src/serial_motor_demo) by extension 'colcon_meta'
[0.236s] Level 1:colcon.colcon_core.package_identification:_identify(src/serial_motor_demo) by extensions ['ros']
[0.236s] Level 1:colcon.colcon_core.package_identification:_identify(src/serial_motor_demo) by extension 'ros'
[0.236s] Level 1:colcon.colcon_core.package_identification:_identify(src/serial_motor_demo) by extensions ['cmake', 'python']
[0.236s] Level 1:colcon.colcon_core.package_identification:_identify(src/serial_motor_demo) by extension 'cmake'
[0.236s] Level 1:colcon.colcon_core.package_identification:_identify(src/serial_motor_demo) by extension 'python'
[0.236s] Level 1:colcon.colcon_core.package_identification:_identify(src/serial_motor_demo) by extensions ['python_setup_py']
[0.236s] Level 1:colcon.colcon_core.package_identification:_identify(src/serial_motor_demo) by extension 'python_setup_py'
[0.236s] Level 1:colcon.colcon_core.package_identification:_identify(src/serial_motor_demo/serial_motor_demo) by extensions ['ignore', 'ignore_ament_install']
[0.236s] Level 1:colcon.colcon_core.package_identification:_identify(src/serial_motor_demo/serial_motor_demo) by extension 'ignore'
[0.236s] Level 1:colcon.colcon_core.package_identification:_identify(src/serial_motor_demo/serial_motor_demo) by extension 'ignore_ament_install'
[0.236s] Level 1:colcon.colcon_core.package_identification:_identify(src/serial_motor_demo/serial_motor_demo) by extensions ['colcon_pkg']
[0.236s] Level 1:colcon.colcon_core.package_identification:_identify(src/serial_motor_demo/serial_motor_demo) by extension 'colcon_pkg'
[0.236s] Level 1:colcon.colcon_core.package_identification:_identify(src/serial_motor_demo/serial_motor_demo) by extensions ['colcon_meta']
[0.236s] Level 1:colcon.colcon_core.package_identification:_identify(src/serial_motor_demo/serial_motor_demo) by extension 'colcon_meta'
[0.236s] Level 1:colcon.colcon_core.package_identification:_identify(src/serial_motor_demo/serial_motor_demo) by extensions ['ros']
[0.236s] Level 1:colcon.colcon_core.package_identification:_identify(src/serial_motor_demo/serial_motor_demo) by extension 'ros'
[0.236s] DEBUG:colcon.colcon_core.package_identification:Package 'src/serial_motor_demo/serial_motor_demo' with type 'ros.ament_python' and name 'serial_motor_demo'
[0.236s] Level 1:colcon.colcon_core.package_identification:_identify(src/serial_motor_demo/serial_motor_demo_msgs) by extensions ['ignore', 'ignore_ament_install']
[0.236s] Level 1:colcon.colcon_core.package_identification:_identify(src/serial_motor_demo/serial_motor_demo_msgs) by extension 'ignore'
[0.237s] Level 1:colcon.colcon_core.package_identification:_identify(src/serial_motor_demo/serial_motor_demo_msgs) by extension 'ignore_ament_install'
[0.237s] Level 1:colcon.colcon_core.package_identification:_identify(src/serial_motor_demo/serial_motor_demo_msgs) by extensions ['colcon_pkg']
[0.237s] Level 1:colcon.colcon_core.package_identification:_identify(src/serial_motor_demo/serial_motor_demo_msgs) by extension 'colcon_pkg'
[0.237s] Level 1:colcon.colcon_core.package_identification:_identify(src/serial_motor_demo/serial_motor_demo_msgs) by extensions ['colcon_meta']
[0.237s] Level 1:colcon.colcon_core.package_identification:_identify(src/serial_motor_demo/serial_motor_demo_msgs) by extension 'colcon_meta'
[0.237s] Level 1:colcon.colcon_core.package_identification:_identify(src/serial_motor_demo/serial_motor_demo_msgs) by extensions ['ros']
[0.237s] Level 1:colcon.colcon_core.package_identification:_identify(src/serial_motor_demo/serial_motor_demo_msgs) by extension 'ros'
[0.237s] DEBUG:colcon.colcon_core.package_identification:Package 'src/serial_motor_demo/serial_motor_demo_msgs' with type 'ros.ament_cmake' and name 'serial_motor_demo_msgs'
[0.237s] Level 1:colcon.colcon_core.package_identification:_identify(src/urg_node2) by extensions ['ignore', 'ignore_ament_install']
[0.237s] Level 1:colcon.colcon_core.package_identification:_identify(src/urg_node2) by extension 'ignore'
[0.237s] Level 1:colcon.colcon_core.package_identification:_identify(src/urg_node2) by extension 'ignore_ament_install'
[0.237s] Level 1:colcon.colcon_core.package_identification:_identify(src/urg_node2) by extensions ['colcon_pkg']
[0.237s] Level 1:colcon.colcon_core.package_identification:_identify(src/urg_node2) by extension 'colcon_pkg'
[0.237s] Level 1:colcon.colcon_core.package_identification:_identify(src/urg_node2) by extensions ['colcon_meta']
[0.237s] Level 1:colcon.colcon_core.package_identification:_identify(src/urg_node2) by extension 'colcon_meta'
[0.237s] Level 1:colcon.colcon_core.package_identification:_identify(src/urg_node2) by extensions ['ros']
[0.237s] Level 1:colcon.colcon_core.package_identification:_identify(src/urg_node2) by extension 'ros'
[0.238s] DEBUG:colcon.colcon_core.package_identification:Package 'src/urg_node2' with type 'ros.ament_cmake' and name 'urg_node2'
[0.238s] Level 1:colcon.colcon_core.package_discovery:discover_packages(recursive) using defaults
[0.238s] Level 1:colcon.colcon_core.package_discovery:discover_packages(ignore) discover
[0.238s] Level 1:colcon.colcon_core.package_discovery:discover_packages(ignore) using defaults
[0.238s] Level 1:colcon.colcon_core.package_discovery:discover_packages(path) discover
[0.238s] Level 1:colcon.colcon_core.package_discovery:discover_packages(path) using defaults
[0.252s] Level 1:colcon.colcon_core.package_discovery:discover_packages(prefix_path) check parameters
[0.252s] Level 1:colcon.colcon_core.package_discovery:discover_packages(prefix_path) discover
[0.256s] DEBUG:colcon.colcon_installed_package_information.package_discovery:Found 2 installed packages in /home/aurelien/dev_ws/install
[0.257s] DEBUG:colcon.colcon_installed_package_information.package_discovery:Found 389 installed packages in /opt/ros/humble
[0.259s] Level 1:colcon.colcon_core.package_discovery:discover_packages(prefix_path) using defaults
[0.304s] Level 5:colcon.colcon_core.verb:set package 'articubot_one' build argument 'cmake_args' from command line to 'None'
[0.304s] Level 5:colcon.colcon_core.verb:set package 'articubot_one' build argument 'cmake_target' from command line to 'None'
[0.304s] Level 5:colcon.colcon_core.verb:set package 'articubot_one' build argument 'cmake_target_skip_unavailable' from command line to 'False'
[0.304s] Level 5:colcon.colcon_core.verb:set package 'articubot_one' build argument 'cmake_clean_cache' from command line to 'False'
[0.304s] Level 5:colcon.colcon_core.verb:set package 'articubot_one' build argument 'cmake_clean_first' from command line to 'False'
[0.304s] Level 5:colcon.colcon_core.verb:set package 'articubot_one' build argument 'cmake_force_configure' from command line to 'False'
[0.304s] Level 5:colcon.colcon_core.verb:set package 'articubot_one' build argument 'ament_cmake_args' from command line to 'None'
[0.304s] Level 5:colcon.colcon_core.verb:set package 'articubot_one' build argument 'catkin_cmake_args' from command line to 'None'
[0.304s] Level 5:colcon.colcon_core.verb:set package 'articubot_one' build argument 'catkin_skip_building_tests' from command line to 'False'
[0.304s] DEBUG:colcon.colcon_core.verb:Building package 'articubot_one' with the following arguments: {'ament_cmake_args': None, 'build_base': '/home/aurelien/dev_ws/build/articubot_one', 'catkin_cmake_args': None, 'catkin_skip_building_tests': False, 'cmake_args': None, 'cmake_clean_cache': False, 'cmake_clean_first': False, 'cmake_force_configure': False, 'cmake_target': None, 'cmake_target_skip_unavailable': False, 'install_base': '/home/aurelien/dev_ws/install/articubot_one', 'merge_install': False, 'path': '/home/aurelien/dev_ws/src/articubot_one', 'symlink_install': True, 'test_result_base': None}
[0.305s] Level 5:colcon.colcon_core.verb:set package 'serial_motor_demo_msgs' build argument 'cmake_args' from command line to 'None'
[0.305s] Level 5:colcon.colcon_core.verb:set package 'serial_motor_demo_msgs' build argument 'cmake_target' from command line to 'None'
[0.305s] Level 5:colcon.colcon_core.verb:set package 'serial_motor_demo_msgs' build argument 'cmake_target_skip_unavailable' from command line to 'False'
[0.305s] Level 5:colcon.colcon_core.verb:set package 'serial_motor_demo_msgs' build argument 'cmake_clean_cache' from command line to 'False'
[0.305s] Level 5:colcon.colcon_core.verb:set package 'serial_motor_demo_msgs' build argument 'cmake_clean_first' from command line to 'False'
[0.305s] Level 5:colcon.colcon_core.verb:set package 'serial_motor_demo_msgs' build argument 'cmake_force_configure' from command line to 'False'
[0.305s] Level 5:colcon.colcon_core.verb:set package 'serial_motor_demo_msgs' build argument 'ament_cmake_args' from command line to 'None'
[0.305s] Level 5:colcon.colcon_core.verb:set package 'serial_motor_demo_msgs' build argument 'catkin_cmake_args' from command line to 'None'
[0.305s] Level 5:colcon.colcon_core.verb:set package 'serial_motor_demo_msgs' build argument 'catkin_skip_building_tests' from command line to 'False'
[0.305s] DEBUG:colcon.colcon_core.verb:Building package 'serial_motor_demo_msgs' with the following arguments: {'ament_cmake_args': None, 'build_base': '/home/aurelien/dev_ws/build/serial_motor_demo_msgs', 'catkin_cmake_args': None, 'catkin_skip_building_tests': False, 'cmake_args': None, 'cmake_clean_cache': False, 'cmake_clean_first': False, 'cmake_force_configure': False, 'cmake_target': None, 'cmake_target_skip_unavailable': False, 'install_base': '/home/aurelien/dev_ws/install/serial_motor_demo_msgs', 'merge_install': False, 'path': '/home/aurelien/dev_ws/src/serial_motor_demo/serial_motor_demo_msgs', 'symlink_install': True, 'test_result_base': None}
[0.305s] Level 5:colcon.colcon_core.verb:set package 'urg_node2' build argument 'cmake_args' from command line to 'None'
[0.305s] Level 5:colcon.colcon_core.verb:set package 'urg_node2' build argument 'cmake_target' from command line to 'None'
[0.305s] Level 5:colcon.colcon_core.verb:set package 'urg_node2' build argument 'cmake_target_skip_unavailable' from command line to 'False'
[0.305s] Level 5:colcon.colcon_core.verb:set package 'urg_node2' build argument 'cmake_clean_cache' from command line to 'False'
[0.305s] Level 5:colcon.colcon_core.verb:set package 'urg_node2' build argument 'cmake_clean_first' from command line to 'False'
[0.305s] Level 5:colcon.colcon_core.verb:set package 'urg_node2' build argument 'cmake_force_configure' from command line to 'False'
[0.305s] Level 5:colcon.colcon_core.verb:set package 'urg_node2' build argument 'ament_cmake_args' from command line to 'None'
[0.305s] Level 5:colcon.colcon_core.verb:set package 'urg_node2' build argument 'catkin_cmake_args' from command line to 'None'
[0.305s] Level 5:colcon.colcon_core.verb:set package 'urg_node2' build argument 'catkin_skip_building_tests' from command line to 'False'
[0.305s] DEBUG:colcon.colcon_core.verb:Building package 'urg_node2' with the following arguments: {'ament_cmake_args': None, 'build_base': '/home/aurelien/dev_ws/build/urg_node2', 'catkin_cmake_args': None, 'catkin_skip_building_tests': False, 'cmake_args': None, 'cmake_clean_cache': False, 'cmake_clean_first': False, 'cmake_force_configure': False, 'cmake_target': None, 'cmake_target_skip_unavailable': False, 'install_base': '/home/aurelien/dev_ws/install/urg_node2', 'merge_install': False, 'path': '/home/aurelien/dev_ws/src/urg_node2', 'symlink_install': True, 'test_result_base': None}
[0.306s] Level 5:colcon.colcon_core.verb:set package 'serial_motor_demo' build argument 'cmake_args' from command line to 'None'
[0.306s] Level 5:colcon.colcon_core.verb:set package 'serial_motor_demo' build argument 'cmake_target' from command line to 'None'
[0.306s] Level 5:colcon.colcon_core.verb:set package 'serial_motor_demo' build argument 'cmake_target_skip_unavailable' from command line to 'False'
[0.306s] Level 5:colcon.colcon_core.verb:set package 'serial_motor_demo' build argument 'cmake_clean_cache' from command line to 'False'
[0.306s] Level 5:colcon.colcon_core.verb:set package 'serial_motor_demo' build argument 'cmake_clean_first' from command line to 'False'
[0.306s] Level 5:colcon.colcon_core.verb:set package 'serial_motor_demo' build argument 'cmake_force_configure' from command line to 'False'
[0.306s] Level 5:colcon.colcon_core.verb:set package 'serial_motor_demo' build argument 'ament_cmake_args' from command line to 'None'
[0.306s] Level 5:colcon.colcon_core.verb:set package 'serial_motor_demo' build argument 'catkin_cmake_args' from command line to 'None'
[0.306s] Level 5:colcon.colcon_core.verb:set package 'serial_motor_demo' build argument 'catkin_skip_building_tests' from command line to 'False'
[0.306s] DEBUG:colcon.colcon_core.verb:Building package 'serial_motor_demo' with the following arguments: {'ament_cmake_args': None, 'build_base': '/home/aurelien/dev_ws/build/serial_motor_demo', 'catkin_cmake_args': None, 'catkin_skip_building_tests': False, 'cmake_args': None, 'cmake_clean_cache': False, 'cmake_clean_first': False, 'cmake_force_configure': False, 'cmake_target': None, 'cmake_target_skip_unavailable': False, 'install_base': '/home/aurelien/dev_ws/install/serial_motor_demo', 'merge_install': False, 'path': '/home/aurelien/dev_ws/src/serial_motor_demo/serial_motor_demo', 'symlink_install': True, 'test_result_base': None}
[0.306s] INFO:colcon.colcon_core.executor:Executing jobs using 'parallel' executor
[0.308s] DEBUG:colcon.colcon_parallel_executor.executor.parallel:run_until_complete
[0.309s] INFO:colcon.colcon_ros.task.ament_cmake.build:Building ROS package in '/home/aurelien/dev_ws/src/serial_motor_demo/serial_motor_demo_msgs' with build type 'ament_cmake'
[0.309s] INFO:colcon.colcon_cmake.task.cmake.build:Building CMake package in '/home/aurelien/dev_ws/src/serial_motor_demo/serial_motor_demo_msgs'
[0.313s] INFO:colcon.colcon_core.plugin_system:Skipping extension 'colcon_core.shell.bat': Not used on non-Windows systems
[0.313s] INFO:colcon.colcon_core.shell:Skip shell extension 'powershell' for command environment: Not usable outside of PowerShell
[0.313s] DEBUG:colcon.colcon_core.shell:Skip shell extension 'dsv' for command environment
[0.315s] DEBUG:colcon.colcon_core.shell:Ignoring prefix path '/home/aurelien/catkin_ws/devel'
[0.317s] INFO:colcon.colcon_ros.task.ament_cmake.build:Building ROS package in '/home/aurelien/dev_ws/src/articubot_one' with build type 'ament_cmake'
[0.317s] INFO:colcon.colcon_cmake.task.cmake.build:Building CMake package in '/home/aurelien/dev_ws/src/articubot_one'
[0.317s] INFO:colcon.colcon_core.shell:Skip shell extension 'powershell' for command environment: Not usable outside of PowerShell
[0.317s] DEBUG:colcon.colcon_core.shell:Skip shell extension 'dsv' for command environment
[0.320s] DEBUG:colcon.colcon_core.shell:Ignoring prefix path '/home/aurelien/catkin_ws/devel'
[0.320s] INFO:colcon.colcon_ros.task.ament_cmake.build:Building ROS package in '/home/aurelien/dev_ws/src/urg_node2' with build type 'ament_cmake'
[0.321s] INFO:colcon.colcon_cmake.task.cmake.build:Building CMake package in '/home/aurelien/dev_ws/src/urg_node2'
[0.321s] INFO:colcon.colcon_core.shell:Skip shell extension 'powershell' for command environment: Not usable outside of PowerShell
[0.321s] DEBUG:colcon.colcon_core.shell:Skip shell extension 'dsv' for command environment
[0.324s] DEBUG:colcon.colcon_core.shell:Ignoring prefix path '/home/aurelien/catkin_ws/devel'
[0.328s] DEBUG:colcon.colcon_core.event_handler.log_command:Invoking command in '/home/aurelien/dev_ws/build/serial_motor_demo_msgs': CMAKE_PREFIX_PATH=/home/aurelien/dev_ws/install/urg_node2:/home/aurelien/dev_ws/install/articubot_one:/opt/ros/humble:/home/aurelien/catkin_ws/devel /usr/bin/cmake /home/aurelien/dev_ws/src/serial_motor_demo/serial_motor_demo_msgs -DAMENT_CMAKE_SYMLINK_INSTALL=1 -DCMAKE_INSTALL_PREFIX=/home/aurelien/dev_ws/install/serial_motor_demo_msgs
[0.329s] DEBUG:colcon.colcon_core.event_handler.log_command:Invoking command in '/home/aurelien/dev_ws/build/articubot_one': CMAKE_PREFIX_PATH=/home/aurelien/dev_ws/install/urg_node2:/home/aurelien/dev_ws/install/articubot_one:/opt/ros/humble:/home/aurelien/catkin_ws/devel /usr/bin/cmake --build /home/aurelien/dev_ws/build/articubot_one -- -j16 -l16
[0.332s] DEBUG:colcon.colcon_core.event_handler.log_command:Invoking command in '/home/aurelien/dev_ws/build/urg_node2': CMAKE_PREFIX_PATH=/home/aurelien/dev_ws/install/urg_node2:/home/aurelien/dev_ws/install/articubot_one:/opt/ros/humble:/home/aurelien/catkin_ws/devel /usr/bin/cmake --build /home/aurelien/dev_ws/build/urg_node2 -- -j16 -l16
[0.381s] DEBUG:colcon.colcon_core.event_handler.log_command:Invoked command in '/home/aurelien/dev_ws/build/articubot_one' returned '0': CMAKE_PREFIX_PATH=/home/aurelien/dev_ws/install/urg_node2:/home/aurelien/dev_ws/install/articubot_one:/opt/ros/humble:/home/aurelien/catkin_ws/devel /usr/bin/cmake --build /home/aurelien/dev_ws/build/articubot_one -- -j16 -l16
[0.398s] DEBUG:colcon.colcon_core.event_handler.log_command:Invoking command in '/home/aurelien/dev_ws/build/articubot_one': CMAKE_PREFIX_PATH=/home/aurelien/dev_ws/install/urg_node2:/home/aurelien/dev_ws/install/articubot_one:/opt/ros/humble:/home/aurelien/catkin_ws/devel /usr/bin/cmake --install /home/aurelien/dev_ws/build/articubot_one
[0.410s] Level 1:colcon.colcon_core.environment:create_environment_scripts_only(articubot_one)
[0.410s] DEBUG:colcon.colcon_core.event_handler.log_command:Invoked command in '/home/aurelien/dev_ws/build/articubot_one' returned '0': CMAKE_PREFIX_PATH=/home/aurelien/dev_ws/install/urg_node2:/home/aurelien/dev_ws/install/articubot_one:/opt/ros/humble:/home/aurelien/catkin_ws/devel /usr/bin/cmake --install /home/aurelien/dev_ws/build/articubot_one
[0.415s] Level 1:colcon.colcon_core.environment:checking '/home/aurelien/dev_ws/install/articubot_one' for CMake module files
[0.415s] Level 1:colcon.colcon_core.environment:checking '/home/aurelien/dev_ws/install/articubot_one' for CMake config files
[0.416s] Level 1:colcon.colcon_core.shell:create_environment_hook('articubot_one', 'cmake_prefix_path')
[0.417s] INFO:colcon.colcon_core.shell:Creating environment hook '/home/aurelien/dev_ws/install/articubot_one/share/articubot_one/hook/cmake_prefix_path.ps1'
[0.417s] INFO:colcon.colcon_core.shell:Creating environment descriptor '/home/aurelien/dev_ws/install/articubot_one/share/articubot_one/hook/cmake_prefix_path.dsv'
[0.418s] INFO:colcon.colcon_core.shell:Creating environment hook '/home/aurelien/dev_ws/install/articubot_one/share/articubot_one/hook/cmake_prefix_path.sh'
[0.419s] Level 1:colcon.colcon_core.environment:checking '/home/aurelien/dev_ws/install/articubot_one/bin'
[0.419s] Level 1:colcon.colcon_core.environment:checking '/home/aurelien/dev_ws/install/articubot_one/lib/pkgconfig/articubot_one.pc'
[0.419s] Level 1:colcon.colcon_core.environment:checking '/home/aurelien/dev_ws/install/articubot_one/lib/python3.10/site-packages'
[0.419s] Level 1:colcon.colcon_core.environment:checking '/home/aurelien/dev_ws/install/articubot_one/bin'
[0.420s] INFO:colcon.colcon_core.shell:Creating package script '/home/aurelien/dev_ws/install/articubot_one/share/articubot_one/package.ps1'
[0.420s] INFO:colcon.colcon_core.shell:Creating package descriptor '/home/aurelien/dev_ws/install/articubot_one/share/articubot_one/package.dsv'
[0.421s] INFO:colcon.colcon_core.shell:Creating package script '/home/aurelien/dev_ws/install/articubot_one/share/articubot_one/package.sh'
[0.421s] INFO:colcon.colcon_core.shell:Creating package script '/home/aurelien/dev_ws/install/articubot_one/share/articubot_one/package.bash'
[0.422s] INFO:colcon.colcon_core.shell:Creating package script '/home/aurelien/dev_ws/install/articubot_one/share/articubot_one/package.zsh'
[0.422s] Level 1:colcon.colcon_core.environment:create_file_with_runtime_dependencies(/home/aurelien/dev_ws/install/articubot_one/share/colcon-core/packages/articubot_one)
[0.433s] DEBUG:colcon.colcon_core.event_handler.log_command:Invoked command in '/home/aurelien/dev_ws/build/urg_node2' returned '0': CMAKE_PREFIX_PATH=/home/aurelien/dev_ws/install/urg_node2:/home/aurelien/dev_ws/install/articubot_one:/opt/ros/humble:/home/aurelien/catkin_ws/devel /usr/bin/cmake --build /home/aurelien/dev_ws/build/urg_node2 -- -j16 -l16
[0.436s] Level 1:colcon.colcon_core.environment:create_environment_scripts_only(articubot_one)
[0.437s] Level 1:colcon.colcon_core.environment:checking '/home/aurelien/dev_ws/install/articubot_one' for CMake module files
[0.438s] Level 1:colcon.colcon_core.environment:checking '/home/aurelien/dev_ws/install/articubot_one' for CMake config files
[0.438s] Level 1:colcon.colcon_core.shell:create_environment_hook('articubot_one', 'cmake_prefix_path')
[0.438s] INFO:colcon.colcon_core.shell:Creating environment hook '/home/aurelien/dev_ws/install/articubot_one/share/articubot_one/hook/cmake_prefix_path.ps1'
[0.439s] INFO:colcon.colcon_core.shell:Creating environment descriptor '/home/aurelien/dev_ws/install/articubot_one/share/articubot_one/hook/cmake_prefix_path.dsv'
[0.439s] INFO:colcon.colcon_core.shell:Creating environment hook '/home/aurelien/dev_ws/install/articubot_one/share/articubot_one/hook/cmake_prefix_path.sh'
[0.439s] Level 1:colcon.colcon_core.environment:checking '/home/aurelien/dev_ws/install/articubot_one/bin'
[0.439s] Level 1:colcon.colcon_core.environment:checking '/home/aurelien/dev_ws/install/articubot_one/lib/pkgconfig/articubot_one.pc'
[0.439s] Level 1:colcon.colcon_core.environment:checking '/home/aurelien/dev_ws/install/articubot_one/lib/python3.10/site-packages'
[0.440s] Level 1:colcon.colcon_core.environment:checking '/home/aurelien/dev_ws/install/articubot_one/bin'
[0.440s] INFO:colcon.colcon_core.shell:Creating package script '/home/aurelien/dev_ws/install/articubot_one/share/articubot_one/package.ps1'
[0.441s] INFO:colcon.colcon_core.shell:Creating package descriptor '/home/aurelien/dev_ws/install/articubot_one/share/articubot_one/package.dsv'
[0.441s] INFO:colcon.colcon_core.shell:Creating package script '/home/aurelien/dev_ws/install/articubot_one/share/articubot_one/package.sh'
[0.441s] INFO:colcon.colcon_core.shell:Creating package script '/home/aurelien/dev_ws/install/articubot_one/share/articubot_one/package.bash'
[0.441s] INFO:colcon.colcon_core.shell:Creating package script '/home/aurelien/dev_ws/install/articubot_one/share/articubot_one/package.zsh'
[0.442s] Level 1:colcon.colcon_core.environment:create_file_with_runtime_dependencies(/home/aurelien/dev_ws/install/articubot_one/share/colcon-core/packages/articubot_one)
[0.467s] DEBUG:colcon.colcon_core.event_handler.log_command:Invoking command in '/home/aurelien/dev_ws/build/urg_node2': CMAKE_PREFIX_PATH=/home/aurelien/dev_ws/install/urg_node2:/home/aurelien/dev_ws/install/articubot_one:/opt/ros/humble:/home/aurelien/catkin_ws/devel /usr/bin/cmake --install /home/aurelien/dev_ws/build/urg_node2
[0.480s] Level 1:colcon.colcon_core.environment:create_environment_scripts_only(urg_node2)
[0.482s] Level 1:colcon.colcon_core.environment:checking '/home/aurelien/dev_ws/install/urg_node2' for CMake module files
[0.482s] DEBUG:colcon.colcon_core.event_handler.log_command:Invoked command in '/home/aurelien/dev_ws/build/urg_node2' returned '0': CMAKE_PREFIX_PATH=/home/aurelien/dev_ws/install/urg_node2:/home/aurelien/dev_ws/install/articubot_one:/opt/ros/humble:/home/aurelien/catkin_ws/devel /usr/bin/cmake --install /home/aurelien/dev_ws/build/urg_node2
[0.482s] Level 1:colcon.colcon_core.environment:checking '/home/aurelien/dev_ws/install/urg_node2' for CMake config files
[0.482s] Level 1:colcon.colcon_core.shell:create_environment_hook('urg_node2', 'cmake_prefix_path')
[0.483s] INFO:colcon.colcon_core.shell:Creating environment hook '/home/aurelien/dev_ws/install/urg_node2/share/urg_node2/hook/cmake_prefix_path.ps1'
[0.483s] INFO:colcon.colcon_core.shell:Creating environment descriptor '/home/aurelien/dev_ws/install/urg_node2/share/urg_node2/hook/cmake_prefix_path.dsv'
[0.484s] INFO:colcon.colcon_core.shell:Creating environment hook '/home/aurelien/dev_ws/install/urg_node2/share/urg_node2/hook/cmake_prefix_path.sh'
[0.484s] Level 1:colcon.colcon_core.environment:checking '/home/aurelien/dev_ws/install/urg_node2/lib'
[0.484s] Level 1:colcon.colcon_core.shell:create_environment_hook('urg_node2', 'ld_library_path_lib')
[0.485s] INFO:colcon.colcon_core.shell:Creating environment hook '/home/aurelien/dev_ws/install/urg_node2/share/urg_node2/hook/ld_library_path_lib.ps1'
[0.485s] INFO:colcon.colcon_core.shell:Creating environment descriptor '/home/aurelien/dev_ws/install/urg_node2/share/urg_node2/hook/ld_library_path_lib.dsv'
[0.485s] INFO:colcon.colcon_core.shell:Creating environment hook '/home/aurelien/dev_ws/install/urg_node2/share/urg_node2/hook/ld_library_path_lib.sh'
[0.485s] Level 1:colcon.colcon_core.environment:checking '/home/aurelien/dev_ws/install/urg_node2/bin'
[0.485s] Level 1:colcon.colcon_core.environment:checking '/home/aurelien/dev_ws/install/urg_node2/lib/pkgconfig/urg_node2.pc'
[0.485s] Level 1:colcon.colcon_core.environment:checking '/home/aurelien/dev_ws/install/urg_node2/lib/python3.10/site-packages'
[0.486s] Level 1:colcon.colcon_core.environment:checking '/home/aurelien/dev_ws/install/urg_node2/bin'
[0.486s] INFO:colcon.colcon_core.shell:Creating package script '/home/aurelien/dev_ws/install/urg_node2/share/urg_node2/package.ps1'
[0.487s] INFO:colcon.colcon_core.shell:Creating package descriptor '/home/aurelien/dev_ws/install/urg_node2/share/urg_node2/package.dsv'
[0.487s] INFO:colcon.colcon_core.shell:Creating package script '/home/aurelien/dev_ws/install/urg_node2/share/urg_node2/package.sh'
[0.487s] INFO:colcon.colcon_core.shell:Creating package script '/home/aurelien/dev_ws/install/urg_node2/share/urg_node2/package.bash'
[0.487s] INFO:colcon.colcon_core.shell:Creating package script '/home/aurelien/dev_ws/install/urg_node2/share/urg_node2/package.zsh'
[0.487s] Level 1:colcon.colcon_core.environment:create_file_with_runtime_dependencies(/home/aurelien/dev_ws/install/urg_node2/share/colcon-core/packages/urg_node2)
[0.518s] Level 1:colcon.colcon_core.environment:create_environment_scripts_only(urg_node2)
[0.520s] Level 1:colcon.colcon_core.environment:checking '/home/aurelien/dev_ws/install/urg_node2' for CMake module files
[0.521s] Level 1:colcon.colcon_core.environment:checking '/home/aurelien/dev_ws/install/urg_node2' for CMake config files
[0.521s] Level 1:colcon.colcon_core.shell:create_environment_hook('urg_node2', 'cmake_prefix_path')
[0.522s] INFO:colcon.colcon_core.shell:Creating environment hook '/home/aurelien/dev_ws/install/urg_node2/share/urg_node2/hook/cmake_prefix_path.ps1'
[0.522s] INFO:colcon.colcon_core.shell:Creating environment descriptor '/home/aurelien/dev_ws/install/urg_node2/share/urg_node2/hook/cmake_prefix_path.dsv'
[0.523s] INFO:colcon.colcon_core.shell:Creating environment hook '/home/aurelien/dev_ws/install/urg_node2/share/urg_node2/hook/cmake_prefix_path.sh'
[0.523s] Level 1:colcon.colcon_core.environment:checking '/home/aurelien/dev_ws/install/urg_node2/lib'
[0.523s] Level 1:colcon.colcon_core.shell:create_environment_hook('urg_node2', 'ld_library_path_lib')
[0.524s] INFO:colcon.colcon_core.shell:Creating environment hook '/home/aurelien/dev_ws/install/urg_node2/share/urg_node2/hook/ld_library_path_lib.ps1'
[0.525s] INFO:colcon.colcon_core.shell:Creating environment descriptor '/home/aurelien/dev_ws/install/urg_node2/share/urg_node2/hook/ld_library_path_lib.dsv'
[0.525s] INFO:colcon.colcon_core.shell:Creating environment hook '/home/aurelien/dev_ws/install/urg_node2/share/urg_node2/hook/ld_library_path_lib.sh'
[0.525s] Level 1:colcon.colcon_core.environment:checking '/home/aurelien/dev_ws/install/urg_node2/bin'
[0.525s] Level 1:colcon.colcon_core.environment:checking '/home/aurelien/dev_ws/install/urg_node2/lib/pkgconfig/urg_node2.pc'
[0.525s] Level 1:colcon.colcon_core.environment:checking '/home/aurelien/dev_ws/install/urg_node2/lib/python3.10/site-packages'
[0.525s] Level 1:colcon.colcon_core.environment:checking '/home/aurelien/dev_ws/install/urg_node2/bin'
[0.526s] INFO:colcon.colcon_core.shell:Creating package script '/home/aurelien/dev_ws/install/urg_node2/share/urg_node2/package.ps1'
[0.527s] INFO:colcon.colcon_core.shell:Creating package descriptor '/home/aurelien/dev_ws/install/urg_node2/share/urg_node2/package.dsv'
[0.527s] INFO:colcon.colcon_core.shell:Creating package script '/home/aurelien/dev_ws/install/urg_node2/share/urg_node2/package.sh'
[0.527s] INFO:colcon.colcon_core.shell:Creating package script '/home/aurelien/dev_ws/install/urg_node2/share/urg_node2/package.bash'
[0.527s] INFO:colcon.colcon_core.shell:Creating package script '/home/aurelien/dev_ws/install/urg_node2/share/urg_node2/package.zsh'
[0.528s] Level 1:colcon.colcon_core.environment:create_file_with_runtime_dependencies(/home/aurelien/dev_ws/install/urg_node2/share/colcon-core/packages/urg_node2)
[1.434s] DEBUG:colcon.colcon_core.event_handler.log_command:Invoked command in '/home/aurelien/dev_ws/build/serial_motor_demo_msgs' returned '0': CMAKE_PREFIX_PATH=/home/aurelien/dev_ws/install/urg_node2:/home/aurelien/dev_ws/install/articubot_one:/opt/ros/humble:/home/aurelien/catkin_ws/devel /usr/bin/cmake /home/aurelien/dev_ws/src/serial_motor_demo/serial_motor_demo_msgs -DAMENT_CMAKE_SYMLINK_INSTALL=1 -DCMAKE_INSTALL_PREFIX=/home/aurelien/dev_ws/install/serial_motor_demo_msgs
[1.436s] DEBUG:colcon.colcon_core.event_handler.log_command:Invoking command in '/home/aurelien/dev_ws/build/serial_motor_demo_msgs': CMAKE_PREFIX_PATH=/home/aurelien/dev_ws/install/urg_node2:/home/aurelien/dev_ws/install/articubot_one:/opt/ros/humble:/home/aurelien/catkin_ws/devel /usr/bin/cmake --build /home/aurelien/dev_ws/build/serial_motor_demo_msgs -- -j16 -l16
[3.619s] DEBUG:colcon.colcon_core.event_handler.log_command:Invoked command in '/home/aurelien/dev_ws/build/serial_motor_demo_msgs' returned '0': CMAKE_PREFIX_PATH=/home/aurelien/dev_ws/install/urg_node2:/home/aurelien/dev_ws/install/articubot_one:/opt/ros/humble:/home/aurelien/catkin_ws/devel /usr/bin/cmake --build /home/aurelien/dev_ws/build/serial_motor_demo_msgs -- -j16 -l16
[3.792s] DEBUG:colcon.colcon_core.event_handler.log_command:Invoking command in '/home/aurelien/dev_ws/build/serial_motor_demo_msgs': CMAKE_PREFIX_PATH=/home/aurelien/dev_ws/install/urg_node2:/home/aurelien/dev_ws/install/articubot_one:/opt/ros/humble:/home/aurelien/catkin_ws/devel /usr/bin/cmake --install /home/aurelien/dev_ws/build/serial_motor_demo_msgs
[4.937s] Level 1:colcon.colcon_core.environment:create_environment_scripts_only(serial_motor_demo_msgs)
[4.938s] Level 1:colcon.colcon_core.environment:checking '/home/aurelien/dev_ws/install/serial_motor_demo_msgs' for CMake module files
[4.939s] DEBUG:colcon.colcon_core.event_handler.log_command:Invoked command in '/home/aurelien/dev_ws/build/serial_motor_demo_msgs' returned '0': CMAKE_PREFIX_PATH=/home/aurelien/dev_ws/install/urg_node2:/home/aurelien/dev_ws/install/articubot_one:/opt/ros/humble:/home/aurelien/catkin_ws/devel /usr/bin/cmake --install /home/aurelien/dev_ws/build/serial_motor_demo_msgs
[4.939s] Level 1:colcon.colcon_core.environment:checking '/home/aurelien/dev_ws/install/serial_motor_demo_msgs' for CMake config files
[4.939s] Level 1:colcon.colcon_core.shell:create_environment_hook('serial_motor_demo_msgs', 'cmake_prefix_path')
[4.940s] INFO:colcon.colcon_core.shell:Creating environment hook '/home/aurelien/dev_ws/install/serial_motor_demo_msgs/share/serial_motor_demo_msgs/hook/cmake_prefix_path.ps1'
[4.940s] INFO:colcon.colcon_core.shell:Creating environment descriptor '/home/aurelien/dev_ws/install/serial_motor_demo_msgs/share/serial_motor_demo_msgs/hook/cmake_prefix_path.dsv'
[4.940s] INFO:colcon.colcon_core.shell:Creating environment hook '/home/aurelien/dev_ws/install/serial_motor_demo_msgs/share/serial_motor_demo_msgs/hook/cmake_prefix_path.sh'
[4.941s] Level 1:colcon.colcon_core.environment:checking '/home/aurelien/dev_ws/install/serial_motor_demo_msgs/lib'
[4.941s] Level 1:colcon.colcon_core.shell:create_environment_hook('serial_motor_demo_msgs', 'ld_library_path_lib')
[4.942s] INFO:colcon.colcon_core.shell:Creating environment hook '/home/aurelien/dev_ws/install/serial_motor_demo_msgs/share/serial_motor_demo_msgs/hook/ld_library_path_lib.ps1'
[4.942s] INFO:colcon.colcon_core.shell:Creating environment descriptor '/home/aurelien/dev_ws/install/serial_motor_demo_msgs/share/serial_motor_demo_msgs/hook/ld_library_path_lib.dsv'
[4.942s] INFO:colcon.colcon_core.shell:Creating environment hook '/home/aurelien/dev_ws/install/serial_motor_demo_msgs/share/serial_motor_demo_msgs/hook/ld_library_path_lib.sh'
[4.942s] Level 1:colcon.colcon_core.environment:checking '/home/aurelien/dev_ws/install/serial_motor_demo_msgs/bin'
[4.942s] Level 1:colcon.colcon_core.environment:checking '/home/aurelien/dev_ws/install/serial_motor_demo_msgs/lib/pkgconfig/serial_motor_demo_msgs.pc'
[4.942s] Level 1:colcon.colcon_core.environment:checking '/home/aurelien/dev_ws/install/serial_motor_demo_msgs/lib/python3.10/site-packages'
[4.942s] Level 1:colcon.colcon_core.environment:checking '/home/aurelien/dev_ws/install/serial_motor_demo_msgs/bin'
[4.943s] INFO:colcon.colcon_core.shell:Creating package script '/home/aurelien/dev_ws/install/serial_motor_demo_msgs/share/serial_motor_demo_msgs/package.ps1'
[4.943s] INFO:colcon.colcon_core.shell:Creating package descriptor '/home/aurelien/dev_ws/install/serial_motor_demo_msgs/share/serial_motor_demo_msgs/package.dsv'
[4.944s] INFO:colcon.colcon_core.shell:Creating package script '/home/aurelien/dev_ws/install/serial_motor_demo_msgs/share/serial_motor_demo_msgs/package.sh'
[4.944s] INFO:colcon.colcon_core.shell:Creating package script '/home/aurelien/dev_ws/install/serial_motor_demo_msgs/share/serial_motor_demo_msgs/package.bash'
[4.944s] INFO:colcon.colcon_core.shell:Creating package script '/home/aurelien/dev_ws/install/serial_motor_demo_msgs/share/serial_motor_demo_msgs/package.zsh'
[4.944s] Level 1:colcon.colcon_core.environment:create_file_with_runtime_dependencies(/home/aurelien/dev_ws/install/serial_motor_demo_msgs/share/colcon-core/packages/serial_motor_demo_msgs)
[5.065s] Level 1:colcon.colcon_core.environment:create_environment_scripts_only(serial_motor_demo_msgs)
[5.066s] Level 1:colcon.colcon_core.environment:checking '/home/aurelien/dev_ws/install/serial_motor_demo_msgs' for CMake module files
[5.067s] Level 1:colcon.colcon_core.environment:checking '/home/aurelien/dev_ws/install/serial_motor_demo_msgs' for CMake config files
[5.067s] Level 1:colcon.colcon_core.shell:create_environment_hook('serial_motor_demo_msgs', 'cmake_prefix_path')
[5.067s] INFO:colcon.colcon_core.shell:Creating environment hook '/home/aurelien/dev_ws/install/serial_motor_demo_msgs/share/serial_motor_demo_msgs/hook/cmake_prefix_path.ps1'
[5.068s] INFO:colcon.colcon_core.shell:Creating environment descriptor '/home/aurelien/dev_ws/install/serial_motor_demo_msgs/share/serial_motor_demo_msgs/hook/cmake_prefix_path.dsv'
[5.068s] INFO:colcon.colcon_core.shell:Creating environment hook '/home/aurelien/dev_ws/install/serial_motor_demo_msgs/share/serial_motor_demo_msgs/hook/cmake_prefix_path.sh'
[5.068s] Level 1:colcon.colcon_core.environment:checking '/home/aurelien/dev_ws/install/serial_motor_demo_msgs/lib'
[5.068s] Level 1:colcon.colcon_core.shell:create_environment_hook('serial_motor_demo_msgs', 'ld_library_path_lib')
[5.069s] INFO:colcon.colcon_core.shell:Creating environment hook '/home/aurelien/dev_ws/install/serial_motor_demo_msgs/share/serial_motor_demo_msgs/hook/ld_library_path_lib.ps1'
[5.069s] INFO:colcon.colcon_core.shell:Creating environment descriptor '/home/aurelien/dev_ws/install/serial_motor_demo_msgs/share/serial_motor_demo_msgs/hook/ld_library_path_lib.dsv'
[5.069s] INFO:colcon.colcon_core.shell:Creating environment hook '/home/aurelien/dev_ws/install/serial_motor_demo_msgs/share/serial_motor_demo_msgs/hook/ld_library_path_lib.sh'
[5.070s] Level 1:colcon.colcon_core.environment:checking '/home/aurelien/dev_ws/install/serial_motor_demo_msgs/bin'
[5.070s] Level 1:colcon.colcon_core.environment:checking '/home/aurelien/dev_ws/install/serial_motor_demo_msgs/lib/pkgconfig/serial_motor_demo_msgs.pc'
[5.070s] Level 1:colcon.colcon_core.environment:checking '/home/aurelien/dev_ws/install/serial_motor_demo_msgs/lib/python3.10/site-packages'
[5.070s] Level 1:colcon.colcon_core.environment:checking '/home/aurelien/dev_ws/install/serial_motor_demo_msgs/bin'
[5.071s] INFO:colcon.colcon_core.shell:Creating package script '/home/aurelien/dev_ws/install/serial_motor_demo_msgs/share/serial_motor_demo_msgs/package.ps1'
[5.071s] INFO:colcon.colcon_core.shell:Creating package descriptor '/home/aurelien/dev_ws/install/serial_motor_demo_msgs/share/serial_motor_demo_msgs/package.dsv'
[5.071s] INFO:colcon.colcon_core.shell:Creating package script '/home/aurelien/dev_ws/install/serial_motor_demo_msgs/share/serial_motor_demo_msgs/package.sh'
[5.072s] INFO:colcon.colcon_core.shell:Creating package script '/home/aurelien/dev_ws/install/serial_motor_demo_msgs/share/serial_motor_demo_msgs/package.bash'
[5.072s] INFO:colcon.colcon_core.shell:Creating package script '/home/aurelien/dev_ws/install/serial_motor_demo_msgs/share/serial_motor_demo_msgs/package.zsh'
[5.072s] Level 1:colcon.colcon_core.environment:create_file_with_runtime_dependencies(/home/aurelien/dev_ws/install/serial_motor_demo_msgs/share/colcon-core/packages/serial_motor_demo_msgs)
[5.072s] INFO:colcon.colcon_ros.task.ament_python.build:Building ROS package in '/home/aurelien/dev_ws/src/serial_motor_demo/serial_motor_demo' with build type 'ament_python'
[5.072s] Level 1:colcon.colcon_core.shell:create_environment_hook('serial_motor_demo', 'ament_prefix_path')
[5.073s] INFO:colcon.colcon_core.shell:Creating environment hook '/home/aurelien/dev_ws/install/serial_motor_demo/share/serial_motor_demo/hook/ament_prefix_path.ps1'
[5.074s] INFO:colcon.colcon_core.shell:Creating environment descriptor '/home/aurelien/dev_ws/install/serial_motor_demo/share/serial_motor_demo/hook/ament_prefix_path.dsv'
[5.074s] INFO:colcon.colcon_core.shell:Creating environment hook '/home/aurelien/dev_ws/install/serial_motor_demo/share/serial_motor_demo/hook/ament_prefix_path.sh'
[5.075s] INFO:colcon.colcon_core.shell:Skip shell extension 'powershell' for command environment: Not usable outside of PowerShell
[5.075s] DEBUG:colcon.colcon_core.shell:Skip shell extension 'dsv' for command environment
[5.078s] DEBUG:colcon.colcon_core.shell:Ignoring prefix path '/home/aurelien/catkin_ws/devel'
[5.232s] INFO:colcon.colcon_core.task.python.build:Building Python package in '/home/aurelien/dev_ws/src/serial_motor_demo/serial_motor_demo'
[5.233s] INFO:colcon.colcon_core.shell:Skip shell extension 'powershell' for command environment: Not usable outside of PowerShell
[5.233s] DEBUG:colcon.colcon_core.shell:Skip shell extension 'dsv' for command environment
[5.235s] DEBUG:colcon.colcon_core.shell:Ignoring prefix path '/home/aurelien/catkin_ws/devel'
[5.547s] DEBUG:colcon.colcon_core.event_handler.log_command:Invoking command in '/home/aurelien/dev_ws/build/serial_motor_demo': AMENT_PREFIX_PATH=/home/aurelien/dev_ws/install/serial_motor_demo_msgs:${AMENT_PREFIX_PATH} CMAKE_PREFIX_PATH=/home/aurelien/dev_ws/install/serial_motor_demo_msgs:${CMAKE_PREFIX_PATH} LD_LIBRARY_PATH=/home/aurelien/dev_ws/install/serial_motor_demo_msgs/lib:${LD_LIBRARY_PATH} PYTHONPATH=/home/aurelien/dev_ws/build/serial_motor_demo/prefix_override:/home/aurelien/dev_ws/install/serial_motor_demo/lib/python3.10/site-packages:/home/aurelien/dev_ws/install/serial_motor_demo_msgs/local/lib/python3.10/dist-packages:${PYTHONPATH} /usr/bin/python3 setup.py develop --editable --build-directory /home/aurelien/dev_ws/build/serial_motor_demo/build --no-deps install_data
[5.915s] Level 1:colcon.colcon_core.shell:create_environment_hook('serial_motor_demo', 'pythonpath_develop')
[5.916s] INFO:colcon.colcon_core.shell:Creating environment hook '/home/aurelien/dev_ws/build/serial_motor_demo/share/serial_motor_demo/hook/pythonpath_develop.ps1'
[5.916s] DEBUG:colcon.colcon_core.event_handler.log_command:Invoked command in '/home/aurelien/dev_ws/build/serial_motor_demo' returned '0': AMENT_PREFIX_PATH=/home/aurelien/dev_ws/install/serial_motor_demo_msgs:${AMENT_PREFIX_PATH} CMAKE_PREFIX_PATH=/home/aurelien/dev_ws/install/serial_motor_demo_msgs:${CMAKE_PREFIX_PATH} LD_LIBRARY_PATH=/home/aurelien/dev_ws/install/serial_motor_demo_msgs/lib:${LD_LIBRARY_PATH} PYTHONPATH=/home/aurelien/dev_ws/build/serial_motor_demo/prefix_override:/home/aurelien/dev_ws/install/serial_motor_demo/lib/python3.10/site-packages:/home/aurelien/dev_ws/install/serial_motor_demo_msgs/local/lib/python3.10/dist-packages:${PYTHONPATH} /usr/bin/python3 setup.py develop --editable --build-directory /home/aurelien/dev_ws/build/serial_motor_demo/build --no-deps install_data
[5.917s] INFO:colcon.colcon_core.shell:Creating environment descriptor '/home/aurelien/dev_ws/build/serial_motor_demo/share/serial_motor_demo/hook/pythonpath_develop.dsv'
[5.917s] INFO:colcon.colcon_core.shell:Creating environment hook '/home/aurelien/dev_ws/build/serial_motor_demo/share/serial_motor_demo/hook/pythonpath_develop.sh'
[5.918s] Level 1:colcon.colcon_core.environment:checking '/home/aurelien/dev_ws/install/serial_motor_demo' for CMake module files
[5.918s] Level 1:colcon.colcon_core.environment:checking '/home/aurelien/dev_ws/install/serial_motor_demo' for CMake config files
[5.919s] Level 1:colcon.colcon_core.environment:checking '/home/aurelien/dev_ws/install/serial_motor_demo/lib'
[5.919s] Level 1:colcon.colcon_core.environment:checking '/home/aurelien/dev_ws/install/serial_motor_demo/bin'
[5.919s] Level 1:colcon.colcon_core.environment:checking '/home/aurelien/dev_ws/install/serial_motor_demo/lib/pkgconfig/serial_motor_demo.pc'
[5.919s] Level 1:colcon.colcon_core.environment:checking '/home/aurelien/dev_ws/install/serial_motor_demo/lib/python3.10/site-packages'
[5.919s] Level 1:colcon.colcon_core.shell:create_environment_hook('serial_motor_demo', 'pythonpath')
[5.920s] INFO:colcon.colcon_core.shell:Creating environment hook '/home/aurelien/dev_ws/install/serial_motor_demo/share/serial_motor_demo/hook/pythonpath.ps1'
[5.920s] INFO:colcon.colcon_core.shell:Creating environment descriptor '/home/aurelien/dev_ws/install/serial_motor_demo/share/serial_motor_demo/hook/pythonpath.dsv'
[5.920s] INFO:colcon.colcon_core.shell:Creating environment hook '/home/aurelien/dev_ws/install/serial_motor_demo/share/serial_motor_demo/hook/pythonpath.sh'
[5.920s] Level 1:colcon.colcon_core.environment:checking '/home/aurelien/dev_ws/install/serial_motor_demo/bin'
[5.920s] Level 1:colcon.colcon_core.environment:create_environment_scripts_only(serial_motor_demo)
[5.921s] INFO:colcon.colcon_core.shell:Creating package script '/home/aurelien/dev_ws/install/serial_motor_demo/share/serial_motor_demo/package.ps1'
[5.921s] INFO:colcon.colcon_core.shell:Creating package descriptor '/home/aurelien/dev_ws/install/serial_motor_demo/share/serial_motor_demo/package.dsv'
[5.922s] INFO:colcon.colcon_core.shell:Creating package script '/home/aurelien/dev_ws/install/serial_motor_demo/share/serial_motor_demo/package.sh'
[5.922s] INFO:colcon.colcon_core.shell:Creating package script '/home/aurelien/dev_ws/install/serial_motor_demo/share/serial_motor_demo/package.bash'
[5.922s] INFO:colcon.colcon_core.shell:Creating package script '/home/aurelien/dev_ws/install/serial_motor_demo/share/serial_motor_demo/package.zsh'
[5.922s] Level 1:colcon.colcon_core.environment:create_file_with_runtime_dependencies(/home/aurelien/dev_ws/install/serial_motor_demo/share/colcon-core/packages/serial_motor_demo)
[5.922s] DEBUG:colcon.colcon_parallel_executor.executor.parallel:closing loop
[5.922s] DEBUG:colcon.colcon_parallel_executor.executor.parallel:loop closed
[5.922s] DEBUG:colcon.colcon_parallel_executor.executor.parallel:run_until_complete finished with '0'
[5.922s] DEBUG:colcon.colcon_core.event_reactor:joining thread
[5.926s] INFO:colcon.colcon_core.plugin_system:Skipping extension 'colcon_notification.desktop_notification.terminal_notifier': Not used on non-Darwin systems
[5.926s] INFO:colcon.colcon_core.plugin_system:Skipping extension 'colcon_notification.desktop_notification.win32': Not used on non-Windows systems
[5.926s] INFO:colcon.colcon_notification.desktop_notification:Sending desktop notification using 'notify2'
[5.938s] DEBUG:colcon.colcon_core.event_reactor:joined thread
[5.939s] INFO:colcon.colcon_core.shell:Creating prefix script '/home/aurelien/dev_ws/install/local_setup.ps1'
[5.940s] INFO:colcon.colcon_core.shell:Creating prefix util module '/home/aurelien/dev_ws/install/_local_setup_util_ps1.py'
[5.941s] INFO:colcon.colcon_core.shell:Creating prefix chain script '/home/aurelien/dev_ws/install/setup.ps1'
[5.942s] INFO:colcon.colcon_core.shell:Creating prefix script '/home/aurelien/dev_ws/install/local_setup.sh'
[5.942s] INFO:colcon.colcon_core.shell:Creating prefix util module '/home/aurelien/dev_ws/install/_local_setup_util_sh.py'
[5.942s] INFO:colcon.colcon_core.shell:Creating prefix chain script '/home/aurelien/dev_ws/install/setup.sh'
[5.943s] INFO:colcon.colcon_core.shell:Creating prefix script '/home/aurelien/dev_ws/install/local_setup.bash'
[5.943s] INFO:colcon.colcon_core.shell:Creating prefix chain script '/home/aurelien/dev_ws/install/setup.bash'
[5.944s] INFO:colcon.colcon_core.shell:Creating prefix script '/home/aurelien/dev_ws/install/local_setup.zsh'
[5.944s] INFO:colcon.colcon_core.shell:Creating prefix chain script '/home/aurelien/dev_ws/install/setup.zsh'
