[0.228s] DEBUG:colcon:Command line arguments: ['/usr/bin/colcon', 'build', '--symlink-install']
[0.228s] DEBUG:colcon:Parsed command line arguments: Namespace(log_base=None, log_level=None, verb_name='build', build_base='build', install_base='install', merge_install=False, symlink_install=True, test_result_base=None, continue_on_error=False, executor='parallel', parallel_workers=16, event_handlers=None, ignore_user_meta=False, metas=['./colcon.meta'], base_paths=['.'], packages_ignore=None, packages_ignore_regex=None, paths=None, packages_up_to=None, packages_up_to_regex=None, packages_above=None, packages_above_and_dependencies=None, packages_above_depth=None, packages_select_by_dep=None, packages_skip_by_dep=None, packages_skip_up_to=None, packages_select_build_failed=False, packages_skip_build_finished=False, packages_select_test_failures=False, packages_skip_test_passed=False, packages_select=None, packages_skip=None, packages_select_regex=None, packages_skip_regex=None, packages_start=None, packages_end=None, allow_overriding=[], cmake_args=None, cmake_target=None, cmake_target_skip_unavailable=False, cmake_clean_cache=False, cmake_clean_first=False, cmake_force_configure=False, ament_cmake_args=None, catkin_cmake_args=None, catkin_skip_building_tests=False, verb_parser=<colcon_defaults.argument_parser.defaults.DefaultArgumentsDecorator object at 0x7f01a5bf87f0>, verb_extension=<colcon_core.verb.build.BuildVerb object at 0x7f01a617b520>, main=<bound method BuildVerb.main of <colcon_core.verb.build.BuildVerb object at 0x7f01a617b520>>)
[0.248s] Level 1:colcon.colcon_core.package_discovery:discover_packages(colcon_meta) check parameters
[0.248s] Level 1:colcon.colcon_core.package_discovery:discover_packages(recursive) check parameters
[0.248s] Level 1:colcon.colcon_core.package_discovery:discover_packages(ignore) check parameters
[0.248s] Level 1:colcon.colcon_core.package_discovery:discover_packages(path) check parameters
[0.248s] Level 1:colcon.colcon_core.package_discovery:discover_packages(colcon_meta) discover
[0.248s] Level 1:colcon.colcon_core.package_discovery:discover_packages(recursive) discover
[0.248s] INFO:colcon.colcon_core.package_discovery:Crawling recursively for packages in '~/dev_ws/src'
[0.248s] Level 1:colcon.colcon_core.package_identification:_identify(.) by extensions ['ignore', 'ignore_ament_install']
[0.248s] Level 1:colcon.colcon_core.package_identification:_identify(.) by extension 'ignore'
[0.248s] Level 1:colcon.colcon_core.package_identification:_identify(.) by extension 'ignore_ament_install'
[0.248s] Level 1:colcon.colcon_core.package_identification:_identify(.) by extensions ['colcon_pkg']
[0.248s] Level 1:colcon.colcon_core.package_identification:_identify(.) by extension 'colcon_pkg'
[0.248s] Level 1:colcon.colcon_core.package_identification:_identify(.) by extensions ['colcon_meta']
[0.248s] Level 1:colcon.colcon_core.package_identification:_identify(.) by extension 'colcon_meta'
[0.248s] Level 1:colcon.colcon_core.package_identification:_identify(.) by extensions ['ros']
[0.248s] Level 1:colcon.colcon_core.package_identification:_identify(.) by extension 'ros'
[0.259s] Level 1:colcon.colcon_core.package_identification:_identify(.) by extensions ['cmake', 'python']
[0.259s] Level 1:colcon.colcon_core.package_identification:_identify(.) by extension 'cmake'
[0.259s] Level 1:colcon.colcon_core.package_identification:_identify(.) by extension 'python'
[0.259s] Level 1:colcon.colcon_core.package_identification:_identify(.) by extensions ['python_setup_py']
[0.259s] Level 1:colcon.colcon_core.package_identification:_identify(.) by extension 'python_setup_py'
[0.260s] Level 1:colcon.colcon_core.package_identification:_identify(articubot_one) by extensions ['ignore', 'ignore_ament_install']
[0.260s] Level 1:colcon.colcon_core.package_identification:_identify(articubot_one) by extension 'ignore'
[0.260s] Level 1:colcon.colcon_core.package_identification:_identify(articubot_one) by extension 'ignore_ament_install'
[0.260s] Level 1:colcon.colcon_core.package_identification:_identify(articubot_one) by extensions ['colcon_pkg']
[0.260s] Level 1:colcon.colcon_core.package_identification:_identify(articubot_one) by extension 'colcon_pkg'
[0.260s] Level 1:colcon.colcon_core.package_identification:_identify(articubot_one) by extensions ['colcon_meta']
[0.260s] Level 1:colcon.colcon_core.package_identification:_identify(articubot_one) by extension 'colcon_meta'
[0.260s] Level 1:colcon.colcon_core.package_identification:_identify(articubot_one) by extensions ['ros']
[0.260s] Level 1:colcon.colcon_core.package_identification:_identify(articubot_one) by extension 'ros'
[0.262s] DEBUG:colcon.colcon_core.package_identification:Package 'articubot_one' with type 'ros.ament_cmake' and name 'articubot_one'
[0.262s] Level 1:colcon.colcon_core.package_identification:_identify(build) by extensions ['ignore', 'ignore_ament_install']
[0.262s] Level 1:colcon.colcon_core.package_identification:_identify(build) by extension 'ignore'
[0.262s] Level 1:colcon.colcon_core.package_identification:_identify(build) ignored
[0.262s] Level 1:colcon.colcon_core.package_identification:_identify(install) by extensions ['ignore', 'ignore_ament_install']
[0.262s] Level 1:colcon.colcon_core.package_identification:_identify(install) by extension 'ignore'
[0.262s] Level 1:colcon.colcon_core.package_identification:_identify(install) ignored
[0.262s] Level 1:colcon.colcon_core.package_identification:_identify(log) by extensions ['ignore', 'ignore_ament_install']
[0.262s] Level 1:colcon.colcon_core.package_identification:_identify(log) by extension 'ignore'
[0.262s] Level 1:colcon.colcon_core.package_identification:_identify(log) ignored
[0.262s] Level 1:colcon.colcon_core.package_identification:_identify(urg_node2) by extensions ['ignore', 'ignore_ament_install']
[0.262s] Level 1:colcon.colcon_core.package_identification:_identify(urg_node2) by extension 'ignore'
[0.262s] Level 1:colcon.colcon_core.package_identification:_identify(urg_node2) by extension 'ignore_ament_install'
[0.262s] Level 1:colcon.colcon_core.package_identification:_identify(urg_node2) by extensions ['colcon_pkg']
[0.262s] Level 1:colcon.colcon_core.package_identification:_identify(urg_node2) by extension 'colcon_pkg'
[0.263s] Level 1:colcon.colcon_core.package_identification:_identify(urg_node2) by extensions ['colcon_meta']
[0.263s] Level 1:colcon.colcon_core.package_identification:_identify(urg_node2) by extension 'colcon_meta'
[0.263s] Level 1:colcon.colcon_core.package_identification:_identify(urg_node2) by extensions ['ros']
[0.263s] Level 1:colcon.colcon_core.package_identification:_identify(urg_node2) by extension 'ros'
[0.263s] DEBUG:colcon.colcon_core.package_identification:Package 'urg_node2' with type 'ros.ament_cmake' and name 'urg_node2'
[0.263s] Level 1:colcon.colcon_core.package_discovery:discover_packages(recursive) using defaults
[0.263s] Level 1:colcon.colcon_core.package_discovery:discover_packages(ignore) discover
[0.263s] Level 1:colcon.colcon_core.package_discovery:discover_packages(ignore) using defaults
[0.263s] Level 1:colcon.colcon_core.package_discovery:discover_packages(path) discover
[0.263s] Level 1:colcon.colcon_core.package_discovery:discover_packages(path) using defaults
[0.279s] Level 1:colcon.colcon_core.package_discovery:discover_packages(prefix_path) check parameters
[0.279s] Level 1:colcon.colcon_core.package_discovery:discover_packages(prefix_path) discover
[0.281s] DEBUG:colcon.colcon_installed_package_information.package_discovery:Found 2 installed packages in ~/dev_ws/install
[0.282s] DEBUG:colcon.colcon_installed_package_information.package_discovery:Found 389 installed packages in /opt/ros/humble
[0.284s] Level 1:colcon.colcon_core.package_discovery:discover_packages(prefix_path) using defaults
[0.330s] Level 5:colcon.colcon_core.verb:set package 'articubot_one' build argument 'cmake_args' from command line to 'None'
[0.330s] Level 5:colcon.colcon_core.verb:set package 'articubot_one' build argument 'cmake_target' from command line to 'None'
[0.330s] Level 5:colcon.colcon_core.verb:set package 'articubot_one' build argument 'cmake_target_skip_unavailable' from command line to 'False'
[0.330s] Level 5:colcon.colcon_core.verb:set package 'articubot_one' build argument 'cmake_clean_cache' from command line to 'False'
[0.330s] Level 5:colcon.colcon_core.verb:set package 'articubot_one' build argument 'cmake_clean_first' from command line to 'False'
[0.330s] Level 5:colcon.colcon_core.verb:set package 'articubot_one' build argument 'cmake_force_configure' from command line to 'False'
[0.330s] Level 5:colcon.colcon_core.verb:set package 'articubot_one' build argument 'ament_cmake_args' from command line to 'None'
[0.330s] Level 5:colcon.colcon_core.verb:set package 'articubot_one' build argument 'catkin_cmake_args' from command line to 'None'
[0.330s] Level 5:colcon.colcon_core.verb:set package 'articubot_one' build argument 'catkin_skip_building_tests' from command line to 'False'
[0.330s] DEBUG:colcon.colcon_core.verb:Building package 'articubot_one' with the following arguments: {'ament_cmake_args': None, 'build_base': '~/dev_ws/src/build/articubot_one', 'catkin_cmake_args': None, 'catkin_skip_building_tests': False, 'cmake_args': None, 'cmake_clean_cache': False, 'cmake_clean_first': False, 'cmake_force_configure': False, 'cmake_target': None, 'cmake_target_skip_unavailable': False, 'install_base': '~/dev_ws/src/install/articubot_one', 'merge_install': False, 'path': '~/dev_ws/src/articubot_one', 'symlink_install': True, 'test_result_base': None}
[0.331s] Level 5:colcon.colcon_core.verb:set package 'urg_node2' build argument 'cmake_args' from command line to 'None'
[0.331s] Level 5:colcon.colcon_core.verb:set package 'urg_node2' build argument 'cmake_target' from command line to 'None'
[0.331s] Level 5:colcon.colcon_core.verb:set package 'urg_node2' build argument 'cmake_target_skip_unavailable' from command line to 'False'
[0.331s] Level 5:colcon.colcon_core.verb:set package 'urg_node2' build argument 'cmake_clean_cache' from command line to 'False'
[0.331s] Level 5:colcon.colcon_core.verb:set package 'urg_node2' build argument 'cmake_clean_first' from command line to 'False'
[0.331s] Level 5:colcon.colcon_core.verb:set package 'urg_node2' build argument 'cmake_force_configure' from command line to 'False'
[0.331s] Level 5:colcon.colcon_core.verb:set package 'urg_node2' build argument 'ament_cmake_args' from command line to 'None'
[0.331s] Level 5:colcon.colcon_core.verb:set package 'urg_node2' build argument 'catkin_cmake_args' from command line to 'None'
[0.331s] Level 5:colcon.colcon_core.verb:set package 'urg_node2' build argument 'catkin_skip_building_tests' from command line to 'False'
[0.331s] DEBUG:colcon.colcon_core.verb:Building package 'urg_node2' with the following arguments: {'ament_cmake_args': None, 'build_base': '~/dev_ws/src/build/urg_node2', 'catkin_cmake_args': None, 'catkin_skip_building_tests': False, 'cmake_args': None, 'cmake_clean_cache': False, 'cmake_clean_first': False, 'cmake_force_configure': False, 'cmake_target': None, 'cmake_target_skip_unavailable': False, 'install_base': '~/dev_ws/src/install/urg_node2', 'merge_install': False, 'path': '~/dev_ws/src/urg_node2', 'symlink_install': True, 'test_result_base': None}
[0.331s] INFO:colcon.colcon_core.executor:Executing jobs using 'parallel' executor
[0.334s] DEBUG:colcon.colcon_parallel_executor.executor.parallel:run_until_complete
[0.334s] INFO:colcon.colcon_ros.task.ament_cmake.build:Building ROS package in '~/dev_ws/src/articubot_one' with build type 'ament_cmake'
[0.334s] INFO:colcon.colcon_cmake.task.cmake.build:Building CMake package in '~/dev_ws/src/articubot_one'
[0.337s] INFO:colcon.colcon_core.plugin_system:Skipping extension 'colcon_core.shell.bat': Not used on non-Windows systems
[0.337s] INFO:colcon.colcon_core.shell:Skip shell extension 'powershell' for command environment: Not usable outside of PowerShell
[0.337s] DEBUG:colcon.colcon_core.shell:Skip shell extension 'dsv' for command environment
[0.340s] DEBUG:colcon.colcon_core.shell:Ignoring prefix path '~/catkin_ws/devel'
[0.341s] INFO:colcon.colcon_ros.task.ament_cmake.build:Building ROS package in '~/dev_ws/src/urg_node2' with build type 'ament_cmake'
[0.341s] INFO:colcon.colcon_cmake.task.cmake.build:Building CMake package in '~/dev_ws/src/urg_node2'
[0.342s] INFO:colcon.colcon_core.shell:Skip shell extension 'powershell' for command environment: Not usable outside of PowerShell
[0.342s] DEBUG:colcon.colcon_core.shell:Skip shell extension 'dsv' for command environment
[0.346s] DEBUG:colcon.colcon_core.shell:Ignoring prefix path '~/catkin_ws/devel'
[0.352s] DEBUG:colcon.colcon_core.event_handler.log_command:Invoking command in '~/dev_ws/src/build/articubot_one': CMAKE_PREFIX_PATH=~/dev_ws/install/articubot_one:/opt/ros/humble:~/catkin_ws/devel /usr/bin/cmake --build ~/dev_ws/src/build/articubot_one -- -j16 -l16
[0.355s] DEBUG:colcon.colcon_core.event_handler.log_command:Invoking command in '~/dev_ws/src/build/urg_node2': CMAKE_PREFIX_PATH=~/dev_ws/install/articubot_one:/opt/ros/humble:~/catkin_ws/devel /usr/bin/cmake --build ~/dev_ws/src/build/urg_node2 -- -j16 -l16
[0.397s] DEBUG:colcon.colcon_core.event_handler.log_command:Invoked command in '~/dev_ws/src/build/articubot_one' returned '0': CMAKE_PREFIX_PATH=~/dev_ws/install/articubot_one:/opt/ros/humble:~/catkin_ws/devel /usr/bin/cmake --build ~/dev_ws/src/build/articubot_one -- -j16 -l16
[0.444s] DEBUG:colcon.colcon_core.event_handler.log_command:Invoking command in '~/dev_ws/src/build/articubot_one': CMAKE_PREFIX_PATH=~/dev_ws/install/articubot_one:/opt/ros/humble:~/catkin_ws/devel /usr/bin/cmake --install ~/dev_ws/src/build/articubot_one
[0.478s] Level 1:colcon.colcon_core.environment:create_environment_scripts_only(articubot_one)
[0.480s] DEBUG:colcon.colcon_core.event_handler.log_command:Invoked command in '~/dev_ws/src/build/articubot_one' returned '0': CMAKE_PREFIX_PATH=~/dev_ws/install/articubot_one:/opt/ros/humble:~/catkin_ws/devel /usr/bin/cmake --install ~/dev_ws/src/build/articubot_one
[0.487s] Level 1:colcon.colcon_core.environment:checking '~/dev_ws/src/install/articubot_one' for CMake module files
[0.488s] Level 1:colcon.colcon_core.environment:checking '~/dev_ws/src/install/articubot_one' for CMake config files
[0.489s] Level 1:colcon.colcon_core.shell:create_environment_hook('articubot_one', 'cmake_prefix_path')
[0.491s] INFO:colcon.colcon_core.shell:Creating environment hook '~/dev_ws/src/install/articubot_one/share/articubot_one/hook/cmake_prefix_path.ps1'
[0.492s] INFO:colcon.colcon_core.shell:Creating environment descriptor '~/dev_ws/src/install/articubot_one/share/articubot_one/hook/cmake_prefix_path.dsv'
[0.494s] INFO:colcon.colcon_core.shell:Creating environment hook '~/dev_ws/src/install/articubot_one/share/articubot_one/hook/cmake_prefix_path.sh'
[0.495s] Level 1:colcon.colcon_core.environment:checking '~/dev_ws/src/install/articubot_one/bin'
[0.495s] Level 1:colcon.colcon_core.environment:checking '~/dev_ws/src/install/articubot_one/lib/pkgconfig/articubot_one.pc'
[0.496s] Level 1:colcon.colcon_core.environment:checking '~/dev_ws/src/install/articubot_one/lib/python3.10/site-packages'
[0.496s] Level 1:colcon.colcon_core.environment:checking '~/dev_ws/src/install/articubot_one/bin'
[0.499s] INFO:colcon.colcon_core.shell:Creating package script '~/dev_ws/src/install/articubot_one/share/articubot_one/package.ps1'
[0.500s] INFO:colcon.colcon_core.shell:Creating package descriptor '~/dev_ws/src/install/articubot_one/share/articubot_one/package.dsv'
[0.501s] INFO:colcon.colcon_core.shell:Creating package script '~/dev_ws/src/install/articubot_one/share/articubot_one/package.sh'
[0.502s] INFO:colcon.colcon_core.shell:Creating package script '~/dev_ws/src/install/articubot_one/share/articubot_one/package.bash'
[0.503s] INFO:colcon.colcon_core.shell:Creating package script '~/dev_ws/src/install/articubot_one/share/articubot_one/package.zsh'
[0.504s] Level 1:colcon.colcon_core.environment:create_file_with_runtime_dependencies(~/dev_ws/src/install/articubot_one/share/colcon-core/packages/articubot_one)
[0.509s] DEBUG:colcon.colcon_core.event_handler.log_command:Invoked command in '~/dev_ws/src/build/urg_node2' returned '0': CMAKE_PREFIX_PATH=~/dev_ws/install/articubot_one:/opt/ros/humble:~/catkin_ws/devel /usr/bin/cmake --build ~/dev_ws/src/build/urg_node2 -- -j16 -l16
[0.536s] Level 1:colcon.colcon_core.environment:create_environment_scripts_only(articubot_one)
[0.538s] Level 1:colcon.colcon_core.environment:checking '~/dev_ws/src/install/articubot_one' for CMake module files
[0.538s] Level 1:colcon.colcon_core.environment:checking '~/dev_ws/src/install/articubot_one' for CMake config files
[0.538s] Level 1:colcon.colcon_core.shell:create_environment_hook('articubot_one', 'cmake_prefix_path')
[0.539s] INFO:colcon.colcon_core.shell:Creating environment hook '~/dev_ws/src/install/articubot_one/share/articubot_one/hook/cmake_prefix_path.ps1'
[0.540s] INFO:colcon.colcon_core.shell:Creating environment descriptor '~/dev_ws/src/install/articubot_one/share/articubot_one/hook/cmake_prefix_path.dsv'
[0.540s] INFO:colcon.colcon_core.shell:Creating environment hook '~/dev_ws/src/install/articubot_one/share/articubot_one/hook/cmake_prefix_path.sh'
[0.540s] Level 1:colcon.colcon_core.environment:checking '~/dev_ws/src/install/articubot_one/bin'
[0.541s] Level 1:colcon.colcon_core.environment:checking '~/dev_ws/src/install/articubot_one/lib/pkgconfig/articubot_one.pc'
[0.541s] Level 1:colcon.colcon_core.environment:checking '~/dev_ws/src/install/articubot_one/lib/python3.10/site-packages'
[0.541s] Level 1:colcon.colcon_core.environment:checking '~/dev_ws/src/install/articubot_one/bin'
[0.542s] INFO:colcon.colcon_core.shell:Creating package script '~/dev_ws/src/install/articubot_one/share/articubot_one/package.ps1'
[0.542s] INFO:colcon.colcon_core.shell:Creating package descriptor '~/dev_ws/src/install/articubot_one/share/articubot_one/package.dsv'
[0.543s] INFO:colcon.colcon_core.shell:Creating package script '~/dev_ws/src/install/articubot_one/share/articubot_one/package.sh'
[0.543s] INFO:colcon.colcon_core.shell:Creating package script '~/dev_ws/src/install/articubot_one/share/articubot_one/package.bash'
[0.543s] INFO:colcon.colcon_core.shell:Creating package script '~/dev_ws/src/install/articubot_one/share/articubot_one/package.zsh'
[0.543s] Level 1:colcon.colcon_core.environment:create_file_with_runtime_dependencies(~/dev_ws/src/install/articubot_one/share/colcon-core/packages/articubot_one)
[0.581s] DEBUG:colcon.colcon_core.event_handler.log_command:Invoking command in '~/dev_ws/src/build/urg_node2': CMAKE_PREFIX_PATH=~/dev_ws/install/articubot_one:/opt/ros/humble:~/catkin_ws/devel /usr/bin/cmake --install ~/dev_ws/src/build/urg_node2
[0.595s] Level 1:colcon.colcon_core.environment:create_environment_scripts_only(urg_node2)
[0.595s] DEBUG:colcon.colcon_core.event_handler.log_command:Invoked command in '~/dev_ws/src/build/urg_node2' returned '0': CMAKE_PREFIX_PATH=~/dev_ws/install/articubot_one:/opt/ros/humble:~/catkin_ws/devel /usr/bin/cmake --install ~/dev_ws/src/build/urg_node2
[0.597s] Level 1:colcon.colcon_core.environment:checking '~/dev_ws/src/install/urg_node2' for CMake module files
[0.597s] Level 1:colcon.colcon_core.environment:checking '~/dev_ws/src/install/urg_node2' for CMake config files
[0.597s] Level 1:colcon.colcon_core.shell:create_environment_hook('urg_node2', 'cmake_prefix_path')
[0.598s] INFO:colcon.colcon_core.shell:Creating environment hook '~/dev_ws/src/install/urg_node2/share/urg_node2/hook/cmake_prefix_path.ps1'
[0.599s] INFO:colcon.colcon_core.shell:Creating environment descriptor '~/dev_ws/src/install/urg_node2/share/urg_node2/hook/cmake_prefix_path.dsv'
[0.599s] INFO:colcon.colcon_core.shell:Creating environment hook '~/dev_ws/src/install/urg_node2/share/urg_node2/hook/cmake_prefix_path.sh'
[0.599s] Level 1:colcon.colcon_core.environment:checking '~/dev_ws/src/install/urg_node2/lib'
[0.600s] Level 1:colcon.colcon_core.shell:create_environment_hook('urg_node2', 'ld_library_path_lib')
[0.601s] INFO:colcon.colcon_core.shell:Creating environment hook '~/dev_ws/src/install/urg_node2/share/urg_node2/hook/ld_library_path_lib.ps1'
[0.601s] INFO:colcon.colcon_core.shell:Creating environment descriptor '~/dev_ws/src/install/urg_node2/share/urg_node2/hook/ld_library_path_lib.dsv'
[0.601s] INFO:colcon.colcon_core.shell:Creating environment hook '~/dev_ws/src/install/urg_node2/share/urg_node2/hook/ld_library_path_lib.sh'
[0.601s] Level 1:colcon.colcon_core.environment:checking '~/dev_ws/src/install/urg_node2/bin'
[0.601s] Level 1:colcon.colcon_core.environment:checking '~/dev_ws/src/install/urg_node2/lib/pkgconfig/urg_node2.pc'
[0.601s] Level 1:colcon.colcon_core.environment:checking '~/dev_ws/src/install/urg_node2/lib/python3.10/site-packages'
[0.602s] Level 1:colcon.colcon_core.environment:checking '~/dev_ws/src/install/urg_node2/bin'
[0.602s] INFO:colcon.colcon_core.shell:Creating package script '~/dev_ws/src/install/urg_node2/share/urg_node2/package.ps1'
[0.603s] INFO:colcon.colcon_core.shell:Creating package descriptor '~/dev_ws/src/install/urg_node2/share/urg_node2/package.dsv'
[0.603s] INFO:colcon.colcon_core.shell:Creating package script '~/dev_ws/src/install/urg_node2/share/urg_node2/package.sh'
[0.603s] INFO:colcon.colcon_core.shell:Creating package script '~/dev_ws/src/install/urg_node2/share/urg_node2/package.bash'
[0.603s] INFO:colcon.colcon_core.shell:Creating package script '~/dev_ws/src/install/urg_node2/share/urg_node2/package.zsh'
[0.604s] Level 1:colcon.colcon_core.environment:create_file_with_runtime_dependencies(~/dev_ws/src/install/urg_node2/share/colcon-core/packages/urg_node2)
[0.668s] Level 1:colcon.colcon_core.environment:create_environment_scripts_only(urg_node2)
[0.669s] Level 1:colcon.colcon_core.environment:checking '~/dev_ws/src/install/urg_node2' for CMake module files
[0.670s] Level 1:colcon.colcon_core.environment:checking '~/dev_ws/src/install/urg_node2' for CMake config files
[0.670s] Level 1:colcon.colcon_core.shell:create_environment_hook('urg_node2', 'cmake_prefix_path')
[0.671s] INFO:colcon.colcon_core.shell:Creating environment hook '~/dev_ws/src/install/urg_node2/share/urg_node2/hook/cmake_prefix_path.ps1'
[0.671s] INFO:colcon.colcon_core.shell:Creating environment descriptor '~/dev_ws/src/install/urg_node2/share/urg_node2/hook/cmake_prefix_path.dsv'
[0.671s] INFO:colcon.colcon_core.shell:Creating environment hook '~/dev_ws/src/install/urg_node2/share/urg_node2/hook/cmake_prefix_path.sh'
[0.672s] Level 1:colcon.colcon_core.environment:checking '~/dev_ws/src/install/urg_node2/lib'
[0.672s] Level 1:colcon.colcon_core.shell:create_environment_hook('urg_node2', 'ld_library_path_lib')
[0.673s] INFO:colcon.colcon_core.shell:Creating environment hook '~/dev_ws/src/install/urg_node2/share/urg_node2/hook/ld_library_path_lib.ps1'
[0.673s] INFO:colcon.colcon_core.shell:Creating environment descriptor '~/dev_ws/src/install/urg_node2/share/urg_node2/hook/ld_library_path_lib.dsv'
[0.673s] INFO:colcon.colcon_core.shell:Creating environment hook '~/dev_ws/src/install/urg_node2/share/urg_node2/hook/ld_library_path_lib.sh'
[0.673s] Level 1:colcon.colcon_core.environment:checking '~/dev_ws/src/install/urg_node2/bin'
[0.673s] Level 1:colcon.colcon_core.environment:checking '~/dev_ws/src/install/urg_node2/lib/pkgconfig/urg_node2.pc'
[0.674s] Level 1:colcon.colcon_core.environment:checking '~/dev_ws/src/install/urg_node2/lib/python3.10/site-packages'
[0.674s] Level 1:colcon.colcon_core.environment:checking '~/dev_ws/src/install/urg_node2/bin'
[0.675s] INFO:colcon.colcon_core.shell:Creating package script '~/dev_ws/src/install/urg_node2/share/urg_node2/package.ps1'
[0.675s] INFO:colcon.colcon_core.shell:Creating package descriptor '~/dev_ws/src/install/urg_node2/share/urg_node2/package.dsv'
[0.676s] INFO:colcon.colcon_core.shell:Creating package script '~/dev_ws/src/install/urg_node2/share/urg_node2/package.sh'
[0.676s] INFO:colcon.colcon_core.shell:Creating package script '~/dev_ws/src/install/urg_node2/share/urg_node2/package.bash'
[0.676s] INFO:colcon.colcon_core.shell:Creating package script '~/dev_ws/src/install/urg_node2/share/urg_node2/package.zsh'
[0.677s] Level 1:colcon.colcon_core.environment:create_file_with_runtime_dependencies(~/dev_ws/src/install/urg_node2/share/colcon-core/packages/urg_node2)
[0.677s] DEBUG:colcon.colcon_parallel_executor.executor.parallel:closing loop
[0.677s] DEBUG:colcon.colcon_parallel_executor.executor.parallel:loop closed
[0.677s] DEBUG:colcon.colcon_parallel_executor.executor.parallel:run_until_complete finished with '0'
[0.677s] DEBUG:colcon.colcon_core.event_reactor:joining thread
[0.682s] INFO:colcon.colcon_core.plugin_system:Skipping extension 'colcon_notification.desktop_notification.terminal_notifier': Not used on non-Darwin systems
[0.682s] INFO:colcon.colcon_core.plugin_system:Skipping extension 'colcon_notification.desktop_notification.win32': Not used on non-Windows systems
[0.682s] INFO:colcon.colcon_notification.desktop_notification:Sending desktop notification using 'notify2'
[0.694s] DEBUG:colcon.colcon_core.event_reactor:joined thread
[0.696s] INFO:colcon.colcon_core.shell:Creating prefix script '~/dev_ws/src/install/local_setup.ps1'
[0.697s] INFO:colcon.colcon_core.shell:Creating prefix util module '~/dev_ws/src/install/_local_setup_util_ps1.py'
[0.698s] INFO:colcon.colcon_core.shell:Creating prefix chain script '~/dev_ws/src/install/setup.ps1'
[0.699s] INFO:colcon.colcon_core.shell:Creating prefix script '~/dev_ws/src/install/local_setup.sh'
[0.700s] INFO:colcon.colcon_core.shell:Creating prefix util module '~/dev_ws/src/install/_local_setup_util_sh.py'
[0.700s] INFO:colcon.colcon_core.shell:Creating prefix chain script '~/dev_ws/src/install/setup.sh'
[0.701s] INFO:colcon.colcon_core.shell:Creating prefix script '~/dev_ws/src/install/local_setup.bash'
[0.701s] INFO:colcon.colcon_core.shell:Creating prefix chain script '~/dev_ws/src/install/setup.bash'
[0.702s] INFO:colcon.colcon_core.shell:Creating prefix script '~/dev_ws/src/install/local_setup.zsh'
[0.703s] INFO:colcon.colcon_core.shell:Creating prefix chain script '~/dev_ws/src/install/setup.zsh'
