[0.012s] Invoking command in '~/dev_ws/build/urg_node2': CMAKE_PREFIX_PATH=~/dev_ws/install/articubot_one:/opt/ros/humble:~/catkin_ws/devel /usr/bin/cmake ~/dev_ws/src/urg_node2 -DAMENT_CMAKE_SYMLINK_INSTALL=1 -DCMAKE_INSTALL_PREFIX=~/dev_ws/install/urg_node2
[0.106s] -- The C compiler identification is GNU 11.3.0
[0.203s] -- The CXX compiler identification is GNU 11.3.0
[0.219s] -- Detecting C compiler ABI info
[0.341s] -- Detecting C compiler ABI info - done
[0.356s] -- Check for working C compiler: /usr/bin/cc - skipped
[0.357s] -- Detecting C compile features
[0.358s] -- Detecting C compile features - done
[0.364s] -- Detecting CXX compiler ABI info
[0.499s] -- Detecting CXX compiler ABI info - done
[0.514s] -- Check for working CXX compiler: /usr/bin/c++ - skipped
[0.514s] -- Detecting CXX compile features
[0.515s] -- Detecting CXX compile features - done
[0.521s] -- Found ament_cmake: 1.3.3 (/opt/ros/humble/share/ament_cmake/cmake)
[0.825s] -- Found Python3: /usr/bin/python3.10 (found version "3.10.6") found components: Interpreter 
[0.925s] -- Override CMake install command with custom implementation using symlinks instead of copying resources
[0.955s] -- Found rclcpp: 16.0.3 (/opt/ros/humble/share/rclcpp/cmake)
[0.991s] -- Found rosidl_generator_c: 3.1.4 (/opt/ros/humble/share/rosidl_generator_c/cmake)
[0.997s] -- Found rosidl_adapter: 3.1.4 (/opt/ros/humble/share/rosidl_adapter/cmake)
[1.005s] -- Found rosidl_generator_cpp: 3.1.4 (/opt/ros/humble/share/rosidl_generator_cpp/cmake)
[1.054s] -- Using all available rosidl_typesupport_c: rosidl_typesupport_fastrtps_c;rosidl_typesupport_introspection_c
[1.095s] -- Using all available rosidl_typesupport_cpp: rosidl_typesupport_fastrtps_cpp;rosidl_typesupport_introspection_cpp
[1.206s] -- Found rmw_implementation_cmake: 6.1.1 (/opt/ros/humble/share/rmw_implementation_cmake/cmake)
[1.210s] -- Found rmw_fastrtps_cpp: 6.2.2 (/opt/ros/humble/share/rmw_fastrtps_cpp/cmake)
[1.365s] -- Found OpenSSL: /usr/lib/x86_64-linux-gnu/libcrypto.so (found version "3.0.2")  
[1.419s] -- Found FastRTPS: /opt/ros/humble/include  
[1.509s] -- Using RMW implementation 'rmw_fastrtps_cpp' as default
[1.527s] -- Looking for pthread.h
[1.641s] -- Looking for pthread.h - found
[1.642s] -- Performing Test CMAKE_HAVE_LIBC_PTHREAD
[1.765s] -- Performing Test CMAKE_HAVE_LIBC_PTHREAD - Success
[1.767s] -- Found Threads: TRUE  
[1.979s] -- Found rclcpp_components: 16.0.3 (/opt/ros/humble/share/rclcpp_components/cmake)
[2.040s] -- Found rclcpp_lifecycle: 16.0.3 (/opt/ros/humble/share/rclcpp_lifecycle/cmake)
[2.078s] -- Found sensor_msgs: 4.2.3 (/opt/ros/humble/share/sensor_msgs/cmake)
[2.268s] -- Found diagnostic_updater: 3.1.0 (/opt/ros/humble/share/diagnostic_updater/cmake)
[2.328s] -- Found laser_proc: 1.0.2 (/opt/ros/humble/share/laser_proc/cmake)
[2.346s] -- Found ament_cmake_gtest: 1.3.3 (/opt/ros/humble/share/ament_cmake_gtest/cmake)
[2.349s] -- Found gtest sources under '/opt/ros/humble/src/gtest_vendor': C++ tests using 'Google Test' will be built
[2.478s] -- Configuring done
[2.503s] -- Generating done
[2.504s] -- Build files have been written to: ~/dev_ws/build/urg_node2
[2.514s] Invoked command in '~/dev_ws/build/urg_node2' returned '0': CMAKE_PREFIX_PATH=~/dev_ws/install/articubot_one:/opt/ros/humble:~/catkin_ws/devel /usr/bin/cmake ~/dev_ws/src/urg_node2 -DAMENT_CMAKE_SYMLINK_INSTALL=1 -DCMAKE_INSTALL_PREFIX=~/dev_ws/install/urg_node2
[2.516s] Invoking command in '~/dev_ws/build/urg_node2': CMAKE_PREFIX_PATH=~/dev_ws/install/articubot_one:/opt/ros/humble:~/catkin_ws/devel /usr/bin/cmake --build ~/dev_ws/build/urg_node2 -- -j16 -l16
[2.567s] [  5%] [32mBuilding C object CMakeFiles/urg_c.dir/urg_library/current/src/urg_sensor.c.o[0m
[2.568s] [ 10%] [32mBuilding CXX object gtest/CMakeFiles/gtest.dir/src/gtest-all.cc.o[0m
[2.568s] [ 15%] [32mBuilding CXX object gtest/CMakeFiles/gtest_main.dir/src/gtest_main.cc.o[0m
[2.569s] [ 25%] [32mBuilding C object CMakeFiles/urg_c.dir/urg_library/current/src/urg_connection.c.o[0m
[2.569s] [ 25%] [32mBuilding C object CMakeFiles/urg_c.dir/urg_library/current/src/urg_serial.c.o[0m
[2.570s] [ 30%] [32mBuilding CXX object CMakeFiles/urg_node2_node.dir/rclcpp_components/node_main_urg_node2_node.cpp.o[0m
[2.571s] [ 35%] [32mBuilding C object CMakeFiles/urg_c.dir/urg_library/current/src/urg_utils.c.o[0m
[2.573s] [ 40%] [32mBuilding C object CMakeFiles/urg_c.dir/urg_library/current/src/urg_debug.c.o[0m
[2.573s] [ 45%] [32mBuilding C object CMakeFiles/urg_c.dir/urg_library/current/src/urg_ring_buffer.c.o[0m
[2.573s] [ 50%] [32mBuilding C object CMakeFiles/urg_c.dir/urg_library/current/src/urg_serial_utils.c.o[0m
[2.574s] [ 55%] [32mBuilding C object CMakeFiles/urg_c.dir/urg_library/current/src/urg_tcpclient.c.o[0m
[2.622s] [01m[K~/dev_ws/src/urg_node2/urg_library/current/src/urg_utils.c:[m[K In function ‘[01m[Kurg_delay[m[K’:
[2.623s] [01m[K~/dev_ws/src/urg_node2/urg_library/current/src/urg_utils.c:224:5:[m[K [01;35m[Kwarning: [m[Kimplicit declaration of function ‘[01m[Kusleep[m[K’; did you mean ‘[01m[Kurg_sleep[m[K’? [[01;35m[K]8;;https://gcc.gnu.org/onlinedocs/gcc/Warning-Options.html#index-Wimplicit-function-declaration-Wimplicit-function-declaration]8;;[m[K]
[2.623s]   224 |     [01;35m[Kusleep[m[K(1000 * delay_msec);
[2.623s]       |     [01;35m[K^~~~~~[m[K
[2.624s]       |     [32m[Kurg_sleep[m[K
[2.629s] [01m[K~/dev_ws/src/urg_node2/urg_library/current/src/urg_sensor.c:1349:8:[m[K [01;35m[Kwarning: [m[Ktype qualifiers ignored on function return type [[01;35m[K]8;;https://gcc.gnu.org/onlinedocs/gcc/Warning-Options.html#index-Wignored-qualifiers-Wignored-qualifiers]8;;[m[K]
[2.629s]  1349 | static [01;35m[Kconst[m[K int receive_II_command_response(urg_t *urg,
[2.630s]       |        [01;35m[K^~~~~[m[K
[2.718s] [ 60%] [32m[1mLinking C shared library liburg_c.so[0m
[2.753s] [ 60%] Built target urg_c
[2.775s] [ 65%] [32mBuilding CXX object CMakeFiles/urg_node2.dir/src/urg_node2.cpp.o[0m
[3.236s] [ 70%] [32m[1mLinking CXX static library libgtest_main.a[0m
[3.266s] [ 70%] Built target gtest_main
[5.481s] [ 75%] [32m[1mLinking CXX static library libgtest.a[0m
[5.532s] [ 75%] Built target gtest
[5.553s] [ 85%] [32mBuilding CXX object CMakeFiles/urg_node2_test.dir/src/urg_node2.cpp.o[0m
[5.554s] [ 85%] [32mBuilding CXX object CMakeFiles/urg_node2_test.dir/test/urg_node2_test.cpp.o[0m
[5.657s] [ 90%] [32m[1mLinking CXX executable urg_node2_node[0m
[5.775s] [ 90%] Built target urg_node2_node
[8.953s] [ 95%] [32m[1mLinking CXX shared library liburg_node2.so[0m
[9.257s] [ 95%] Built target urg_node2
[16.211s] [100%] [32m[1mLinking CXX executable urg_node2_test[0m
[16.942s] [100%] Built target urg_node2_test
[16.951s] Invoked command in '~/dev_ws/build/urg_node2' returned '0': CMAKE_PREFIX_PATH=~/dev_ws/install/articubot_one:/opt/ros/humble:~/catkin_ws/devel /usr/bin/cmake --build ~/dev_ws/build/urg_node2 -- -j16 -l16
[17.031s] Invoking command in '~/dev_ws/build/urg_node2': CMAKE_PREFIX_PATH=~/dev_ws/install/articubot_one:/opt/ros/humble:~/catkin_ws/devel /usr/bin/cmake --install ~/dev_ws/build/urg_node2
[17.042s] -- Install configuration: ""
[17.043s] -- Execute custom install script
[17.044s] -- Symlinking: ~/dev_ws/install/urg_node2/lib/urg_node2/urg_node2_node
[17.057s] -- Symlinking: ~/dev_ws/install/urg_node2/lib/liburg_node2.so
[17.070s] -- Symlinking: ~/dev_ws/install/urg_node2/lib/liburg_c.so
[17.083s] -- Symlinking: ~/dev_ws/install/urg_node2/share/urg_node2/launch/urg_node2.launch.py
[17.098s] -- Symlinking: ~/dev_ws/install/urg_node2/share/urg_node2/launch/urg_node2_2lidar.launch.py
[17.111s] -- Symlinking: ~/dev_ws/install/urg_node2/share/urg_node2/launch/urg_node2_component.launch.py
[17.124s] -- Symlinking: ~/dev_ws/install/urg_node2/share/urg_node2/config/params_ether.yaml
[17.137s] -- Symlinking: ~/dev_ws/install/urg_node2/share/urg_node2/config/params_ether_2nd.yaml
[17.149s] -- Symlinking: ~/dev_ws/install/urg_node2/share/urg_node2/config/params_serial.yaml
[17.160s] -- Symlinking: ~/dev_ws/install/urg_node2/share/ament_index/resource_index/package_run_dependencies/urg_node2
[17.173s] -- Symlinking: ~/dev_ws/install/urg_node2/share/ament_index/resource_index/parent_prefix_path/urg_node2
[17.184s] -- Symlinking: ~/dev_ws/install/urg_node2/share/urg_node2/environment/ament_prefix_path.sh
[17.197s] -- Symlinking: ~/dev_ws/install/urg_node2/share/urg_node2/environment/ament_prefix_path.dsv
[17.210s] -- Symlinking: ~/dev_ws/install/urg_node2/share/urg_node2/environment/path.sh
[17.222s] -- Symlinking: ~/dev_ws/install/urg_node2/share/urg_node2/environment/path.dsv
[17.234s] -- Symlinking: ~/dev_ws/install/urg_node2/share/urg_node2/local_setup.bash
[17.247s] -- Symlinking: ~/dev_ws/install/urg_node2/share/urg_node2/local_setup.sh
[17.258s] -- Symlinking: ~/dev_ws/install/urg_node2/share/urg_node2/local_setup.zsh
[17.270s] -- Symlinking: ~/dev_ws/install/urg_node2/share/urg_node2/local_setup.dsv
[17.281s] -- Symlinking: ~/dev_ws/install/urg_node2/share/urg_node2/package.dsv
[17.295s] -- Symlinking: ~/dev_ws/install/urg_node2/share/ament_index/resource_index/packages/urg_node2
[17.308s] -- Symlinking: ~/dev_ws/install/urg_node2/share/ament_index/resource_index/rclcpp_components/urg_node2
[17.321s] -- Symlinking: ~/dev_ws/install/urg_node2/share/urg_node2/cmake/urg_node2Config.cmake
[17.334s] -- Symlinking: ~/dev_ws/install/urg_node2/share/urg_node2/cmake/urg_node2Config-version.cmake
[17.347s] -- Symlinking: ~/dev_ws/install/urg_node2/share/urg_node2/package.xml
[17.363s] Invoked command in '~/dev_ws/build/urg_node2' returned '0': CMAKE_PREFIX_PATH=~/dev_ws/install/articubot_one:/opt/ros/humble:~/catkin_ws/devel /usr/bin/cmake --install ~/dev_ws/build/urg_node2
