[0.011s] Invoking command in '~/dev_ws/src/build/urg_node2': CMAKE_PREFIX_PATH=~/dev_ws/install/articubot_one:/opt/ros/humble:~/catkin_ws/devel /usr/bin/cmake --build ~/dev_ws/src/build/urg_node2 -- -j16 -l16
[0.060s] [35m[1mConsolidate compiler generated dependencies of target gtest_main[0m
[0.061s] [35m[1mConsolidate compiler generated dependencies of target urg_c[0m
[0.061s] [35m[1mConsolidate compiler generated dependencies of target gtest[0m
[0.061s] [35m[1mConsolidate compiler generated dependencies of target urg_node2_node[0m
[0.081s] [ 10%] Built target gtest_main
[0.083s] [ 60%] Built target urg_c
[0.083s] [ 65%] Built target gtest
[0.089s] [ 75%] Built target urg_node2_node
[0.101s] [35m[1mConsolidate compiler generated dependencies of target urg_node2[0m
[0.103s] [35m[1mConsolidate compiler generated dependencies of target urg_node2_test[0m
[0.134s] [ 85%] Built target urg_node2
[0.149s] [100%] Built target urg_node2_test
[0.166s] Invoked command in '~/dev_ws/src/build/urg_node2' returned '0': CMAKE_PREFIX_PATH=~/dev_ws/install/articubot_one:/opt/ros/humble:~/catkin_ws/devel /usr/bin/cmake --build ~/dev_ws/src/build/urg_node2 -- -j16 -l16
[0.237s] Invoking command in '~/dev_ws/src/build/urg_node2': CMAKE_PREFIX_PATH=~/dev_ws/install/articubot_one:/opt/ros/humble:~/catkin_ws/devel /usr/bin/cmake --install ~/dev_ws/src/build/urg_node2
[0.242s] -- Install configuration: ""
[0.242s] -- Execute custom install script
[0.242s] -- Up-to-date symlink: ~/dev_ws/src/install/urg_node2/lib/urg_node2/urg_node2_node
[0.242s] -- Up-to-date symlink: ~/dev_ws/src/install/urg_node2/lib/liburg_node2.so
[0.242s] -- Up-to-date symlink: ~/dev_ws/src/install/urg_node2/lib/liburg_c.so
[0.242s] -- Up-to-date symlink: ~/dev_ws/src/install/urg_node2/share/urg_node2/launch/urg_node2.launch.py
[0.243s] -- Up-to-date symlink: ~/dev_ws/src/install/urg_node2/share/urg_node2/launch/urg_node2_2lidar.launch.py
[0.243s] -- Up-to-date symlink: ~/dev_ws/src/install/urg_node2/share/urg_node2/launch/urg_node2_component.launch.py
[0.243s] -- Up-to-date symlink: ~/dev_ws/src/install/urg_node2/share/urg_node2/config/params_ether.yaml
[0.243s] -- Up-to-date symlink: ~/dev_ws/src/install/urg_node2/share/urg_node2/config/params_ether_2nd.yaml
[0.243s] -- Up-to-date symlink: ~/dev_ws/src/install/urg_node2/share/urg_node2/config/params_serial.yaml
[0.243s] -- Up-to-date symlink: ~/dev_ws/src/install/urg_node2/share/ament_index/resource_index/package_run_dependencies/urg_node2
[0.243s] -- Up-to-date symlink: ~/dev_ws/src/install/urg_node2/share/ament_index/resource_index/parent_prefix_path/urg_node2
[0.243s] -- Up-to-date symlink: ~/dev_ws/src/install/urg_node2/share/urg_node2/environment/ament_prefix_path.sh
[0.243s] -- Up-to-date symlink: ~/dev_ws/src/install/urg_node2/share/urg_node2/environment/ament_prefix_path.dsv
[0.243s] -- Up-to-date symlink: ~/dev_ws/src/install/urg_node2/share/urg_node2/environment/path.sh
[0.243s] -- Up-to-date symlink: ~/dev_ws/src/install/urg_node2/share/urg_node2/environment/path.dsv
[0.244s] -- Up-to-date symlink: ~/dev_ws/src/install/urg_node2/share/urg_node2/local_setup.bash
[0.244s] -- Up-to-date symlink: ~/dev_ws/src/install/urg_node2/share/urg_node2/local_setup.sh
[0.244s] -- Up-to-date symlink: ~/dev_ws/src/install/urg_node2/share/urg_node2/local_setup.zsh
[0.244s] -- Up-to-date symlink: ~/dev_ws/src/install/urg_node2/share/urg_node2/local_setup.dsv
[0.244s] -- Symlinking: ~/dev_ws/src/install/urg_node2/share/urg_node2/package.dsv
[0.250s] -- Up-to-date symlink: ~/dev_ws/src/install/urg_node2/share/ament_index/resource_index/packages/urg_node2
[0.250s] -- Up-to-date symlink: ~/dev_ws/src/install/urg_node2/share/ament_index/resource_index/rclcpp_components/urg_node2
[0.250s] -- Up-to-date symlink: ~/dev_ws/src/install/urg_node2/share/urg_node2/cmake/urg_node2Config.cmake
[0.251s] -- Up-to-date symlink: ~/dev_ws/src/install/urg_node2/share/urg_node2/cmake/urg_node2Config-version.cmake
[0.251s] -- Up-to-date symlink: ~/dev_ws/src/install/urg_node2/share/urg_node2/package.xml
[0.252s] Invoked command in '~/dev_ws/src/build/urg_node2' returned '0': CMAKE_PREFIX_PATH=~/dev_ws/install/articubot_one:/opt/ros/humble:~/catkin_ws/devel /usr/bin/cmake --install ~/dev_ws/src/build/urg_node2
