[0.008s] Invoking command in '~/dev_ws/build/articubot_one': CMAKE_PREFIX_PATH=/opt/ros/humble:${CMAKE_PREFIX_PATH} /usr/bin/cmake --build ~/dev_ws/build/articubot_one -- -j16 -l16
[0.029s] Invoked command in '~/dev_ws/build/articubot_one' returned '0': CMAKE_PREFIX_PATH=/opt/ros/humble:${CMAKE_PREFIX_PATH} /usr/bin/cmake --build ~/dev_ws/build/articubot_one -- -j16 -l16
[0.059s] Invoking command in '~/dev_ws/build/articubot_one': CMAKE_PREFIX_PATH=/opt/ros/humble:${CMAKE_PREFIX_PATH} /usr/bin/cmake --install ~/dev_ws/build/articubot_one
[0.064s] -- Install configuration: ""
[0.065s] -- Execute custom install script
[0.065s] -- Up-to-date symlink: ~/dev_ws/install/articubot_one/share/articubot_one/config/empty.yaml
[0.066s] -- Up-to-date symlink: ~/dev_ws/install/articubot_one/share/articubot_one/description/robot.urdf.xacro
[0.066s] -- Up-to-date symlink: ~/dev_ws/install/articubot_one/share/articubot_one/description/robot_core.xacro
[0.066s] -- Up-to-date symlink: ~/dev_ws/install/articubot_one/share/articubot_one/launch/rsp.launch.py
[0.066s] -- Up-to-date symlink: ~/dev_ws/install/articubot_one/share/articubot_one/worlds/empty.world
[0.066s] -- Up-to-date symlink: ~/dev_ws/install/articubot_one/share/ament_index/resource_index/package_run_dependencies/articubot_one
[0.066s] -- Up-to-date symlink: ~/dev_ws/install/articubot_one/share/ament_index/resource_index/parent_prefix_path/articubot_one
[0.066s] -- Up-to-date symlink: ~/dev_ws/install/articubot_one/share/articubot_one/environment/ament_prefix_path.sh
[0.067s] -- Up-to-date symlink: ~/dev_ws/install/articubot_one/share/articubot_one/environment/ament_prefix_path.dsv
[0.067s] -- Up-to-date symlink: ~/dev_ws/install/articubot_one/share/articubot_one/environment/path.sh
[0.067s] -- Up-to-date symlink: ~/dev_ws/install/articubot_one/share/articubot_one/environment/path.dsv
[0.067s] -- Up-to-date symlink: ~/dev_ws/install/articubot_one/share/articubot_one/local_setup.bash
[0.067s] -- Up-to-date symlink: ~/dev_ws/install/articubot_one/share/articubot_one/local_setup.sh
[0.068s] -- Up-to-date symlink: ~/dev_ws/install/articubot_one/share/articubot_one/local_setup.zsh
[0.068s] -- Up-to-date symlink: ~/dev_ws/install/articubot_one/share/articubot_one/local_setup.dsv
[0.068s] -- Symlinking: ~/dev_ws/install/articubot_one/share/articubot_one/package.dsv
[0.074s] -- Up-to-date symlink: ~/dev_ws/install/articubot_one/share/ament_index/resource_index/packages/articubot_one
[0.074s] -- Up-to-date symlink: ~/dev_ws/install/articubot_one/share/articubot_one/cmake/articubot_oneConfig.cmake
[0.074s] -- Up-to-date symlink: ~/dev_ws/install/articubot_one/share/articubot_one/cmake/articubot_oneConfig-version.cmake
[0.074s] -- Up-to-date symlink: ~/dev_ws/install/articubot_one/share/articubot_one/package.xml
[0.076s] Invoked command in '~/dev_ws/build/articubot_one' returned '0': CMAKE_PREFIX_PATH=/opt/ros/humble:${CMAKE_PREFIX_PATH} /usr/bin/cmake --install ~/dev_ws/build/articubot_one
