[0.228s] DEBUG:colcon:Command line arguments: ['/usr/bin/colcon', 'build', '--symlink-install']
[0.229s] DEBUG:colcon:Parsed command line arguments: Namespace(log_base=None, log_level=None, verb_name='build', build_base='build', install_base='install', merge_install=False, symlink_install=True, test_result_base=None, continue_on_error=False, executor='parallel', parallel_workers=16, event_handlers=None, ignore_user_meta=False, metas=['./colcon.meta'], base_paths=['.'], packages_ignore=None, packages_ignore_regex=None, paths=None, packages_up_to=None, packages_up_to_regex=None, packages_above=None, packages_above_and_dependencies=None, packages_above_depth=None, packages_select_by_dep=None, packages_skip_by_dep=None, packages_skip_up_to=None, packages_select_build_failed=False, packages_skip_build_finished=False, packages_select_test_failures=False, packages_skip_test_passed=False, packages_select=None, packages_skip=None, packages_select_regex=None, packages_skip_regex=None, packages_start=None, packages_end=None, allow_overriding=[], cmake_args=None, cmake_target=None, cmake_target_skip_unavailable=False, cmake_clean_cache=False, cmake_clean_first=False, cmake_force_configure=False, ament_cmake_args=None, catkin_cmake_args=None, catkin_skip_building_tests=False, verb_parser=<colcon_defaults.argument_parser.defaults.DefaultArgumentsDecorator object at 0x7faffc3f05e0>, verb_extension=<colcon_core.verb.build.BuildVerb object at 0x7faffcbbf5e0>, main=<bound method BuildVerb.main of <colcon_core.verb.build.BuildVerb object at 0x7faffcbbf5e0>>)
[0.248s] Level 1:colcon.colcon_core.package_discovery:discover_packages(colcon_meta) check parameters
[0.248s] Level 1:colcon.colcon_core.package_discovery:discover_packages(recursive) check parameters
[0.248s] Level 1:colcon.colcon_core.package_discovery:discover_packages(ignore) check parameters
[0.248s] Level 1:colcon.colcon_core.package_discovery:discover_packages(path) check parameters
[0.248s] Level 1:colcon.colcon_core.package_discovery:discover_packages(colcon_meta) discover
[0.248s] Level 1:colcon.colcon_core.package_discovery:discover_packages(recursive) discover
[0.248s] INFO:colcon.colcon_core.package_discovery:Crawling recursively for packages in '/home/aurelien/dev_ws/src'
[0.248s] Level 1:colcon.colcon_core.package_identification:_identify(.) by extensions ['ignore', 'ignore_ament_install']
[0.248s] Level 1:colcon.colcon_core.package_identification:_identify(.) by extension 'ignore'
[0.248s] Level 1:colcon.colcon_core.package_identification:_identify(.) by extension 'ignore_ament_install'
[0.248s] Level 1:colcon.colcon_core.package_identification:_identify(.) by extensions ['colcon_pkg']
[0.248s] Level 1:colcon.colcon_core.package_identification:_identify(.) by extension 'colcon_pkg'
[0.248s] Level 1:colcon.colcon_core.package_identification:_identify(.) by extensions ['colcon_meta']
[0.248s] Level 1:colcon.colcon_core.package_identification:_identify(.) by extension 'colcon_meta'
[0.248s] Level 1:colcon.colcon_core.package_identification:_identify(.) by extensions ['ros']
[0.248s] Level 1:colcon.colcon_core.package_identification:_identify(.) by extension 'ros'
[0.259s] Level 1:colcon.colcon_core.package_identification:_identify(.) by extensions ['cmake', 'python']
[0.259s] Level 1:colcon.colcon_core.package_identification:_identify(.) by extension 'cmake'
[0.259s] Level 1:colcon.colcon_core.package_identification:_identify(.) by extension 'python'
[0.259s] Level 1:colcon.colcon_core.package_identification:_identify(.) by extensions ['python_setup_py']
[0.259s] Level 1:colcon.colcon_core.package_identification:_identify(.) by extension 'python_setup_py'
[0.259s] Level 1:colcon.colcon_core.package_identification:_identify(articubot_one) by extensions ['ignore', 'ignore_ament_install']
[0.259s] Level 1:colcon.colcon_core.package_identification:_identify(articubot_one) by extension 'ignore'
[0.259s] Level 1:colcon.colcon_core.package_identification:_identify(articubot_one) by extension 'ignore_ament_install'
[0.259s] Level 1:colcon.colcon_core.package_identification:_identify(articubot_one) by extensions ['colcon_pkg']
[0.259s] Level 1:colcon.colcon_core.package_identification:_identify(articubot_one) by extension 'colcon_pkg'
[0.259s] Level 1:colcon.colcon_core.package_identification:_identify(articubot_one) by extensions ['colcon_meta']
[0.259s] Level 1:colcon.colcon_core.package_identification:_identify(articubot_one) by extension 'colcon_meta'
[0.259s] Level 1:colcon.colcon_core.package_identification:_identify(articubot_one) by extensions ['ros']
[0.259s] Level 1:colcon.colcon_core.package_identification:_identify(articubot_one) by extension 'ros'
[0.261s] DEBUG:colcon.colcon_core.package_identification:Package 'articubot_one' with type 'ros.ament_cmake' and name 'articubot_one'
[0.261s] Level 1:colcon.colcon_core.package_identification:_identify(build) by extensions ['ignore', 'ignore_ament_install']
[0.261s] Level 1:colcon.colcon_core.package_identification:_identify(build) by extension 'ignore'
[0.261s] Level 1:colcon.colcon_core.package_identification:_identify(build) ignored
[0.261s] Level 1:colcon.colcon_core.package_identification:_identify(install) by extensions ['ignore', 'ignore_ament_install']
[0.261s] Level 1:colcon.colcon_core.package_identification:_identify(install) by extension 'ignore'
[0.261s] Level 1:colcon.colcon_core.package_identification:_identify(install) ignored
[0.261s] Level 1:colcon.colcon_core.package_identification:_identify(log) by extensions ['ignore', 'ignore_ament_install']
[0.262s] Level 1:colcon.colcon_core.package_identification:_identify(log) by extension 'ignore'
[0.262s] Level 1:colcon.colcon_core.package_identification:_identify(log) ignored
[0.262s] Level 1:colcon.colcon_core.package_identification:_identify(urg_node2) by extensions ['ignore', 'ignore_ament_install']
[0.262s] Level 1:colcon.colcon_core.package_identification:_identify(urg_node2) by extension 'ignore'
[0.262s] Level 1:colcon.colcon_core.package_identification:_identify(urg_node2) by extension 'ignore_ament_install'
[0.262s] Level 1:colcon.colcon_core.package_identification:_identify(urg_node2) by extensions ['colcon_pkg']
[0.262s] Level 1:colcon.colcon_core.package_identification:_identify(urg_node2) by extension 'colcon_pkg'
[0.262s] Level 1:colcon.colcon_core.package_identification:_identify(urg_node2) by extensions ['colcon_meta']
[0.262s] Level 1:colcon.colcon_core.package_identification:_identify(urg_node2) by extension 'colcon_meta'
[0.262s] Level 1:colcon.colcon_core.package_identification:_identify(urg_node2) by extensions ['ros']
[0.262s] Level 1:colcon.colcon_core.package_identification:_identify(urg_node2) by extension 'ros'
[0.262s] DEBUG:colcon.colcon_core.package_identification:Package 'urg_node2' with type 'ros.ament_cmake' and name 'urg_node2'
[0.262s] Level 1:colcon.colcon_core.package_discovery:discover_packages(recursive) using defaults
[0.262s] Level 1:colcon.colcon_core.package_discovery:discover_packages(ignore) discover
[0.262s] Level 1:colcon.colcon_core.package_discovery:discover_packages(ignore) using defaults
[0.262s] Level 1:colcon.colcon_core.package_discovery:discover_packages(path) discover
[0.263s] Level 1:colcon.colcon_core.package_discovery:discover_packages(path) using defaults
[0.277s] Level 1:colcon.colcon_core.package_discovery:discover_packages(prefix_path) check parameters
[0.277s] Level 1:colcon.colcon_core.package_discovery:discover_packages(prefix_path) discover
[0.278s] DEBUG:colcon.colcon_installed_package_information.package_discovery:Found 2 installed packages in /home/aurelien/dev_ws/install
[0.279s] DEBUG:colcon.colcon_installed_package_information.package_discovery:Found 389 installed packages in /opt/ros/humble
[0.281s] Level 1:colcon.colcon_core.package_discovery:discover_packages(prefix_path) using defaults
[0.327s] Level 5:colcon.colcon_core.verb:set package 'articubot_one' build argument 'cmake_args' from command line to 'None'
[0.327s] Level 5:colcon.colcon_core.verb:set package 'articubot_one' build argument 'cmake_target' from command line to 'None'
[0.327s] Level 5:colcon.colcon_core.verb:set package 'articubot_one' build argument 'cmake_target_skip_unavailable' from command line to 'False'
[0.327s] Level 5:colcon.colcon_core.verb:set package 'articubot_one' build argument 'cmake_clean_cache' from command line to 'False'
[0.327s] Level 5:colcon.colcon_core.verb:set package 'articubot_one' build argument 'cmake_clean_first' from command line to 'False'
[0.327s] Level 5:colcon.colcon_core.verb:set package 'articubot_one' build argument 'cmake_force_configure' from command line to 'False'
[0.327s] Level 5:colcon.colcon_core.verb:set package 'articubot_one' build argument 'ament_cmake_args' from command line to 'None'
[0.327s] Level 5:colcon.colcon_core.verb:set package 'articubot_one' build argument 'catkin_cmake_args' from command line to 'None'
[0.327s] Level 5:colcon.colcon_core.verb:set package 'articubot_one' build argument 'catkin_skip_building_tests' from command line to 'False'
[0.327s] DEBUG:colcon.colcon_core.verb:Building package 'articubot_one' with the following arguments: {'ament_cmake_args': None, 'build_base': '/home/aurelien/dev_ws/src/build/articubot_one', 'catkin_cmake_args': None, 'catkin_skip_building_tests': False, 'cmake_args': None, 'cmake_clean_cache': False, 'cmake_clean_first': False, 'cmake_force_configure': False, 'cmake_target': None, 'cmake_target_skip_unavailable': False, 'install_base': '/home/aurelien/dev_ws/src/install/articubot_one', 'merge_install': False, 'path': '/home/aurelien/dev_ws/src/articubot_one', 'symlink_install': True, 'test_result_base': None}
[0.328s] Level 5:colcon.colcon_core.verb:set package 'urg_node2' build argument 'cmake_args' from command line to 'None'
[0.328s] Level 5:colcon.colcon_core.verb:set package 'urg_node2' build argument 'cmake_target' from command line to 'None'
[0.328s] Level 5:colcon.colcon_core.verb:set package 'urg_node2' build argument 'cmake_target_skip_unavailable' from command line to 'False'
[0.328s] Level 5:colcon.colcon_core.verb:set package 'urg_node2' build argument 'cmake_clean_cache' from command line to 'False'
[0.328s] Level 5:colcon.colcon_core.verb:set package 'urg_node2' build argument 'cmake_clean_first' from command line to 'False'
[0.328s] Level 5:colcon.colcon_core.verb:set package 'urg_node2' build argument 'cmake_force_configure' from command line to 'False'
[0.328s] Level 5:colcon.colcon_core.verb:set package 'urg_node2' build argument 'ament_cmake_args' from command line to 'None'
[0.328s] Level 5:colcon.colcon_core.verb:set package 'urg_node2' build argument 'catkin_cmake_args' from command line to 'None'
[0.328s] Level 5:colcon.colcon_core.verb:set package 'urg_node2' build argument 'catkin_skip_building_tests' from command line to 'False'
[0.328s] DEBUG:colcon.colcon_core.verb:Building package 'urg_node2' with the following arguments: {'ament_cmake_args': None, 'build_base': '/home/aurelien/dev_ws/src/build/urg_node2', 'catkin_cmake_args': None, 'catkin_skip_building_tests': False, 'cmake_args': None, 'cmake_clean_cache': False, 'cmake_clean_first': False, 'cmake_force_configure': False, 'cmake_target': None, 'cmake_target_skip_unavailable': False, 'install_base': '/home/aurelien/dev_ws/src/install/urg_node2', 'merge_install': False, 'path': '/home/aurelien/dev_ws/src/urg_node2', 'symlink_install': True, 'test_result_base': None}
[0.329s] INFO:colcon.colcon_core.executor:Executing jobs using 'parallel' executor
[0.331s] DEBUG:colcon.colcon_parallel_executor.executor.parallel:run_until_complete
[0.331s] INFO:colcon.colcon_ros.task.ament_cmake.build:Building ROS package in '/home/aurelien/dev_ws/src/articubot_one' with build type 'ament_cmake'
[0.331s] INFO:colcon.colcon_cmake.task.cmake.build:Building CMake package in '/home/aurelien/dev_ws/src/articubot_one'
[0.334s] INFO:colcon.colcon_core.plugin_system:Skipping extension 'colcon_core.shell.bat': Not used on non-Windows systems
[0.334s] INFO:colcon.colcon_core.shell:Skip shell extension 'powershell' for command environment: Not usable outside of PowerShell
[0.335s] DEBUG:colcon.colcon_core.shell:Skip shell extension 'dsv' for command environment
[0.337s] DEBUG:colcon.colcon_core.shell:Ignoring prefix path '/home/aurelien/catkin_ws/devel'
[0.338s] INFO:colcon.colcon_ros.task.ament_cmake.build:Building ROS package in '/home/aurelien/dev_ws/src/urg_node2' with build type 'ament_cmake'
[0.338s] INFO:colcon.colcon_cmake.task.cmake.build:Building CMake package in '/home/aurelien/dev_ws/src/urg_node2'
[0.339s] INFO:colcon.colcon_core.shell:Skip shell extension 'powershell' for command environment: Not usable outside of PowerShell
[0.339s] DEBUG:colcon.colcon_core.shell:Skip shell extension 'dsv' for command environment
[0.342s] DEBUG:colcon.colcon_core.shell:Ignoring prefix path '/home/aurelien/catkin_ws/devel'
[0.347s] DEBUG:colcon.colcon_core.event_handler.log_command:Invoking command in '/home/aurelien/dev_ws/src/build/articubot_one': CMAKE_PREFIX_PATH=/home/aurelien/dev_ws/install/articubot_one:/opt/ros/humble:/home/aurelien/catkin_ws/devel /usr/bin/cmake /home/aurelien/dev_ws/src/articubot_one -DAMENT_CMAKE_SYMLINK_INSTALL=1 -DCMAKE_INSTALL_PREFIX=/home/aurelien/dev_ws/src/install/articubot_one
[0.350s] DEBUG:colcon.colcon_core.event_handler.log_command:Invoking command in '/home/aurelien/dev_ws/src/build/urg_node2': CMAKE_PREFIX_PATH=/home/aurelien/dev_ws/install/articubot_one:/opt/ros/humble:/home/aurelien/catkin_ws/devel /usr/bin/cmake /home/aurelien/dev_ws/src/urg_node2 -DAMENT_CMAKE_SYMLINK_INSTALL=1 -DCMAKE_INSTALL_PREFIX=/home/aurelien/dev_ws/src/install/urg_node2
[1.359s] DEBUG:colcon.colcon_core.event_handler.log_command:Invoked command in '/home/aurelien/dev_ws/src/build/articubot_one' returned '0': CMAKE_PREFIX_PATH=/home/aurelien/dev_ws/install/articubot_one:/opt/ros/humble:/home/aurelien/catkin_ws/devel /usr/bin/cmake /home/aurelien/dev_ws/src/articubot_one -DAMENT_CMAKE_SYMLINK_INSTALL=1 -DCMAKE_INSTALL_PREFIX=/home/aurelien/dev_ws/src/install/articubot_one
[1.360s] DEBUG:colcon.colcon_core.event_handler.log_command:Invoking command in '/home/aurelien/dev_ws/src/build/articubot_one': CMAKE_PREFIX_PATH=/home/aurelien/dev_ws/install/articubot_one:/opt/ros/humble:/home/aurelien/catkin_ws/devel /usr/bin/cmake --build /home/aurelien/dev_ws/src/build/articubot_one -- -j16 -l16
[1.389s] DEBUG:colcon.colcon_core.event_handler.log_command:Invoked command in '/home/aurelien/dev_ws/src/build/articubot_one' returned '0': CMAKE_PREFIX_PATH=/home/aurelien/dev_ws/install/articubot_one:/opt/ros/humble:/home/aurelien/catkin_ws/devel /usr/bin/cmake --build /home/aurelien/dev_ws/src/build/articubot_one -- -j16 -l16
[1.417s] DEBUG:colcon.colcon_core.event_handler.log_command:Invoking command in '/home/aurelien/dev_ws/src/build/articubot_one': CMAKE_PREFIX_PATH=/home/aurelien/dev_ws/install/articubot_one:/opt/ros/humble:/home/aurelien/catkin_ws/devel /usr/bin/cmake --install /home/aurelien/dev_ws/src/build/articubot_one
[1.698s] Level 1:colcon.colcon_core.environment:create_environment_scripts_only(articubot_one)
[1.700s] DEBUG:colcon.colcon_core.event_handler.log_command:Invoked command in '/home/aurelien/dev_ws/src/build/articubot_one' returned '0': CMAKE_PREFIX_PATH=/home/aurelien/dev_ws/install/articubot_one:/opt/ros/humble:/home/aurelien/catkin_ws/devel /usr/bin/cmake --install /home/aurelien/dev_ws/src/build/articubot_one
[1.707s] Level 1:colcon.colcon_core.environment:checking '/home/aurelien/dev_ws/src/install/articubot_one' for CMake module files
[1.708s] Level 1:colcon.colcon_core.environment:checking '/home/aurelien/dev_ws/src/install/articubot_one' for CMake config files
[1.708s] Level 1:colcon.colcon_core.shell:create_environment_hook('articubot_one', 'cmake_prefix_path')
[1.711s] INFO:colcon.colcon_core.shell:Creating environment hook '/home/aurelien/dev_ws/src/install/articubot_one/share/articubot_one/hook/cmake_prefix_path.ps1'
[1.712s] INFO:colcon.colcon_core.shell:Creating environment descriptor '/home/aurelien/dev_ws/src/install/articubot_one/share/articubot_one/hook/cmake_prefix_path.dsv'
[1.713s] INFO:colcon.colcon_core.shell:Creating environment hook '/home/aurelien/dev_ws/src/install/articubot_one/share/articubot_one/hook/cmake_prefix_path.sh'
[1.714s] Level 1:colcon.colcon_core.environment:checking '/home/aurelien/dev_ws/src/install/articubot_one/bin'
[1.714s] Level 1:colcon.colcon_core.environment:checking '/home/aurelien/dev_ws/src/install/articubot_one/lib/pkgconfig/articubot_one.pc'
[1.715s] Level 1:colcon.colcon_core.environment:checking '/home/aurelien/dev_ws/src/install/articubot_one/lib/python3.10/site-packages'
[1.715s] Level 1:colcon.colcon_core.environment:checking '/home/aurelien/dev_ws/src/install/articubot_one/bin'
[1.717s] INFO:colcon.colcon_core.shell:Creating package script '/home/aurelien/dev_ws/src/install/articubot_one/share/articubot_one/package.ps1'
[1.720s] INFO:colcon.colcon_core.shell:Creating package descriptor '/home/aurelien/dev_ws/src/install/articubot_one/share/articubot_one/package.dsv'
[1.721s] INFO:colcon.colcon_core.shell:Creating package script '/home/aurelien/dev_ws/src/install/articubot_one/share/articubot_one/package.sh'
[1.722s] INFO:colcon.colcon_core.shell:Creating package script '/home/aurelien/dev_ws/src/install/articubot_one/share/articubot_one/package.bash'
[1.723s] INFO:colcon.colcon_core.shell:Creating package script '/home/aurelien/dev_ws/src/install/articubot_one/share/articubot_one/package.zsh'
[1.724s] Level 1:colcon.colcon_core.environment:create_file_with_runtime_dependencies(/home/aurelien/dev_ws/src/install/articubot_one/share/colcon-core/packages/articubot_one)
[1.762s] Level 1:colcon.colcon_core.environment:create_environment_scripts_only(articubot_one)
[1.766s] Level 1:colcon.colcon_core.environment:checking '/home/aurelien/dev_ws/src/install/articubot_one' for CMake module files
[1.767s] Level 1:colcon.colcon_core.environment:checking '/home/aurelien/dev_ws/src/install/articubot_one' for CMake config files
[1.767s] Level 1:colcon.colcon_core.shell:create_environment_hook('articubot_one', 'cmake_prefix_path')
[1.770s] INFO:colcon.colcon_core.shell:Creating environment hook '/home/aurelien/dev_ws/src/install/articubot_one/share/articubot_one/hook/cmake_prefix_path.ps1'
[1.771s] INFO:colcon.colcon_core.shell:Creating environment descriptor '/home/aurelien/dev_ws/src/install/articubot_one/share/articubot_one/hook/cmake_prefix_path.dsv'
[1.771s] INFO:colcon.colcon_core.shell:Creating environment hook '/home/aurelien/dev_ws/src/install/articubot_one/share/articubot_one/hook/cmake_prefix_path.sh'
[1.772s] Level 1:colcon.colcon_core.environment:checking '/home/aurelien/dev_ws/src/install/articubot_one/bin'
[1.772s] Level 1:colcon.colcon_core.environment:checking '/home/aurelien/dev_ws/src/install/articubot_one/lib/pkgconfig/articubot_one.pc'
[1.772s] Level 1:colcon.colcon_core.environment:checking '/home/aurelien/dev_ws/src/install/articubot_one/lib/python3.10/site-packages'
[1.773s] Level 1:colcon.colcon_core.environment:checking '/home/aurelien/dev_ws/src/install/articubot_one/bin'
[1.775s] INFO:colcon.colcon_core.shell:Creating package script '/home/aurelien/dev_ws/src/install/articubot_one/share/articubot_one/package.ps1'
[1.776s] INFO:colcon.colcon_core.shell:Creating package descriptor '/home/aurelien/dev_ws/src/install/articubot_one/share/articubot_one/package.dsv'
[1.777s] INFO:colcon.colcon_core.shell:Creating package script '/home/aurelien/dev_ws/src/install/articubot_one/share/articubot_one/package.sh'
[1.778s] INFO:colcon.colcon_core.shell:Creating package script '/home/aurelien/dev_ws/src/install/articubot_one/share/articubot_one/package.bash'
[1.779s] INFO:colcon.colcon_core.shell:Creating package script '/home/aurelien/dev_ws/src/install/articubot_one/share/articubot_one/package.zsh'
[1.779s] Level 1:colcon.colcon_core.environment:create_file_with_runtime_dependencies(/home/aurelien/dev_ws/src/install/articubot_one/share/colcon-core/packages/articubot_one)
[2.452s] DEBUG:colcon.colcon_core.event_handler.log_command:Invoked command in '/home/aurelien/dev_ws/src/build/urg_node2' returned '0': CMAKE_PREFIX_PATH=/home/aurelien/dev_ws/install/articubot_one:/opt/ros/humble:/home/aurelien/catkin_ws/devel /usr/bin/cmake /home/aurelien/dev_ws/src/urg_node2 -DAMENT_CMAKE_SYMLINK_INSTALL=1 -DCMAKE_INSTALL_PREFIX=/home/aurelien/dev_ws/src/install/urg_node2
[2.453s] DEBUG:colcon.colcon_core.event_handler.log_command:Invoking command in '/home/aurelien/dev_ws/src/build/urg_node2': CMAKE_PREFIX_PATH=/home/aurelien/dev_ws/install/articubot_one:/opt/ros/humble:/home/aurelien/catkin_ws/devel /usr/bin/cmake --build /home/aurelien/dev_ws/src/build/urg_node2 -- -j16 -l16
[15.614s] DEBUG:colcon.colcon_core.event_handler.log_command:Invoked command in '/home/aurelien/dev_ws/src/build/urg_node2' returned '0': CMAKE_PREFIX_PATH=/home/aurelien/dev_ws/install/articubot_one:/opt/ros/humble:/home/aurelien/catkin_ws/devel /usr/bin/cmake --build /home/aurelien/dev_ws/src/build/urg_node2 -- -j16 -l16
[15.692s] DEBUG:colcon.colcon_core.event_handler.log_command:Invoking command in '/home/aurelien/dev_ws/src/build/urg_node2': CMAKE_PREFIX_PATH=/home/aurelien/dev_ws/install/articubot_one:/opt/ros/humble:/home/aurelien/catkin_ws/devel /usr/bin/cmake --install /home/aurelien/dev_ws/src/build/urg_node2
[16.020s] Level 1:colcon.colcon_core.environment:create_environment_scripts_only(urg_node2)
[16.023s] Level 1:colcon.colcon_core.environment:checking '/home/aurelien/dev_ws/src/install/urg_node2' for CMake module files
[16.024s] DEBUG:colcon.colcon_core.event_handler.log_command:Invoked command in '/home/aurelien/dev_ws/src/build/urg_node2' returned '0': CMAKE_PREFIX_PATH=/home/aurelien/dev_ws/install/articubot_one:/opt/ros/humble:/home/aurelien/catkin_ws/devel /usr/bin/cmake --install /home/aurelien/dev_ws/src/build/urg_node2
[16.025s] Level 1:colcon.colcon_core.environment:checking '/home/aurelien/dev_ws/src/install/urg_node2' for CMake config files
[16.025s] Level 1:colcon.colcon_core.shell:create_environment_hook('urg_node2', 'cmake_prefix_path')
[16.028s] INFO:colcon.colcon_core.shell:Creating environment hook '/home/aurelien/dev_ws/src/install/urg_node2/share/urg_node2/hook/cmake_prefix_path.ps1'
[16.029s] INFO:colcon.colcon_core.shell:Creating environment descriptor '/home/aurelien/dev_ws/src/install/urg_node2/share/urg_node2/hook/cmake_prefix_path.dsv'
[16.029s] INFO:colcon.colcon_core.shell:Creating environment hook '/home/aurelien/dev_ws/src/install/urg_node2/share/urg_node2/hook/cmake_prefix_path.sh'
[16.030s] Level 1:colcon.colcon_core.environment:checking '/home/aurelien/dev_ws/src/install/urg_node2/lib'
[16.030s] Level 1:colcon.colcon_core.shell:create_environment_hook('urg_node2', 'ld_library_path_lib')
[16.033s] INFO:colcon.colcon_core.shell:Creating environment hook '/home/aurelien/dev_ws/src/install/urg_node2/share/urg_node2/hook/ld_library_path_lib.ps1'
[16.033s] INFO:colcon.colcon_core.shell:Creating environment descriptor '/home/aurelien/dev_ws/src/install/urg_node2/share/urg_node2/hook/ld_library_path_lib.dsv'
[16.034s] INFO:colcon.colcon_core.shell:Creating environment hook '/home/aurelien/dev_ws/src/install/urg_node2/share/urg_node2/hook/ld_library_path_lib.sh'
[16.034s] Level 1:colcon.colcon_core.environment:checking '/home/aurelien/dev_ws/src/install/urg_node2/bin'
[16.034s] Level 1:colcon.colcon_core.environment:checking '/home/aurelien/dev_ws/src/install/urg_node2/lib/pkgconfig/urg_node2.pc'
[16.035s] Level 1:colcon.colcon_core.environment:checking '/home/aurelien/dev_ws/src/install/urg_node2/lib/python3.10/site-packages'
[16.035s] Level 1:colcon.colcon_core.environment:checking '/home/aurelien/dev_ws/src/install/urg_node2/bin'
[16.037s] INFO:colcon.colcon_core.shell:Creating package script '/home/aurelien/dev_ws/src/install/urg_node2/share/urg_node2/package.ps1'
[16.038s] INFO:colcon.colcon_core.shell:Creating package descriptor '/home/aurelien/dev_ws/src/install/urg_node2/share/urg_node2/package.dsv'
[16.039s] INFO:colcon.colcon_core.shell:Creating package script '/home/aurelien/dev_ws/src/install/urg_node2/share/urg_node2/package.sh'
[16.040s] INFO:colcon.colcon_core.shell:Creating package script '/home/aurelien/dev_ws/src/install/urg_node2/share/urg_node2/package.bash'
[16.040s] INFO:colcon.colcon_core.shell:Creating package script '/home/aurelien/dev_ws/src/install/urg_node2/share/urg_node2/package.zsh'
[16.040s] Level 1:colcon.colcon_core.environment:create_file_with_runtime_dependencies(/home/aurelien/dev_ws/src/install/urg_node2/share/colcon-core/packages/urg_node2)
[16.130s] Level 1:colcon.colcon_core.environment:create_environment_scripts_only(urg_node2)
[16.133s] Level 1:colcon.colcon_core.environment:checking '/home/aurelien/dev_ws/src/install/urg_node2' for CMake module files
[16.134s] Level 1:colcon.colcon_core.environment:checking '/home/aurelien/dev_ws/src/install/urg_node2' for CMake config files
[16.135s] Level 1:colcon.colcon_core.shell:create_environment_hook('urg_node2', 'cmake_prefix_path')
[16.137s] INFO:colcon.colcon_core.shell:Creating environment hook '/home/aurelien/dev_ws/src/install/urg_node2/share/urg_node2/hook/cmake_prefix_path.ps1'
[16.138s] INFO:colcon.colcon_core.shell:Creating environment descriptor '/home/aurelien/dev_ws/src/install/urg_node2/share/urg_node2/hook/cmake_prefix_path.dsv'
[16.138s] INFO:colcon.colcon_core.shell:Creating environment hook '/home/aurelien/dev_ws/src/install/urg_node2/share/urg_node2/hook/cmake_prefix_path.sh'
[16.139s] Level 1:colcon.colcon_core.environment:checking '/home/aurelien/dev_ws/src/install/urg_node2/lib'
[16.139s] Level 1:colcon.colcon_core.shell:create_environment_hook('urg_node2', 'ld_library_path_lib')
[16.141s] INFO:colcon.colcon_core.shell:Creating environment hook '/home/aurelien/dev_ws/src/install/urg_node2/share/urg_node2/hook/ld_library_path_lib.ps1'
[16.142s] INFO:colcon.colcon_core.shell:Creating environment descriptor '/home/aurelien/dev_ws/src/install/urg_node2/share/urg_node2/hook/ld_library_path_lib.dsv'
[16.142s] INFO:colcon.colcon_core.shell:Creating environment hook '/home/aurelien/dev_ws/src/install/urg_node2/share/urg_node2/hook/ld_library_path_lib.sh'
[16.143s] Level 1:colcon.colcon_core.environment:checking '/home/aurelien/dev_ws/src/install/urg_node2/bin'
[16.143s] Level 1:colcon.colcon_core.environment:checking '/home/aurelien/dev_ws/src/install/urg_node2/lib/pkgconfig/urg_node2.pc'
[16.144s] Level 1:colcon.colcon_core.environment:checking '/home/aurelien/dev_ws/src/install/urg_node2/lib/python3.10/site-packages'
[16.144s] Level 1:colcon.colcon_core.environment:checking '/home/aurelien/dev_ws/src/install/urg_node2/bin'
[16.146s] INFO:colcon.colcon_core.shell:Creating package script '/home/aurelien/dev_ws/src/install/urg_node2/share/urg_node2/package.ps1'
[16.147s] INFO:colcon.colcon_core.shell:Creating package descriptor '/home/aurelien/dev_ws/src/install/urg_node2/share/urg_node2/package.dsv'
[16.148s] INFO:colcon.colcon_core.shell:Creating package script '/home/aurelien/dev_ws/src/install/urg_node2/share/urg_node2/package.sh'
[16.149s] INFO:colcon.colcon_core.shell:Creating package script '/home/aurelien/dev_ws/src/install/urg_node2/share/urg_node2/package.bash'
[16.149s] INFO:colcon.colcon_core.shell:Creating package script '/home/aurelien/dev_ws/src/install/urg_node2/share/urg_node2/package.zsh'
[16.150s] Level 1:colcon.colcon_core.environment:create_file_with_runtime_dependencies(/home/aurelien/dev_ws/src/install/urg_node2/share/colcon-core/packages/urg_node2)
[16.151s] DEBUG:colcon.colcon_parallel_executor.executor.parallel:closing loop
[16.151s] DEBUG:colcon.colcon_parallel_executor.executor.parallel:loop closed
[16.151s] DEBUG:colcon.colcon_parallel_executor.executor.parallel:run_until_complete finished with '0'
[16.151s] DEBUG:colcon.colcon_core.event_reactor:joining thread
[16.160s] INFO:colcon.colcon_core.plugin_system:Skipping extension 'colcon_notification.desktop_notification.terminal_notifier': Not used on non-Darwin systems
[16.161s] INFO:colcon.colcon_core.plugin_system:Skipping extension 'colcon_notification.desktop_notification.win32': Not used on non-Windows systems
[16.161s] INFO:colcon.colcon_notification.desktop_notification:Sending desktop notification using 'notify2'
[16.188s] DEBUG:colcon.colcon_core.event_reactor:joined thread
[16.191s] INFO:colcon.colcon_core.shell:Creating prefix script '/home/aurelien/dev_ws/src/install/local_setup.ps1'
[16.193s] INFO:colcon.colcon_core.shell:Creating prefix util module '/home/aurelien/dev_ws/src/install/_local_setup_util_ps1.py'
[16.195s] INFO:colcon.colcon_core.shell:Creating prefix chain script '/home/aurelien/dev_ws/src/install/setup.ps1'
[16.198s] INFO:colcon.colcon_core.shell:Creating prefix script '/home/aurelien/dev_ws/src/install/local_setup.sh'
[16.199s] INFO:colcon.colcon_core.shell:Creating prefix util module '/home/aurelien/dev_ws/src/install/_local_setup_util_sh.py'
[16.200s] INFO:colcon.colcon_core.shell:Creating prefix chain script '/home/aurelien/dev_ws/src/install/setup.sh'
[16.203s] INFO:colcon.colcon_core.shell:Creating prefix script '/home/aurelien/dev_ws/src/install/local_setup.bash'
[16.203s] INFO:colcon.colcon_core.shell:Creating prefix chain script '/home/aurelien/dev_ws/src/install/setup.bash'
[16.206s] INFO:colcon.colcon_core.shell:Creating prefix script '/home/aurelien/dev_ws/src/install/local_setup.zsh'
[16.207s] INFO:colcon.colcon_core.shell:Creating prefix chain script '/home/aurelien/dev_ws/src/install/setup.zsh'
