-- Install configuration: ""
-- Execute custom install script
-- Up-to-date symlink: ~/dev_ws/install/articubot_one/share/articubot_one/config/empty.yaml
-- Up-to-date symlink: ~/dev_ws/install/articubot_one/share/articubot_one/description/robot.urdf.xacro
-- Up-to-date symlink: ~/dev_ws/install/articubot_one/share/articubot_one/description/robot_core.xacro
-- Up-to-date symlink: ~/dev_ws/install/articubot_one/share/articubot_one/launch/rsp.launch.py
-- Up-to-date symlink: ~/dev_ws/install/articubot_one/share/articubot_one/worlds/empty.world
-- Up-to-date symlink: ~/dev_ws/install/articubot_one/share/ament_index/resource_index/package_run_dependencies/articubot_one
-- Up-to-date symlink: ~/dev_ws/install/articubot_one/share/ament_index/resource_index/parent_prefix_path/articubot_one
-- Up-to-date symlink: ~/dev_ws/install/articubot_one/share/articubot_one/environment/ament_prefix_path.sh
-- Up-to-date symlink: ~/dev_ws/install/articubot_one/share/articubot_one/environment/ament_prefix_path.dsv
-- Up-to-date symlink: ~/dev_ws/install/articubot_one/share/articubot_one/environment/path.sh
-- Up-to-date symlink: ~/dev_ws/install/articubot_one/share/articubot_one/environment/path.dsv
-- Up-to-date symlink: ~/dev_ws/install/articubot_one/share/articubot_one/local_setup.bash
-- Up-to-date symlink: ~/dev_ws/install/articubot_one/share/articubot_one/local_setup.sh
-- Up-to-date symlink: ~/dev_ws/install/articubot_one/share/articubot_one/local_setup.zsh
-- Up-to-date symlink: ~/dev_ws/install/articubot_one/share/articubot_one/local_setup.dsv
-- Symlinking: ~/dev_ws/install/articubot_one/share/articubot_one/package.dsv
-- Up-to-date symlink: ~/dev_ws/install/articubot_one/share/ament_index/resource_index/packages/articubot_one
-- Up-to-date symlink: ~/dev_ws/install/articubot_one/share/articubot_one/cmake/articubot_oneConfig.cmake
-- Up-to-date symlink: ~/dev_ws/install/articubot_one/share/articubot_one/cmake/articubot_oneConfig-version.cmake
-- Up-to-date symlink: ~/dev_ws/install/articubot_one/share/articubot_one/package.xml
