[0.219s] DEBUG:colcon:Command line arguments: ['/usr/bin/colcon', 'build', '--symlink-install']
[0.219s] DEBUG:colcon:Parsed command line arguments: Namespace(log_base=None, log_level=None, verb_name='build', build_base='build', install_base='install', merge_install=False, symlink_install=True, test_result_base=None, continue_on_error=False, executor='parallel', parallel_workers=16, event_handlers=None, ignore_user_meta=False, metas=['./colcon.meta'], base_paths=['.'], packages_ignore=None, packages_ignore_regex=None, paths=None, packages_up_to=None, packages_up_to_regex=None, packages_above=None, packages_above_and_dependencies=None, packages_above_depth=None, packages_select_by_dep=None, packages_skip_by_dep=None, packages_skip_up_to=None, packages_select_build_failed=False, packages_skip_build_finished=False, packages_select_test_failures=False, packages_skip_test_passed=False, packages_select=None, packages_skip=None, packages_select_regex=None, packages_skip_regex=None, packages_start=None, packages_end=None, allow_overriding=[], cmake_args=None, cmake_target=None, cmake_target_skip_unavailable=False, cmake_clean_cache=False, cmake_clean_first=False, cmake_force_configure=False, ament_cmake_args=None, catkin_cmake_args=None, catkin_skip_building_tests=False, verb_parser=<colcon_defaults.argument_parser.defaults.DefaultArgumentsDecorator object at 0x7fd9590f0700>, verb_extension=<colcon_core.verb.build.BuildVerb object at 0x7fd95993b6d0>, main=<bound method BuildVerb.main of <colcon_core.verb.build.BuildVerb object at 0x7fd95993b6d0>>)
[0.240s] Level 1:colcon.colcon_core.package_discovery:discover_packages(colcon_meta) check parameters
[0.240s] Level 1:colcon.colcon_core.package_discovery:discover_packages(recursive) check parameters
[0.240s] Level 1:colcon.colcon_core.package_discovery:discover_packages(ignore) check parameters
[0.240s] Level 1:colcon.colcon_core.package_discovery:discover_packages(path) check parameters
[0.240s] Level 1:colcon.colcon_core.package_discovery:discover_packages(colcon_meta) discover
[0.240s] Level 1:colcon.colcon_core.package_discovery:discover_packages(recursive) discover
[0.240s] INFO:colcon.colcon_core.package_discovery:Crawling recursively for packages in '/home/aurelien/dev_ws'
[0.240s] Level 1:colcon.colcon_core.package_identification:_identify(.) by extensions ['ignore', 'ignore_ament_install']
[0.241s] Level 1:colcon.colcon_core.package_identification:_identify(.) by extension 'ignore'
[0.241s] Level 1:colcon.colcon_core.package_identification:_identify(.) by extension 'ignore_ament_install'
[0.241s] Level 1:colcon.colcon_core.package_identification:_identify(.) by extensions ['colcon_pkg']
[0.241s] Level 1:colcon.colcon_core.package_identification:_identify(.) by extension 'colcon_pkg'
[0.241s] Level 1:colcon.colcon_core.package_identification:_identify(.) by extensions ['colcon_meta']
[0.241s] Level 1:colcon.colcon_core.package_identification:_identify(.) by extension 'colcon_meta'
[0.241s] Level 1:colcon.colcon_core.package_identification:_identify(.) by extensions ['ros']
[0.241s] Level 1:colcon.colcon_core.package_identification:_identify(.) by extension 'ros'
[0.253s] Level 1:colcon.colcon_core.package_identification:_identify(.) by extensions ['cmake', 'python']
[0.253s] Level 1:colcon.colcon_core.package_identification:_identify(.) by extension 'cmake'
[0.253s] Level 1:colcon.colcon_core.package_identification:_identify(.) by extension 'python'
[0.253s] Level 1:colcon.colcon_core.package_identification:_identify(.) by extensions ['python_setup_py']
[0.253s] Level 1:colcon.colcon_core.package_identification:_identify(.) by extension 'python_setup_py'
[0.253s] Level 1:colcon.colcon_core.package_identification:_identify(build) by extensions ['ignore', 'ignore_ament_install']
[0.253s] Level 1:colcon.colcon_core.package_identification:_identify(build) by extension 'ignore'
[0.253s] Level 1:colcon.colcon_core.package_identification:_identify(build) ignored
[0.253s] Level 1:colcon.colcon_core.package_identification:_identify(install) by extensions ['ignore', 'ignore_ament_install']
[0.253s] Level 1:colcon.colcon_core.package_identification:_identify(install) by extension 'ignore'
[0.253s] Level 1:colcon.colcon_core.package_identification:_identify(install) ignored
[0.253s] Level 1:colcon.colcon_core.package_identification:_identify(log) by extensions ['ignore', 'ignore_ament_install']
[0.253s] Level 1:colcon.colcon_core.package_identification:_identify(log) by extension 'ignore'
[0.253s] Level 1:colcon.colcon_core.package_identification:_identify(log) ignored
[0.253s] Level 1:colcon.colcon_core.package_identification:_identify(src) by extensions ['ignore', 'ignore_ament_install']
[0.253s] Level 1:colcon.colcon_core.package_identification:_identify(src) by extension 'ignore'
[0.253s] Level 1:colcon.colcon_core.package_identification:_identify(src) by extension 'ignore_ament_install'
[0.253s] Level 1:colcon.colcon_core.package_identification:_identify(src) by extensions ['colcon_pkg']
[0.253s] Level 1:colcon.colcon_core.package_identification:_identify(src) by extension 'colcon_pkg'
[0.254s] Level 1:colcon.colcon_core.package_identification:_identify(src) by extensions ['colcon_meta']
[0.254s] Level 1:colcon.colcon_core.package_identification:_identify(src) by extension 'colcon_meta'
[0.254s] Level 1:colcon.colcon_core.package_identification:_identify(src) by extensions ['ros']
[0.254s] Level 1:colcon.colcon_core.package_identification:_identify(src) by extension 'ros'
[0.254s] Level 1:colcon.colcon_core.package_identification:_identify(src) by extensions ['cmake', 'python']
[0.254s] Level 1:colcon.colcon_core.package_identification:_identify(src) by extension 'cmake'
[0.254s] Level 1:colcon.colcon_core.package_identification:_identify(src) by extension 'python'
[0.254s] Level 1:colcon.colcon_core.package_identification:_identify(src) by extensions ['python_setup_py']
[0.254s] Level 1:colcon.colcon_core.package_identification:_identify(src) by extension 'python_setup_py'
[0.254s] Level 1:colcon.colcon_core.package_identification:_identify(src/articubot_one) by extensions ['ignore', 'ignore_ament_install']
[0.254s] Level 1:colcon.colcon_core.package_identification:_identify(src/articubot_one) by extension 'ignore'
[0.254s] Level 1:colcon.colcon_core.package_identification:_identify(src/articubot_one) by extension 'ignore_ament_install'
[0.254s] Level 1:colcon.colcon_core.package_identification:_identify(src/articubot_one) by extensions ['colcon_pkg']
[0.254s] Level 1:colcon.colcon_core.package_identification:_identify(src/articubot_one) by extension 'colcon_pkg'
[0.254s] Level 1:colcon.colcon_core.package_identification:_identify(src/articubot_one) by extensions ['colcon_meta']
[0.254s] Level 1:colcon.colcon_core.package_identification:_identify(src/articubot_one) by extension 'colcon_meta'
[0.254s] Level 1:colcon.colcon_core.package_identification:_identify(src/articubot_one) by extensions ['ros']
[0.254s] Level 1:colcon.colcon_core.package_identification:_identify(src/articubot_one) by extension 'ros'
[0.256s] DEBUG:colcon.colcon_core.package_identification:Package 'src/articubot_one' with type 'ros.ament_cmake' and name 'articubot_one'
[0.256s] Level 1:colcon.colcon_core.package_discovery:discover_packages(recursive) using defaults
[0.256s] Level 1:colcon.colcon_core.package_discovery:discover_packages(ignore) discover
[0.256s] Level 1:colcon.colcon_core.package_discovery:discover_packages(ignore) using defaults
[0.256s] Level 1:colcon.colcon_core.package_discovery:discover_packages(path) discover
[0.256s] Level 1:colcon.colcon_core.package_discovery:discover_packages(path) using defaults
[0.272s] Level 1:colcon.colcon_core.package_discovery:discover_packages(prefix_path) check parameters
[0.272s] Level 1:colcon.colcon_core.package_discovery:discover_packages(prefix_path) discover
[0.274s] DEBUG:colcon.colcon_installed_package_information.package_discovery:Found 1 installed packages in /home/aurelien/dev_ws/install
[0.276s] DEBUG:colcon.colcon_installed_package_information.package_discovery:Found 389 installed packages in /opt/ros/humble
[0.278s] Level 1:colcon.colcon_core.package_discovery:discover_packages(prefix_path) using defaults
[0.330s] Level 5:colcon.colcon_core.verb:set package 'articubot_one' build argument 'cmake_args' from command line to 'None'
[0.330s] Level 5:colcon.colcon_core.verb:set package 'articubot_one' build argument 'cmake_target' from command line to 'None'
[0.330s] Level 5:colcon.colcon_core.verb:set package 'articubot_one' build argument 'cmake_target_skip_unavailable' from command line to 'False'
[0.330s] Level 5:colcon.colcon_core.verb:set package 'articubot_one' build argument 'cmake_clean_cache' from command line to 'False'
[0.330s] Level 5:colcon.colcon_core.verb:set package 'articubot_one' build argument 'cmake_clean_first' from command line to 'False'
[0.330s] Level 5:colcon.colcon_core.verb:set package 'articubot_one' build argument 'cmake_force_configure' from command line to 'False'
[0.330s] Level 5:colcon.colcon_core.verb:set package 'articubot_one' build argument 'ament_cmake_args' from command line to 'None'
[0.330s] Level 5:colcon.colcon_core.verb:set package 'articubot_one' build argument 'catkin_cmake_args' from command line to 'None'
[0.330s] Level 5:colcon.colcon_core.verb:set package 'articubot_one' build argument 'catkin_skip_building_tests' from command line to 'False'
[0.330s] DEBUG:colcon.colcon_core.verb:Building package 'articubot_one' with the following arguments: {'ament_cmake_args': None, 'build_base': '/home/aurelien/dev_ws/build/articubot_one', 'catkin_cmake_args': None, 'catkin_skip_building_tests': False, 'cmake_args': None, 'cmake_clean_cache': False, 'cmake_clean_first': False, 'cmake_force_configure': False, 'cmake_target': None, 'cmake_target_skip_unavailable': False, 'install_base': '/home/aurelien/dev_ws/install/articubot_one', 'merge_install': False, 'path': '/home/aurelien/dev_ws/src/articubot_one', 'symlink_install': True, 'test_result_base': None}
[0.331s] INFO:colcon.colcon_core.executor:Executing jobs using 'parallel' executor
[0.333s] DEBUG:colcon.colcon_parallel_executor.executor.parallel:run_until_complete
[0.334s] INFO:colcon.colcon_ros.task.ament_cmake.build:Building ROS package in '/home/aurelien/dev_ws/src/articubot_one' with build type 'ament_cmake'
[0.334s] INFO:colcon.colcon_cmake.task.cmake.build:Building CMake package in '/home/aurelien/dev_ws/src/articubot_one'
[0.337s] INFO:colcon.colcon_core.plugin_system:Skipping extension 'colcon_core.shell.bat': Not used on non-Windows systems
[0.337s] INFO:colcon.colcon_core.shell:Skip shell extension 'powershell' for command environment: Not usable outside of PowerShell
[0.337s] DEBUG:colcon.colcon_core.shell:Skip shell extension 'dsv' for command environment
[0.340s] DEBUG:colcon.colcon_core.shell:Ignoring prefix path '/home/aurelien/catkin_ws/devel'
[0.347s] DEBUG:colcon.colcon_core.event_handler.log_command:Invoking command in '/home/aurelien/dev_ws/build/articubot_one': CMAKE_PREFIX_PATH=/home/aurelien/dev_ws/install/articubot_one:/opt/ros/humble:/home/aurelien/catkin_ws/devel /usr/bin/cmake --build /home/aurelien/dev_ws/build/articubot_one -- -j16 -l16
[0.378s] DEBUG:colcon.colcon_core.event_handler.log_command:Invoked command in '/home/aurelien/dev_ws/build/articubot_one' returned '0': CMAKE_PREFIX_PATH=/home/aurelien/dev_ws/install/articubot_one:/opt/ros/humble:/home/aurelien/catkin_ws/devel /usr/bin/cmake --build /home/aurelien/dev_ws/build/articubot_one -- -j16 -l16
[0.425s] DEBUG:colcon.colcon_core.event_handler.log_command:Invoking command in '/home/aurelien/dev_ws/build/articubot_one': CMAKE_PREFIX_PATH=/home/aurelien/dev_ws/install/articubot_one:/opt/ros/humble:/home/aurelien/catkin_ws/devel /usr/bin/cmake --install /home/aurelien/dev_ws/build/articubot_one
[0.449s] Level 1:colcon.colcon_core.environment:create_environment_scripts_only(articubot_one)
[0.451s] DEBUG:colcon.colcon_core.event_handler.log_command:Invoked command in '/home/aurelien/dev_ws/build/articubot_one' returned '0': CMAKE_PREFIX_PATH=/home/aurelien/dev_ws/install/articubot_one:/opt/ros/humble:/home/aurelien/catkin_ws/devel /usr/bin/cmake --install /home/aurelien/dev_ws/build/articubot_one
[0.454s] Level 1:colcon.colcon_core.environment:checking '/home/aurelien/dev_ws/install/articubot_one' for CMake module files
[0.455s] Level 1:colcon.colcon_core.environment:checking '/home/aurelien/dev_ws/install/articubot_one' for CMake config files
[0.455s] Level 1:colcon.colcon_core.shell:create_environment_hook('articubot_one', 'cmake_prefix_path')
[0.456s] INFO:colcon.colcon_core.shell:Creating environment hook '/home/aurelien/dev_ws/install/articubot_one/share/articubot_one/hook/cmake_prefix_path.ps1'
[0.457s] INFO:colcon.colcon_core.shell:Creating environment descriptor '/home/aurelien/dev_ws/install/articubot_one/share/articubot_one/hook/cmake_prefix_path.dsv'
[0.457s] INFO:colcon.colcon_core.shell:Creating environment hook '/home/aurelien/dev_ws/install/articubot_one/share/articubot_one/hook/cmake_prefix_path.sh'
[0.458s] Level 1:colcon.colcon_core.environment:checking '/home/aurelien/dev_ws/install/articubot_one/bin'
[0.459s] Level 1:colcon.colcon_core.environment:checking '/home/aurelien/dev_ws/install/articubot_one/lib/pkgconfig/articubot_one.pc'
[0.459s] Level 1:colcon.colcon_core.environment:checking '/home/aurelien/dev_ws/install/articubot_one/lib/python3.10/site-packages'
[0.459s] Level 1:colcon.colcon_core.environment:checking '/home/aurelien/dev_ws/install/articubot_one/bin'
[0.461s] INFO:colcon.colcon_core.shell:Creating package script '/home/aurelien/dev_ws/install/articubot_one/share/articubot_one/package.ps1'
[0.462s] INFO:colcon.colcon_core.shell:Creating package descriptor '/home/aurelien/dev_ws/install/articubot_one/share/articubot_one/package.dsv'
[0.462s] INFO:colcon.colcon_core.shell:Creating package script '/home/aurelien/dev_ws/install/articubot_one/share/articubot_one/package.sh'
[0.463s] INFO:colcon.colcon_core.shell:Creating package script '/home/aurelien/dev_ws/install/articubot_one/share/articubot_one/package.bash'
[0.464s] INFO:colcon.colcon_core.shell:Creating package script '/home/aurelien/dev_ws/install/articubot_one/share/articubot_one/package.zsh'
[0.464s] Level 1:colcon.colcon_core.environment:create_file_with_runtime_dependencies(/home/aurelien/dev_ws/install/articubot_one/share/colcon-core/packages/articubot_one)
[0.493s] Level 1:colcon.colcon_core.environment:create_environment_scripts_only(articubot_one)
[0.497s] Level 1:colcon.colcon_core.environment:checking '/home/aurelien/dev_ws/install/articubot_one' for CMake module files
[0.498s] Level 1:colcon.colcon_core.environment:checking '/home/aurelien/dev_ws/install/articubot_one' for CMake config files
[0.498s] Level 1:colcon.colcon_core.shell:create_environment_hook('articubot_one', 'cmake_prefix_path')
[0.500s] INFO:colcon.colcon_core.shell:Creating environment hook '/home/aurelien/dev_ws/install/articubot_one/share/articubot_one/hook/cmake_prefix_path.ps1'
[0.500s] INFO:colcon.colcon_core.shell:Creating environment descriptor '/home/aurelien/dev_ws/install/articubot_one/share/articubot_one/hook/cmake_prefix_path.dsv'
[0.501s] INFO:colcon.colcon_core.shell:Creating environment hook '/home/aurelien/dev_ws/install/articubot_one/share/articubot_one/hook/cmake_prefix_path.sh'
[0.501s] Level 1:colcon.colcon_core.environment:checking '/home/aurelien/dev_ws/install/articubot_one/bin'
[0.502s] Level 1:colcon.colcon_core.environment:checking '/home/aurelien/dev_ws/install/articubot_one/lib/pkgconfig/articubot_one.pc'
[0.502s] Level 1:colcon.colcon_core.environment:checking '/home/aurelien/dev_ws/install/articubot_one/lib/python3.10/site-packages'
[0.502s] Level 1:colcon.colcon_core.environment:checking '/home/aurelien/dev_ws/install/articubot_one/bin'
[0.503s] INFO:colcon.colcon_core.shell:Creating package script '/home/aurelien/dev_ws/install/articubot_one/share/articubot_one/package.ps1'
[0.504s] INFO:colcon.colcon_core.shell:Creating package descriptor '/home/aurelien/dev_ws/install/articubot_one/share/articubot_one/package.dsv'
[0.504s] INFO:colcon.colcon_core.shell:Creating package script '/home/aurelien/dev_ws/install/articubot_one/share/articubot_one/package.sh'
[0.505s] INFO:colcon.colcon_core.shell:Creating package script '/home/aurelien/dev_ws/install/articubot_one/share/articubot_one/package.bash'
[0.505s] INFO:colcon.colcon_core.shell:Creating package script '/home/aurelien/dev_ws/install/articubot_one/share/articubot_one/package.zsh'
[0.505s] Level 1:colcon.colcon_core.environment:create_file_with_runtime_dependencies(/home/aurelien/dev_ws/install/articubot_one/share/colcon-core/packages/articubot_one)
[0.506s] DEBUG:colcon.colcon_parallel_executor.executor.parallel:closing loop
[0.506s] DEBUG:colcon.colcon_parallel_executor.executor.parallel:loop closed
[0.506s] DEBUG:colcon.colcon_parallel_executor.executor.parallel:run_until_complete finished with '0'
[0.506s] DEBUG:colcon.colcon_core.event_reactor:joining thread
[0.510s] INFO:colcon.colcon_core.plugin_system:Skipping extension 'colcon_notification.desktop_notification.terminal_notifier': Not used on non-Darwin systems
[0.510s] INFO:colcon.colcon_core.plugin_system:Skipping extension 'colcon_notification.desktop_notification.win32': Not used on non-Windows systems
[0.510s] INFO:colcon.colcon_notification.desktop_notification:Sending desktop notification using 'notify2'
[0.527s] DEBUG:colcon.colcon_core.event_reactor:joined thread
[0.530s] INFO:colcon.colcon_core.shell:Creating prefix script '/home/aurelien/dev_ws/install/local_setup.ps1'
[0.531s] INFO:colcon.colcon_core.shell:Creating prefix util module '/home/aurelien/dev_ws/install/_local_setup_util_ps1.py'
[0.532s] INFO:colcon.colcon_core.shell:Creating prefix chain script '/home/aurelien/dev_ws/install/setup.ps1'
[0.533s] INFO:colcon.colcon_core.shell:Creating prefix script '/home/aurelien/dev_ws/install/local_setup.sh'
[0.534s] INFO:colcon.colcon_core.shell:Creating prefix util module '/home/aurelien/dev_ws/install/_local_setup_util_sh.py'
[0.535s] INFO:colcon.colcon_core.shell:Creating prefix chain script '/home/aurelien/dev_ws/install/setup.sh'
[0.536s] INFO:colcon.colcon_core.shell:Creating prefix script '/home/aurelien/dev_ws/install/local_setup.bash'
[0.537s] INFO:colcon.colcon_core.shell:Creating prefix chain script '/home/aurelien/dev_ws/install/setup.bash'
[0.538s] INFO:colcon.colcon_core.shell:Creating prefix script '/home/aurelien/dev_ws/install/local_setup.zsh'
[0.538s] INFO:colcon.colcon_core.shell:Creating prefix chain script '/home/aurelien/dev_ws/install/setup.zsh'
