[0.015s] Invoking command in '/home/aurelien/dev_ws/src/build/articubot_one': CMAKE_PREFIX_PATH=/home/aurelien/dev_ws/install/articubot_one:/opt/ros/humble:/home/aurelien/catkin_ws/devel /usr/bin/cmake /home/aurelien/dev_ws/src/articubot_one -DAMENT_CMAKE_SYMLINK_INSTALL=1 -DCMAKE_INSTALL_PREFIX=/home/aurelien/dev_ws/src/install/articubot_one
[0.099s] -- The C compiler identification is GNU 11.3.0
[0.197s] -- The CXX compiler identification is GNU 11.3.0
[0.210s] -- Detecting C compiler ABI info
[0.322s] -- Detecting C compiler ABI info - done
[0.348s] -- Check for working C compiler: /usr/bin/cc - skipped
[0.349s] -- Detecting C compile features
[0.350s] -- Detecting C compile features - done
[0.358s] -- Detecting CXX compiler ABI info
[0.491s] -- Detecting CXX compiler ABI info - done
[0.505s] -- Check for working CXX compiler: /usr/bin/c++ - skipped
[0.506s] -- Detecting CXX compile features
[0.507s] -- Detecting CXX compile features - done
[0.510s] -- Found ament_cmake: 1.3.3 (/opt/ros/humble/share/ament_cmake/cmake)
[0.744s] -- Found Python3: /usr/bin/python3.10 (found version "3.10.6") found components: Interpreter 
[0.824s] -- Override CMake install command with custom implementation using symlinks instead of copying resources
[0.869s] -- Found ament_lint_auto: 0.12.5 (/opt/ros/humble/share/ament_lint_auto/cmake)
[0.999s] -- Added test 'copyright' to check source files copyright and LICENSE
[1.009s] -- Added test 'flake8' to check Python code syntax and style conventions
[1.011s] -- Added test 'lint_cmake' to check CMake code style
[1.012s] -- Added test 'pep257' to check Python code against some of the docstring style conventions in PEP 257
[1.017s] -- Added test 'xmllint' to check XML markup files
[1.018s] -- Configuring done
[1.020s] -- Generating done
[1.021s] -- Build files have been written to: /home/aurelien/dev_ws/src/build/articubot_one
[1.027s] Invoked command in '/home/aurelien/dev_ws/src/build/articubot_one' returned '0': CMAKE_PREFIX_PATH=/home/aurelien/dev_ws/install/articubot_one:/opt/ros/humble:/home/aurelien/catkin_ws/devel /usr/bin/cmake /home/aurelien/dev_ws/src/articubot_one -DAMENT_CMAKE_SYMLINK_INSTALL=1 -DCMAKE_INSTALL_PREFIX=/home/aurelien/dev_ws/src/install/articubot_one
[1.028s] Invoking command in '/home/aurelien/dev_ws/src/build/articubot_one': CMAKE_PREFIX_PATH=/home/aurelien/dev_ws/install/articubot_one:/opt/ros/humble:/home/aurelien/catkin_ws/devel /usr/bin/cmake --build /home/aurelien/dev_ws/src/build/articubot_one -- -j16 -l16
[1.056s] Invoked command in '/home/aurelien/dev_ws/src/build/articubot_one' returned '0': CMAKE_PREFIX_PATH=/home/aurelien/dev_ws/install/articubot_one:/opt/ros/humble:/home/aurelien/catkin_ws/devel /usr/bin/cmake --build /home/aurelien/dev_ws/src/build/articubot_one -- -j16 -l16
[1.085s] Invoking command in '/home/aurelien/dev_ws/src/build/articubot_one': CMAKE_PREFIX_PATH=/home/aurelien/dev_ws/install/articubot_one:/opt/ros/humble:/home/aurelien/catkin_ws/devel /usr/bin/cmake --install /home/aurelien/dev_ws/src/build/articubot_one
[1.089s] -- Install configuration: ""
[1.090s] -- Execute custom install script
[1.090s] -- Symlinking: /home/aurelien/dev_ws/src/install/articubot_one/share/articubot_one/config/drive_bot.rviz
[1.096s] -- Symlinking: /home/aurelien/dev_ws/src/install/articubot_one/share/articubot_one/config/empty.yaml
[1.101s] -- Symlinking: /home/aurelien/dev_ws/src/install/articubot_one/share/articubot_one/config/view_bot.rviz
[1.107s] -- Symlinking: /home/aurelien/dev_ws/src/install/articubot_one/share/articubot_one/description/gazebo_control.xacro
[1.114s] -- Symlinking: /home/aurelien/dev_ws/src/install/articubot_one/share/articubot_one/description/inertial_macros.xacro
[1.123s] -- Symlinking: /home/aurelien/dev_ws/src/install/articubot_one/share/articubot_one/description/lidar.xacro
[1.135s] -- Symlinking: /home/aurelien/dev_ws/src/install/articubot_one/share/articubot_one/description/robot.urdf.xacro
[1.148s] -- Symlinking: /home/aurelien/dev_ws/src/install/articubot_one/share/articubot_one/description/robot_core.xacro
[1.162s] -- Symlinking: /home/aurelien/dev_ws/src/install/articubot_one/share/articubot_one/launch/launch_sim.launch.py
[1.175s] -- Symlinking: /home/aurelien/dev_ws/src/install/articubot_one/share/articubot_one/launch/rsp.launch.py
[1.188s] -- Symlinking: /home/aurelien/dev_ws/src/install/articubot_one/share/articubot_one/worlds/empty.world
[1.200s] -- Symlinking: /home/aurelien/dev_ws/src/install/articubot_one/share/articubot_one/worlds/my_world.world
[1.212s] -- Symlinking: /home/aurelien/dev_ws/src/install/articubot_one/share/articubot_one/worlds/obstacles.world
[1.224s] -- Symlinking: /home/aurelien/dev_ws/src/install/articubot_one/share/ament_index/resource_index/package_run_dependencies/articubot_one
[1.234s] -- Symlinking: /home/aurelien/dev_ws/src/install/articubot_one/share/ament_index/resource_index/parent_prefix_path/articubot_one
[1.243s] -- Symlinking: /home/aurelien/dev_ws/src/install/articubot_one/share/articubot_one/environment/ament_prefix_path.sh
[1.252s] -- Symlinking: /home/aurelien/dev_ws/src/install/articubot_one/share/articubot_one/environment/ament_prefix_path.dsv
[1.260s] -- Symlinking: /home/aurelien/dev_ws/src/install/articubot_one/share/articubot_one/environment/path.sh
[1.267s] -- Symlinking: /home/aurelien/dev_ws/src/install/articubot_one/share/articubot_one/environment/path.dsv
[1.273s] -- Symlinking: /home/aurelien/dev_ws/src/install/articubot_one/share/articubot_one/local_setup.bash
[1.279s] -- Symlinking: /home/aurelien/dev_ws/src/install/articubot_one/share/articubot_one/local_setup.sh
[1.285s] -- Symlinking: /home/aurelien/dev_ws/src/install/articubot_one/share/articubot_one/local_setup.zsh
[1.291s] -- Symlinking: /home/aurelien/dev_ws/src/install/articubot_one/share/articubot_one/local_setup.dsv
[1.302s] -- Symlinking: /home/aurelien/dev_ws/src/install/articubot_one/share/articubot_one/package.dsv
[1.314s] -- Symlinking: /home/aurelien/dev_ws/src/install/articubot_one/share/ament_index/resource_index/packages/articubot_one
[1.326s] -- Symlinking: /home/aurelien/dev_ws/src/install/articubot_one/share/articubot_one/cmake/articubot_oneConfig.cmake
[1.339s] -- Symlinking: /home/aurelien/dev_ws/src/install/articubot_one/share/articubot_one/cmake/articubot_oneConfig-version.cmake
[1.351s] -- Symlinking: /home/aurelien/dev_ws/src/install/articubot_one/share/articubot_one/package.xml
[1.368s] Invoked command in '/home/aurelien/dev_ws/src/build/articubot_one' returned '0': CMAKE_PREFIX_PATH=/home/aurelien/dev_ws/install/articubot_one:/opt/ros/humble:/home/aurelien/catkin_ws/devel /usr/bin/cmake --install /home/aurelien/dev_ws/src/build/articubot_one
