[0.531s] Invoking command in '/home/aurelien/dev_ws/build/serial_motor_demo': CMAKE_PREFIX_PATH=/home/aurelien/dev_ws/install/serial_motor_demo_msgs:/home/aurelien/dev_ws/install/urg_node2:/home/aurelien/dev_ws/install/articubot_one:/home/aurelien/catkin_ws/devel LD_LIBRARY_PATH=/home/aurelien/dev_ws/install/serial_motor_demo_msgs/lib:/home/aurelien/dev_ws/install/urg_node2/lib:/usr/lib/x86_64-linux-gnu/gazebo-11/plugins:/opt/ros/humble/opt/rviz_ogre_vendor/lib:/opt/ros/humble/lib/x86_64-linux-gnu:/opt/ros/humble/lib:/home/aurelien/catkin_ws/devel/lib PYTHONPATH=/home/aurelien/dev_ws/build/serial_motor_demo/prefix_override:/home/aurelien/dev_ws/install/serial_motor_demo/lib/python3.10/site-packages:${PYTHONPATH} /usr/bin/python3 setup.py develop --editable --build-directory /home/aurelien/dev_ws/build/serial_motor_demo/build --no-deps install_data
[0.687s] /usr/lib/python3/dist-packages/setuptools/dist.py:723: UserWarning: Usage of dash-separated 'script-dir' will not be supported in future versions. Please use the underscore name 'script_dir' instead
[0.687s]   warnings.warn(
[0.706s] running develop
[0.707s] /usr/lib/python3/dist-packages/setuptools/command/easy_install.py:158: EasyInstallDeprecationWarning: easy_install command is deprecated. Use build and pip and other standards-based tools.
[0.707s]   warnings.warn(
[0.709s] /usr/lib/python3/dist-packages/setuptools/command/install.py:34: SetuptoolsDeprecationWarning: setup.py install is deprecated. Use build and pip and other standards-based tools.
[0.709s]   warnings.warn(
[0.749s] /usr/lib/python3/dist-packages/pkg_resources/__init__.py:116: PkgResourcesDeprecationWarning: 1.16.0-unknown is an invalid version and will not be supported in a future release
[0.749s]   warnings.warn(
[0.749s] /usr/lib/python3/dist-packages/pkg_resources/__init__.py:116: PkgResourcesDeprecationWarning: 0.1.43ubuntu1 is an invalid version and will not be supported in a future release
[0.749s]   warnings.warn(
[0.749s] /usr/lib/python3/dist-packages/pkg_resources/__init__.py:116: PkgResourcesDeprecationWarning: 1.1build1 is an invalid version and will not be supported in a future release
[0.749s]   warnings.warn(
[0.829s] running egg_info
[0.829s] writing serial_motor_demo.egg-info/PKG-INFO
[0.829s] writing dependency_links to serial_motor_demo.egg-info/dependency_links.txt
[0.830s] writing entry points to serial_motor_demo.egg-info/entry_points.txt
[0.830s] writing requirements to serial_motor_demo.egg-info/requires.txt
[0.830s] writing top-level names to serial_motor_demo.egg-info/top_level.txt
[0.831s] reading manifest file 'serial_motor_demo.egg-info/SOURCES.txt'
[0.831s] writing manifest file 'serial_motor_demo.egg-info/SOURCES.txt'
[0.832s] running build_ext
[0.833s] Creating /home/aurelien/dev_ws/install/serial_motor_demo/lib/python3.10/site-packages/serial-motor-demo.egg-link (link to .)
[0.833s] Installing driver script to /home/aurelien/dev_ws/install/serial_motor_demo/lib/serial_motor_demo
[0.833s] Installing gui script to /home/aurelien/dev_ws/install/serial_motor_demo/lib/serial_motor_demo
[0.833s] 
[0.833s] Installed /home/aurelien/dev_ws/build/serial_motor_demo
[0.833s] running install_data
[0.850s] Invoked command in '/home/aurelien/dev_ws/build/serial_motor_demo' returned '0': CMAKE_PREFIX_PATH=/home/aurelien/dev_ws/install/serial_motor_demo_msgs:/home/aurelien/dev_ws/install/urg_node2:/home/aurelien/dev_ws/install/articubot_one:/home/aurelien/catkin_ws/devel LD_LIBRARY_PATH=/home/aurelien/dev_ws/install/serial_motor_demo_msgs/lib:/home/aurelien/dev_ws/install/urg_node2/lib:/usr/lib/x86_64-linux-gnu/gazebo-11/plugins:/opt/ros/humble/opt/rviz_ogre_vendor/lib:/opt/ros/humble/lib/x86_64-linux-gnu:/opt/ros/humble/lib:/home/aurelien/catkin_ws/devel/lib PYTHONPATH=/home/aurelien/dev_ws/build/serial_motor_demo/prefix_override:/home/aurelien/dev_ws/install/serial_motor_demo/lib/python3.10/site-packages:${PYTHONPATH} /usr/bin/python3 setup.py develop --editable --build-directory /home/aurelien/dev_ws/build/serial_motor_demo/build --no-deps install_data
