[0.010s] Invoking command in '/home/aurelien/dev_ws/src/build/urg_node2': CMAKE_PREFIX_PATH=/home/aurelien/dev_ws/install/articubot_one:/opt/ros/humble:/home/aurelien/catkin_ws/devel /usr/bin/cmake /home/aurelien/dev_ws/src/urg_node2 -DAMENT_CMAKE_SYMLINK_INSTALL=1 -DCMAKE_INSTALL_PREFIX=/home/aurelien/dev_ws/src/install/urg_node2
[0.086s] -- The C compiler identification is GNU 11.3.0
[0.185s] -- The CXX compiler identification is GNU 11.3.0
[0.198s] -- Detecting C compiler ABI info
[0.310s] -- Detecting C compiler ABI info - done
[0.324s] -- Check for working C compiler: /usr/bin/cc - skipped
[0.325s] -- Detecting C compile features
[0.325s] -- Detecting C compile features - done
[0.331s] -- Detecting CXX compiler ABI info
[0.465s] -- Detecting CXX compiler ABI info - done
[0.479s] -- Check for working CXX compiler: /usr/bin/c++ - skipped
[0.480s] -- Detecting CXX compile features
[0.481s] -- Detecting CXX compile features - done
[0.485s] -- Found ament_cmake: 1.3.3 (/opt/ros/humble/share/ament_cmake/cmake)
[0.730s] -- Found Python3: /usr/bin/python3.10 (found version "3.10.6") found components: Interpreter 
[0.808s] -- Override CMake install command with custom implementation using symlinks instead of copying resources
[0.845s] -- Found rclcpp: 16.0.3 (/opt/ros/humble/share/rclcpp/cmake)
[0.933s] -- Found rosidl_generator_c: 3.1.4 (/opt/ros/humble/share/rosidl_generator_c/cmake)
[0.942s] -- Found rosidl_adapter: 3.1.4 (/opt/ros/humble/share/rosidl_adapter/cmake)
[0.953s] -- Found rosidl_generator_cpp: 3.1.4 (/opt/ros/humble/share/rosidl_generator_cpp/cmake)
[0.965s] -- Using all available rosidl_typesupport_c: rosidl_typesupport_fastrtps_c;rosidl_typesupport_introspection_c
[0.985s] -- Using all available rosidl_typesupport_cpp: rosidl_typesupport_fastrtps_cpp;rosidl_typesupport_introspection_cpp
[1.045s] -- Found rmw_implementation_cmake: 6.1.1 (/opt/ros/humble/share/rmw_implementation_cmake/cmake)
[1.048s] -- Found rmw_fastrtps_cpp: 6.2.2 (/opt/ros/humble/share/rmw_fastrtps_cpp/cmake)
[1.145s] -- Found OpenSSL: /usr/lib/x86_64-linux-gnu/libcrypto.so (found version "3.0.2")  
[1.204s] -- Found FastRTPS: /opt/ros/humble/include  
[1.265s] -- Using RMW implementation 'rmw_fastrtps_cpp' as default
[1.274s] -- Looking for pthread.h
[1.379s] -- Looking for pthread.h - found
[1.380s] -- Performing Test CMAKE_HAVE_LIBC_PTHREAD
[1.500s] -- Performing Test CMAKE_HAVE_LIBC_PTHREAD - Success
[1.502s] -- Found Threads: TRUE  
[1.697s] -- Found rclcpp_components: 16.0.3 (/opt/ros/humble/share/rclcpp_components/cmake)
[1.741s] -- Found rclcpp_lifecycle: 16.0.3 (/opt/ros/humble/share/rclcpp_lifecycle/cmake)
[1.770s] -- Found sensor_msgs: 4.2.3 (/opt/ros/humble/share/sensor_msgs/cmake)
[1.857s] -- Found diagnostic_updater: 3.1.0 (/opt/ros/humble/share/diagnostic_updater/cmake)
[1.908s] -- Found laser_proc: 1.0.2 (/opt/ros/humble/share/laser_proc/cmake)
[1.922s] -- Found ament_cmake_gtest: 1.3.3 (/opt/ros/humble/share/ament_cmake_gtest/cmake)
[1.923s] -- Found gtest sources under '/opt/ros/humble/src/gtest_vendor': C++ tests using 'Google Test' will be built
[2.042s] -- Configuring done
[2.088s] -- Generating done
[2.092s] -- Build files have been written to: /home/aurelien/dev_ws/src/build/urg_node2
[2.112s] Invoked command in '/home/aurelien/dev_ws/src/build/urg_node2' returned '0': CMAKE_PREFIX_PATH=/home/aurelien/dev_ws/install/articubot_one:/opt/ros/humble:/home/aurelien/catkin_ws/devel /usr/bin/cmake /home/aurelien/dev_ws/src/urg_node2 -DAMENT_CMAKE_SYMLINK_INSTALL=1 -DCMAKE_INSTALL_PREFIX=/home/aurelien/dev_ws/src/install/urg_node2
[2.113s] Invoking command in '/home/aurelien/dev_ws/src/build/urg_node2': CMAKE_PREFIX_PATH=/home/aurelien/dev_ws/install/articubot_one:/opt/ros/humble:/home/aurelien/catkin_ws/devel /usr/bin/cmake --build /home/aurelien/dev_ws/src/build/urg_node2 -- -j16 -l16
[2.197s] [  5%] [32mBuilding CXX object gtest/CMakeFiles/gtest_main.dir/src/gtest_main.cc.o[0m
[2.197s] [ 10%] [32mBuilding C object CMakeFiles/urg_c.dir/urg_library/current/src/urg_debug.c.o[0m
[2.198s] [ 20%] [32mBuilding CXX object gtest/CMakeFiles/gtest.dir/src/gtest-all.cc.o[0m
[2.198s] [ 25%] [32mBuilding C object CMakeFiles/urg_c.dir/urg_library/current/src/urg_ring_buffer.c.o[0m
[2.199s] [ 25%] [32mBuilding C object CMakeFiles/urg_c.dir/urg_library/current/src/urg_connection.c.o[0m
[2.199s] [ 30%] [32mBuilding C object CMakeFiles/urg_c.dir/urg_library/current/src/urg_sensor.c.o[0m
[2.200s] [ 35%] [32mBuilding CXX object CMakeFiles/urg_node2_node.dir/rclcpp_components/node_main_urg_node2_node.cpp.o[0m
[2.201s] [ 40%] [32mBuilding C object CMakeFiles/urg_c.dir/urg_library/current/src/urg_utils.c.o[0m
[2.203s] [ 45%] [32mBuilding C object CMakeFiles/urg_c.dir/urg_library/current/src/urg_serial.c.o[0m
[2.203s] [ 50%] [32mBuilding C object CMakeFiles/urg_c.dir/urg_library/current/src/urg_serial_utils.c.o[0m
[2.204s] [ 55%] [32mBuilding C object CMakeFiles/urg_c.dir/urg_library/current/src/urg_tcpclient.c.o[0m
[2.258s] [01m[K/home/aurelien/dev_ws/src/urg_node2/urg_library/current/src/urg_sensor.c:1349:8:[m[K [01;35m[Kwarning: [m[Ktype qualifiers ignored on function return type [[01;35m[K]8;;https://gcc.gnu.org/onlinedocs/gcc/Warning-Options.html#index-Wignored-qualifiers-Wignored-qualifiers]8;;[m[K]
[2.258s]  1349 | static [01;35m[Kconst[m[K int receive_II_command_response(urg_t *urg,
[2.258s]       |        [01;35m[K^~~~~[m[K
[2.269s] [01m[K/home/aurelien/dev_ws/src/urg_node2/urg_library/current/src/urg_utils.c:[m[K In function ‘[01m[Kurg_delay[m[K’:
[2.269s] [01m[K/home/aurelien/dev_ws/src/urg_node2/urg_library/current/src/urg_utils.c:224:5:[m[K [01;35m[Kwarning: [m[Kimplicit declaration of function ‘[01m[Kusleep[m[K’; did you mean ‘[01m[Kurg_sleep[m[K’? [[01;35m[K]8;;https://gcc.gnu.org/onlinedocs/gcc/Warning-Options.html#index-Wimplicit-function-declaration-Wimplicit-function-declaration]8;;[m[K]
[2.269s]   224 |     [01;35m[Kusleep[m[K(1000 * delay_msec);
[2.269s]       |     [01;35m[K^~~~~~[m[K
[2.269s]       |     [32m[Kurg_sleep[m[K
[2.351s] [ 60%] [32m[1mLinking C shared library liburg_c.so[0m
[2.385s] [ 60%] Built target urg_c
[2.404s] [ 65%] [32mBuilding CXX object CMakeFiles/urg_node2.dir/src/urg_node2.cpp.o[0m
[2.859s] [ 70%] [32m[1mLinking CXX static library libgtest_main.a[0m
[2.887s] [ 70%] Built target gtest_main
[4.802s] [ 75%] [32m[1mLinking CXX static library libgtest.a[0m
[4.852s] [ 75%] Built target gtest
[4.871s] [ 85%] [32mBuilding CXX object CMakeFiles/urg_node2_test.dir/test/urg_node2_test.cpp.o[0m
[4.871s] [ 85%] [32mBuilding CXX object CMakeFiles/urg_node2_test.dir/src/urg_node2.cpp.o[0m
[4.971s] [ 90%] [32m[1mLinking CXX executable urg_node2_node[0m
[5.082s] [ 90%] Built target urg_node2_node
[7.969s] [ 95%] [32m[1mLinking CXX shared library liburg_node2.so[0m
[8.207s] [ 95%] Built target urg_node2
[14.618s] [100%] [32m[1mLinking CXX executable urg_node2_test[0m
[15.264s] [100%] Built target urg_node2_test
[15.274s] Invoked command in '/home/aurelien/dev_ws/src/build/urg_node2' returned '0': CMAKE_PREFIX_PATH=/home/aurelien/dev_ws/install/articubot_one:/opt/ros/humble:/home/aurelien/catkin_ws/devel /usr/bin/cmake --build /home/aurelien/dev_ws/src/build/urg_node2 -- -j16 -l16
[15.352s] Invoking command in '/home/aurelien/dev_ws/src/build/urg_node2': CMAKE_PREFIX_PATH=/home/aurelien/dev_ws/install/articubot_one:/opt/ros/humble:/home/aurelien/catkin_ws/devel /usr/bin/cmake --install /home/aurelien/dev_ws/src/build/urg_node2
[15.364s] -- Install configuration: ""
[15.364s] -- Execute custom install script
[15.365s] -- Symlinking: /home/aurelien/dev_ws/src/install/urg_node2/lib/urg_node2/urg_node2_node
[15.378s] -- Symlinking: /home/aurelien/dev_ws/src/install/urg_node2/lib/liburg_node2.so
[15.390s] -- Symlinking: /home/aurelien/dev_ws/src/install/urg_node2/lib/liburg_c.so
[15.404s] -- Symlinking: /home/aurelien/dev_ws/src/install/urg_node2/share/urg_node2/launch/urg_node2.launch.py
[15.418s] -- Symlinking: /home/aurelien/dev_ws/src/install/urg_node2/share/urg_node2/launch/urg_node2_2lidar.launch.py
[15.430s] -- Symlinking: /home/aurelien/dev_ws/src/install/urg_node2/share/urg_node2/launch/urg_node2_component.launch.py
[15.443s] -- Symlinking: /home/aurelien/dev_ws/src/install/urg_node2/share/urg_node2/config/params_ether.yaml
[15.455s] -- Symlinking: /home/aurelien/dev_ws/src/install/urg_node2/share/urg_node2/config/params_ether_2nd.yaml
[15.466s] -- Symlinking: /home/aurelien/dev_ws/src/install/urg_node2/share/urg_node2/config/params_serial.yaml
[15.478s] -- Symlinking: /home/aurelien/dev_ws/src/install/urg_node2/share/ament_index/resource_index/package_run_dependencies/urg_node2
[15.490s] -- Symlinking: /home/aurelien/dev_ws/src/install/urg_node2/share/ament_index/resource_index/parent_prefix_path/urg_node2
[15.503s] -- Symlinking: /home/aurelien/dev_ws/src/install/urg_node2/share/urg_node2/environment/ament_prefix_path.sh
[15.517s] -- Symlinking: /home/aurelien/dev_ws/src/install/urg_node2/share/urg_node2/environment/ament_prefix_path.dsv
[15.529s] -- Symlinking: /home/aurelien/dev_ws/src/install/urg_node2/share/urg_node2/environment/path.sh
[15.542s] -- Symlinking: /home/aurelien/dev_ws/src/install/urg_node2/share/urg_node2/environment/path.dsv
[15.554s] -- Symlinking: /home/aurelien/dev_ws/src/install/urg_node2/share/urg_node2/local_setup.bash
[15.566s] -- Symlinking: /home/aurelien/dev_ws/src/install/urg_node2/share/urg_node2/local_setup.sh
[15.578s] -- Symlinking: /home/aurelien/dev_ws/src/install/urg_node2/share/urg_node2/local_setup.zsh
[15.590s] -- Symlinking: /home/aurelien/dev_ws/src/install/urg_node2/share/urg_node2/local_setup.dsv
[15.603s] -- Symlinking: /home/aurelien/dev_ws/src/install/urg_node2/share/urg_node2/package.dsv
[15.616s] -- Symlinking: /home/aurelien/dev_ws/src/install/urg_node2/share/ament_index/resource_index/packages/urg_node2
[15.629s] -- Symlinking: /home/aurelien/dev_ws/src/install/urg_node2/share/ament_index/resource_index/rclcpp_components/urg_node2
[15.641s] -- Symlinking: /home/aurelien/dev_ws/src/install/urg_node2/share/urg_node2/cmake/urg_node2Config.cmake
[15.653s] -- Symlinking: /home/aurelien/dev_ws/src/install/urg_node2/share/urg_node2/cmake/urg_node2Config-version.cmake
[15.666s] -- Symlinking: /home/aurelien/dev_ws/src/install/urg_node2/share/urg_node2/package.xml
[15.685s] Invoked command in '/home/aurelien/dev_ws/src/build/urg_node2' returned '0': CMAKE_PREFIX_PATH=/home/aurelien/dev_ws/install/articubot_one:/opt/ros/humble:/home/aurelien/catkin_ws/devel /usr/bin/cmake --install /home/aurelien/dev_ws/src/build/urg_node2
