[0.011s] Invoking command in '~/dev_ws/build/articubot_one': CMAKE_PREFIX_PATH=~/dev_ws/install/my_package:~/dev_ws/src/install/my_package:/opt/ros/humble:~/catkin_ws/devel /usr/bin/cmake ~/dev_ws/src/articubot_one -DAMENT_CMAKE_SYMLINK_INSTALL=1 -DCMAKE_INSTALL_PREFIX=~/dev_ws/install/articubot_one
[0.087s] -- The C compiler identification is GNU 11.3.0
[0.151s] -- The CXX compiler identification is GNU 11.3.0
[0.157s] -- Detecting C compiler ABI info
[0.236s] -- Detecting C compiler ABI info - done
[0.242s] -- Check for working C compiler: /usr/bin/cc - skipped
[0.242s] -- Detecting C compile features
[0.243s] -- Detecting C compile features - done
[0.247s] -- Detecting CXX compiler ABI info
[0.330s] -- Detecting CXX compiler ABI info - done
[0.335s] -- Check for working CXX compiler: /usr/bin/c++ - skipped
[0.335s] -- Detecting CXX compile features
[0.335s] -- Detecting CXX compile features - done
[0.338s] -- Found ament_cmake: 1.3.3 (/opt/ros/humble/share/ament_cmake/cmake)
[0.447s] -- Found Python3: /usr/bin/python3.10 (found version "3.10.6") found components: Interpreter 
[0.490s] -- Override CMake install command with custom implementation using symlinks instead of copying resources
[0.512s] -- Found ament_lint_auto: 0.12.5 (/opt/ros/humble/share/ament_lint_auto/cmake)
[0.579s] -- Added test 'copyright' to check source files copyright and LICENSE
[0.583s] -- Added test 'flake8' to check Python code syntax and style conventions
[0.583s] -- Added test 'lint_cmake' to check CMake code style
[0.584s] -- Added test 'pep257' to check Python code against some of the docstring style conventions in PEP 257
[0.585s] -- Added test 'xmllint' to check XML markup files
[0.586s] -- Configuring done
[0.588s] -- Generating done
[0.588s] -- Build files have been written to: ~/dev_ws/build/articubot_one
[0.591s] Invoked command in '~/dev_ws/build/articubot_one' returned '0': CMAKE_PREFIX_PATH=~/dev_ws/install/my_package:~/dev_ws/src/install/my_package:/opt/ros/humble:~/catkin_ws/devel /usr/bin/cmake ~/dev_ws/src/articubot_one -DAMENT_CMAKE_SYMLINK_INSTALL=1 -DCMAKE_INSTALL_PREFIX=~/dev_ws/install/articubot_one
[0.593s] Invoking command in '~/dev_ws/build/articubot_one': CMAKE_PREFIX_PATH=~/dev_ws/install/my_package:~/dev_ws/src/install/my_package:/opt/ros/humble:~/catkin_ws/devel /usr/bin/cmake --build ~/dev_ws/build/articubot_one -- -j16 -l16
[0.614s] Invoked command in '~/dev_ws/build/articubot_one' returned '0': CMAKE_PREFIX_PATH=~/dev_ws/install/my_package:~/dev_ws/src/install/my_package:/opt/ros/humble:~/catkin_ws/devel /usr/bin/cmake --build ~/dev_ws/build/articubot_one -- -j16 -l16
[0.635s] Invoking command in '~/dev_ws/build/articubot_one': CMAKE_PREFIX_PATH=~/dev_ws/install/my_package:~/dev_ws/src/install/my_package:/opt/ros/humble:~/catkin_ws/devel /usr/bin/cmake --install ~/dev_ws/build/articubot_one
[0.639s] -- Install configuration: ""
[0.639s] -- Execute custom install script
[0.639s] -- Symlinking: ~/dev_ws/install/articubot_one/share/articubot_one/config/empty.yaml
[0.644s] -- Symlinking: ~/dev_ws/install/articubot_one/share/articubot_one/description/robot.urdf.xacro
[0.650s] -- Symlinking: ~/dev_ws/install/articubot_one/share/articubot_one/launch/rsp.launch.py
[0.655s] -- Symlinking: ~/dev_ws/install/articubot_one/share/articubot_one/worlds/empty.world
[0.660s] -- Symlinking: ~/dev_ws/install/articubot_one/share/ament_index/resource_index/package_run_dependencies/articubot_one
[0.665s] -- Symlinking: ~/dev_ws/install/articubot_one/share/ament_index/resource_index/parent_prefix_path/articubot_one
[0.670s] -- Symlinking: ~/dev_ws/install/articubot_one/share/articubot_one/environment/ament_prefix_path.sh
[0.675s] -- Symlinking: ~/dev_ws/install/articubot_one/share/articubot_one/environment/ament_prefix_path.dsv
[0.679s] -- Symlinking: ~/dev_ws/install/articubot_one/share/articubot_one/environment/path.sh
[0.684s] -- Symlinking: ~/dev_ws/install/articubot_one/share/articubot_one/environment/path.dsv
[0.690s] -- Symlinking: ~/dev_ws/install/articubot_one/share/articubot_one/local_setup.bash
[0.694s] -- Symlinking: ~/dev_ws/install/articubot_one/share/articubot_one/local_setup.sh
[0.699s] -- Symlinking: ~/dev_ws/install/articubot_one/share/articubot_one/local_setup.zsh
[0.705s] -- Symlinking: ~/dev_ws/install/articubot_one/share/articubot_one/local_setup.dsv
[0.709s] -- Symlinking: ~/dev_ws/install/articubot_one/share/articubot_one/package.dsv
[0.714s] -- Symlinking: ~/dev_ws/install/articubot_one/share/ament_index/resource_index/packages/articubot_one
[0.718s] -- Symlinking: ~/dev_ws/install/articubot_one/share/articubot_one/cmake/articubot_oneConfig.cmake
[0.723s] -- Symlinking: ~/dev_ws/install/articubot_one/share/articubot_one/cmake/articubot_oneConfig-version.cmake
[0.727s] -- Symlinking: ~/dev_ws/install/articubot_one/share/articubot_one/package.xml
[0.734s] Invoked command in '~/dev_ws/build/articubot_one' returned '0': CMAKE_PREFIX_PATH=~/dev_ws/install/my_package:~/dev_ws/src/install/my_package:/opt/ros/humble:~/catkin_ws/devel /usr/bin/cmake --install ~/dev_ws/build/articubot_one
