[0.414s] DEBUG:colcon:Command line arguments: ['/usr/bin/colcon', 'list', '-p', '--base-paths', '~/dev_ws']
[0.414s] DEBUG:colcon:Parsed command line arguments: Namespace(log_base=None, log_level=None, verb_name='list', build_base='build', ignore_user_meta=False, metas=['./colcon.meta'], base_paths=['~/dev_ws'], packages_ignore=None, packages_ignore_regex=None, paths=None, packages_up_to=None, packages_up_to_regex=None, packages_above=None, packages_above_and_dependencies=None, packages_above_depth=None, packages_select_by_dep=None, packages_skip_by_dep=None, packages_skip_up_to=None, packages_select_build_failed=False, packages_skip_build_finished=False, packages_select_test_failures=False, packages_skip_test_passed=False, packages_select=None, packages_skip=None, packages_select_regex=None, packages_skip_regex=None, packages_start=None, packages_end=None, allow_overriding=[], topological_order=False, names_only=False, paths_only=True, topological_graph=False, topological_graph_dot=False, topological_graph_density=False, topological_graph_legend=False, topological_graph_dot_cluster=False, topological_graph_dot_include_skipped=False, verb_parser=<colcon_defaults.argument_parser.defaults.DefaultArgumentsDecorator object at 0x7f839fcf5690>, verb_extension=<colcon_package_information.verb.list.ListVerb object at 0x7f839fc7f3d0>, main=<bound method ListVerb.main of <colcon_package_information.verb.list.ListVerb object at 0x7f839fc7f3d0>>)
[0.449s] Level 1:colcon.colcon_core.package_discovery:discover_packages(colcon_meta) check parameters
[0.449s] Level 1:colcon.colcon_core.package_discovery:discover_packages(recursive) check parameters
[0.449s] Level 1:colcon.colcon_core.package_discovery:discover_packages(ignore) check parameters
[0.449s] Level 1:colcon.colcon_core.package_discovery:discover_packages(path) check parameters
[0.449s] Level 1:colcon.colcon_core.package_discovery:discover_packages(recursive) discover
[0.449s] INFO:colcon.colcon_core.package_discovery:Crawling recursively for packages in '~/dev_ws'
[0.449s] Level 1:colcon.colcon_core.package_identification:_identify(~/dev_ws) by extensions ['ignore', 'ignore_ament_install']
[0.449s] Level 1:colcon.colcon_core.package_identification:_identify(~/dev_ws) by extension 'ignore'
[0.449s] Level 1:colcon.colcon_core.package_identification:_identify(~/dev_ws) by extension 'ignore_ament_install'
[0.450s] Level 1:colcon.colcon_core.package_identification:_identify(~/dev_ws) by extensions ['colcon_pkg']
[0.450s] Level 1:colcon.colcon_core.package_identification:_identify(~/dev_ws) by extension 'colcon_pkg'
[0.450s] Level 1:colcon.colcon_core.package_identification:_identify(~/dev_ws) by extensions ['colcon_meta']
[0.450s] Level 1:colcon.colcon_core.package_identification:_identify(~/dev_ws) by extension 'colcon_meta'
[0.450s] Level 1:colcon.colcon_core.package_identification:_identify(~/dev_ws) by extensions ['ros']
[0.450s] Level 1:colcon.colcon_core.package_identification:_identify(~/dev_ws) by extension 'ros'
[0.468s] Level 1:colcon.colcon_core.package_identification:_identify(~/dev_ws) by extensions ['cmake', 'python']
[0.468s] Level 1:colcon.colcon_core.package_identification:_identify(~/dev_ws) by extension 'cmake'
[0.468s] Level 1:colcon.colcon_core.package_identification:_identify(~/dev_ws) by extension 'python'
[0.469s] Level 1:colcon.colcon_core.package_identification:_identify(~/dev_ws) by extensions ['python_setup_py']
[0.469s] Level 1:colcon.colcon_core.package_identification:_identify(~/dev_ws) by extension 'python_setup_py'
[0.469s] Level 1:colcon.colcon_core.package_identification:_identify(~/dev_ws/build) by extensions ['ignore', 'ignore_ament_install']
[0.469s] Level 1:colcon.colcon_core.package_identification:_identify(~/dev_ws/build) by extension 'ignore'
[0.469s] Level 1:colcon.colcon_core.package_identification:_identify(~/dev_ws/build) ignored
[0.469s] Level 1:colcon.colcon_core.package_identification:_identify(~/dev_ws/install) by extensions ['ignore', 'ignore_ament_install']
[0.469s] Level 1:colcon.colcon_core.package_identification:_identify(~/dev_ws/install) by extension 'ignore'
[0.469s] Level 1:colcon.colcon_core.package_identification:_identify(~/dev_ws/install) ignored
[0.470s] Level 1:colcon.colcon_core.package_identification:_identify(~/dev_ws/log) by extensions ['ignore', 'ignore_ament_install']
[0.470s] Level 1:colcon.colcon_core.package_identification:_identify(~/dev_ws/log) by extension 'ignore'
[0.470s] Level 1:colcon.colcon_core.package_identification:_identify(~/dev_ws/log) ignored
[0.470s] Level 1:colcon.colcon_core.package_identification:_identify(~/dev_ws/src) by extensions ['ignore', 'ignore_ament_install']
[0.470s] Level 1:colcon.colcon_core.package_identification:_identify(~/dev_ws/src) by extension 'ignore'
[0.470s] Level 1:colcon.colcon_core.package_identification:_identify(~/dev_ws/src) by extension 'ignore_ament_install'
[0.470s] Level 1:colcon.colcon_core.package_identification:_identify(~/dev_ws/src) by extensions ['colcon_pkg']
[0.470s] Level 1:colcon.colcon_core.package_identification:_identify(~/dev_ws/src) by extension 'colcon_pkg'
[0.470s] Level 1:colcon.colcon_core.package_identification:_identify(~/dev_ws/src) by extensions ['colcon_meta']
[0.470s] Level 1:colcon.colcon_core.package_identification:_identify(~/dev_ws/src) by extension 'colcon_meta'
[0.471s] Level 1:colcon.colcon_core.package_identification:_identify(~/dev_ws/src) by extensions ['ros']
[0.471s] Level 1:colcon.colcon_core.package_identification:_identify(~/dev_ws/src) by extension 'ros'
[0.471s] Level 1:colcon.colcon_core.package_identification:_identify(~/dev_ws/src) by extensions ['cmake', 'python']
[0.471s] Level 1:colcon.colcon_core.package_identification:_identify(~/dev_ws/src) by extension 'cmake'
[0.471s] Level 1:colcon.colcon_core.package_identification:_identify(~/dev_ws/src) by extension 'python'
[0.471s] Level 1:colcon.colcon_core.package_identification:_identify(~/dev_ws/src) by extensions ['python_setup_py']
[0.471s] Level 1:colcon.colcon_core.package_identification:_identify(~/dev_ws/src) by extension 'python_setup_py'
[0.471s] Level 1:colcon.colcon_core.package_identification:_identify(~/dev_ws/src/articubot_one) by extensions ['ignore', 'ignore_ament_install']
[0.471s] Level 1:colcon.colcon_core.package_identification:_identify(~/dev_ws/src/articubot_one) by extension 'ignore'
[0.471s] Level 1:colcon.colcon_core.package_identification:_identify(~/dev_ws/src/articubot_one) by extension 'ignore_ament_install'
[0.471s] Level 1:colcon.colcon_core.package_identification:_identify(~/dev_ws/src/articubot_one) by extensions ['colcon_pkg']
[0.471s] Level 1:colcon.colcon_core.package_identification:_identify(~/dev_ws/src/articubot_one) by extension 'colcon_pkg'
[0.471s] Level 1:colcon.colcon_core.package_identification:_identify(~/dev_ws/src/articubot_one) by extensions ['colcon_meta']
[0.471s] Level 1:colcon.colcon_core.package_identification:_identify(~/dev_ws/src/articubot_one) by extension 'colcon_meta'
[0.471s] Level 1:colcon.colcon_core.package_identification:_identify(~/dev_ws/src/articubot_one) by extensions ['ros']
[0.472s] Level 1:colcon.colcon_core.package_identification:_identify(~/dev_ws/src/articubot_one) by extension 'ros'
[0.476s] DEBUG:colcon.colcon_core.package_identification:Package '~/dev_ws/src/articubot_one' with type 'ros.ament_cmake' and name 'articubot_one'
[0.476s] Level 1:colcon.colcon_core.package_identification:_identify(~/dev_ws/src/build) by extensions ['ignore', 'ignore_ament_install']
[0.477s] Level 1:colcon.colcon_core.package_identification:_identify(~/dev_ws/src/build) by extension 'ignore'
[0.477s] Level 1:colcon.colcon_core.package_identification:_identify(~/dev_ws/src/build) ignored
[0.477s] Level 1:colcon.colcon_core.package_identification:_identify(~/dev_ws/src/install) by extensions ['ignore', 'ignore_ament_install']
[0.477s] Level 1:colcon.colcon_core.package_identification:_identify(~/dev_ws/src/install) by extension 'ignore'
[0.477s] Level 1:colcon.colcon_core.package_identification:_identify(~/dev_ws/src/install) ignored
[0.477s] Level 1:colcon.colcon_core.package_identification:_identify(~/dev_ws/src/log) by extensions ['ignore', 'ignore_ament_install']
[0.477s] Level 1:colcon.colcon_core.package_identification:_identify(~/dev_ws/src/log) by extension 'ignore'
[0.477s] Level 1:colcon.colcon_core.package_identification:_identify(~/dev_ws/src/log) ignored
[0.478s] Level 1:colcon.colcon_core.package_identification:_identify(~/dev_ws/src/urg_node2) by extensions ['ignore', 'ignore_ament_install']
[0.478s] Level 1:colcon.colcon_core.package_identification:_identify(~/dev_ws/src/urg_node2) by extension 'ignore'
[0.478s] Level 1:colcon.colcon_core.package_identification:_identify(~/dev_ws/src/urg_node2) by extension 'ignore_ament_install'
[0.478s] Level 1:colcon.colcon_core.package_identification:_identify(~/dev_ws/src/urg_node2) by extensions ['colcon_pkg']
[0.478s] Level 1:colcon.colcon_core.package_identification:_identify(~/dev_ws/src/urg_node2) by extension 'colcon_pkg'
[0.478s] Level 1:colcon.colcon_core.package_identification:_identify(~/dev_ws/src/urg_node2) by extensions ['colcon_meta']
[0.478s] Level 1:colcon.colcon_core.package_identification:_identify(~/dev_ws/src/urg_node2) by extension 'colcon_meta'
[0.478s] Level 1:colcon.colcon_core.package_identification:_identify(~/dev_ws/src/urg_node2) by extensions ['ros']
[0.478s] Level 1:colcon.colcon_core.package_identification:_identify(~/dev_ws/src/urg_node2) by extension 'ros'
[0.479s] DEBUG:colcon.colcon_core.package_identification:Package '~/dev_ws/src/urg_node2' with type 'ros.ament_cmake' and name 'urg_node2'
[0.479s] Level 1:colcon.colcon_core.package_discovery:discover_packages(recursive) using defaults
