[0.011s] Invoking command in '~/dev_ws/build/urg_node2': CMAKE_PREFIX_PATH=~/dev_ws/install/urg_node2:~/dev_ws/install/articubot_one:/opt/ros/humble:~/catkin_ws/devel /usr/bin/cmake --build ~/dev_ws/build/urg_node2 -- -j16 -l16
[0.075s] [35m[1mConsolidate compiler generated dependencies of target gtest_main[0m
[0.075s] [35m[1mConsolidate compiler generated dependencies of target gtest[0m
[0.075s] [35m[1mConsolidate compiler generated dependencies of target urg_node2_node[0m
[0.077s] [35m[1mConsolidate compiler generated dependencies of target urg_c[0m
[0.083s] [ 10%] Built target gtest_main
[0.084s] [ 20%] Built target gtest
[0.085s] [ 30%] Built target urg_node2_node
[0.085s] [ 75%] Built target urg_c
[0.093s] [35m[1mConsolidate compiler generated dependencies of target urg_node2_test[0m
[0.093s] [35m[1mConsolidate compiler generated dependencies of target urg_node2[0m
[0.105s] [ 85%] Built target urg_node2
[0.106s] [100%] Built target urg_node2_test
[0.112s] Invoked command in '~/dev_ws/build/urg_node2' returned '0': CMAKE_PREFIX_PATH=~/dev_ws/install/urg_node2:~/dev_ws/install/articubot_one:/opt/ros/humble:~/catkin_ws/devel /usr/bin/cmake --build ~/dev_ws/build/urg_node2 -- -j16 -l16
[0.146s] Invoking command in '~/dev_ws/build/urg_node2': CMAKE_PREFIX_PATH=~/dev_ws/install/urg_node2:~/dev_ws/install/articubot_one:/opt/ros/humble:~/catkin_ws/devel /usr/bin/cmake --install ~/dev_ws/build/urg_node2
[0.150s] -- Install configuration: ""
[0.150s] -- Execute custom install script
[0.151s] -- Up-to-date symlink: ~/dev_ws/install/urg_node2/lib/urg_node2/urg_node2_node
[0.151s] -- Up-to-date symlink: ~/dev_ws/install/urg_node2/lib/liburg_node2.so
[0.151s] -- Up-to-date symlink: ~/dev_ws/install/urg_node2/lib/liburg_c.so
[0.151s] -- Up-to-date symlink: ~/dev_ws/install/urg_node2/share/urg_node2/launch/urg_node2.launch.py
[0.151s] -- Up-to-date symlink: ~/dev_ws/install/urg_node2/share/urg_node2/launch/urg_node2_2lidar.launch.py
[0.151s] -- Up-to-date symlink: ~/dev_ws/install/urg_node2/share/urg_node2/launch/urg_node2_component.launch.py
[0.151s] -- Up-to-date symlink: ~/dev_ws/install/urg_node2/share/urg_node2/config/params_ether.yaml
[0.151s] -- Up-to-date symlink: ~/dev_ws/install/urg_node2/share/urg_node2/config/params_ether_2nd.yaml
[0.151s] -- Up-to-date symlink: ~/dev_ws/install/urg_node2/share/urg_node2/config/params_serial.yaml
[0.152s] -- Up-to-date symlink: ~/dev_ws/install/urg_node2/share/ament_index/resource_index/package_run_dependencies/urg_node2
[0.152s] -- Up-to-date symlink: ~/dev_ws/install/urg_node2/share/ament_index/resource_index/parent_prefix_path/urg_node2
[0.152s] -- Up-to-date symlink: ~/dev_ws/install/urg_node2/share/urg_node2/environment/ament_prefix_path.sh
[0.152s] -- Up-to-date symlink: ~/dev_ws/install/urg_node2/share/urg_node2/environment/ament_prefix_path.dsv
[0.152s] -- Up-to-date symlink: ~/dev_ws/install/urg_node2/share/urg_node2/environment/path.sh
[0.152s] -- Up-to-date symlink: ~/dev_ws/install/urg_node2/share/urg_node2/environment/path.dsv
[0.152s] -- Up-to-date symlink: ~/dev_ws/install/urg_node2/share/urg_node2/local_setup.bash
[0.152s] -- Up-to-date symlink: ~/dev_ws/install/urg_node2/share/urg_node2/local_setup.sh
[0.152s] -- Up-to-date symlink: ~/dev_ws/install/urg_node2/share/urg_node2/local_setup.zsh
[0.153s] -- Up-to-date symlink: ~/dev_ws/install/urg_node2/share/urg_node2/local_setup.dsv
[0.153s] -- Symlinking: ~/dev_ws/install/urg_node2/share/urg_node2/package.dsv
[0.158s] -- Up-to-date symlink: ~/dev_ws/install/urg_node2/share/ament_index/resource_index/packages/urg_node2
[0.158s] -- Up-to-date symlink: ~/dev_ws/install/urg_node2/share/ament_index/resource_index/rclcpp_components/urg_node2
[0.158s] -- Up-to-date symlink: ~/dev_ws/install/urg_node2/share/urg_node2/cmake/urg_node2Config.cmake
[0.158s] -- Up-to-date symlink: ~/dev_ws/install/urg_node2/share/urg_node2/cmake/urg_node2Config-version.cmake
[0.158s] -- Up-to-date symlink: ~/dev_ws/install/urg_node2/share/urg_node2/package.xml
[0.161s] Invoked command in '~/dev_ws/build/urg_node2' returned '0': CMAKE_PREFIX_PATH=~/dev_ws/install/urg_node2:~/dev_ws/install/articubot_one:/opt/ros/humble:~/catkin_ws/devel /usr/bin/cmake --install ~/dev_ws/build/urg_node2
