/usr/lib/python3/dist-packages/setuptools/dist.py:723: UserWarning: Usage of dash-separated 'script-dir' will not be supported in future versions. Please use the underscore name 'script_dir' instead
  warnings.warn(
running develop
/usr/lib/python3/dist-packages/setuptools/command/easy_install.py:158: EasyInstallDeprecationWarning: easy_install command is deprecated. Use build and pip and other standards-based tools.
  warnings.warn(
/usr/lib/python3/dist-packages/setuptools/command/install.py:34: SetuptoolsDeprecationWarning: setup.py install is deprecated. Use build and pip and other standards-based tools.
  warnings.warn(
/usr/lib/python3/dist-packages/pkg_resources/__init__.py:116: PkgResourcesDeprecationWarning: 1.16.0-unknown is an invalid version and will not be supported in a future release
  warnings.warn(
/usr/lib/python3/dist-packages/pkg_resources/__init__.py:116: PkgResourcesDeprecationWarning: 0.1.43ubuntu1 is an invalid version and will not be supported in a future release
  warnings.warn(
/usr/lib/python3/dist-packages/pkg_resources/__init__.py:116: PkgResourcesDeprecationWarning: 1.1build1 is an invalid version and will not be supported in a future release
  warnings.warn(
running egg_info
creating serial_motor_demo.egg-info
writing serial_motor_demo.egg-info/PKG-INFO
writing dependency_links to serial_motor_demo.egg-info/dependency_links.txt
writing entry points to serial_motor_demo.egg-info/entry_points.txt
writing requirements to serial_motor_demo.egg-info/requires.txt
writing top-level names to serial_motor_demo.egg-info/top_level.txt
writing manifest file 'serial_motor_demo.egg-info/SOURCES.txt'
reading manifest file 'serial_motor_demo.egg-info/SOURCES.txt'
writing manifest file 'serial_motor_demo.egg-info/SOURCES.txt'
running build_ext
Creating /home/aurelien/dev_ws/install/serial_motor_demo/lib/python3.10/site-packages/serial-motor-demo.egg-link (link to .)
Installing driver script to /home/aurelien/dev_ws/install/serial_motor_demo/lib/serial_motor_demo
Installing gui script to /home/aurelien/dev_ws/install/serial_motor_demo/lib/serial_motor_demo

Installed /home/aurelien/dev_ws/build/serial_motor_demo
running install_data
creating /home/aurelien/dev_ws/install/serial_motor_demo/share/ament_index
creating /home/aurelien/dev_ws/install/serial_motor_demo/share/ament_index/resource_index
creating /home/aurelien/dev_ws/install/serial_motor_demo/share/ament_index/resource_index/packages
copying resource/serial_motor_demo -> /home/aurelien/dev_ws/install/serial_motor_demo/share/ament_index/resource_index/packages
copying package.xml -> /home/aurelien/dev_ws/install/serial_motor_demo/share/serial_motor_demo
